<!DOCTYPE HTML PUBLIC "-//W3C//DTD HTML 4.01 Transitional//EN">
<HTML>
 <HEAD>
   <TITLE> [Canorus-user] Build error
   </TITLE>
   <LINK REL="Index" HREF="http://lists.berlios.de/pipermail/canorus-user/2009-May/index.html" >
   <LINK REL="made" HREF="mailto:canorus-user%40lists.berlios.de?Subject=Re%3A%20%5BCanorus-user%5D%20Build%20error&In-Reply-To=%3C4A1282BA.3030000%40gmail.com%3E">
   <META NAME="robots" CONTENT="index,nofollow">
   <style type="text/css">
       pre {
           white-space: pre-wrap;       /* css-2.1, curent FF, Opera, Safari */
           }
   </style>
   <META http-equiv="Content-Type" content="text/html; charset=us-ascii">
   <LINK REL="Previous"  HREF="000247.html">
   <LINK REL="Next"  HREF="000249.html">
 </HEAD>
 <BODY BGCOLOR="#ffffff">
   <H1>[Canorus-user] Build error</H1>
    <B>Matev&#382; Jekovec</B> 
    <A HREF="mailto:canorus-user%40lists.berlios.de?Subject=Re%3A%20%5BCanorus-user%5D%20Build%20error&In-Reply-To=%3C4A1282BA.3030000%40gmail.com%3E"
       TITLE="[Canorus-user] Build error">matevz.jekovec at gmail.com
       </A><BR>
    <I>Tue May 19 11:58:18 CEST 2009</I>
    <P><UL>
        <LI>Previous message: <A HREF="000247.html">[Canorus-user] Build error
</A></li>
        <LI>Next message: <A HREF="000249.html">[Canorus-user] canorusNightly/source snaphots
</A></li>
         <LI> <B>Messages sorted by:</B> 
              <a href="date.html#248">[ date ]</a>
              <a href="thread.html#248">[ thread ]</a>
              <a href="subject.html#248">[ subject ]</a>
              <a href="author.html#248">[ author ]</a>
         </LI>
       </UL>
    <HR>  
<!--beginarticle-->
<PRE>Fixed in R1069. Please test!

Regards.
-Matev&#382;

Martin Tarenskeen pravi:
&gt;<i> I'm trying to build canorus-0.7svn-R1067 but compilation fails with the 
</I>&gt;<i> following messages (I had no problems compiling R1065) :
</I>&gt;<i>
</I>&gt;<i> [  1%] Swig source
</I>&gt;<i> [  1%] Building CXX object src/CMakeFiles/_CanorusPython.dir/scripting/canoruspythonPYTHON_wrap.cxx.o
</I>&gt;<i> [  2%] Building CXX object src/CMakeFiles/_CanorusPython.dir/control/mainwinprogressctl.cpp.o
</I>&gt;<i> In file included from /home/m.tarenskeen/rpmbuild/SOURCES/canorus-0.7svn.R1067/src/control/mainwinprogressctl.cpp:10:
</I>&gt;<i> /home/m.tarenskeen/rpmbuild/SOURCES/canorus-0.7svn.R1067/src/ui/mainwin.h:17:24: error: ui_mainwin.h: No such file or directory
</I>&gt;<i> In file included from /home/m.tarenskeen/rpmbuild/SOURCES/canorus-0.7svn.R1067/src/control/mainwinprogressctl.cpp:10:
</I>&gt;<i> /home/m.tarenskeen/rpmbuild/SOURCES/canorus-0.7svn.R1067/src/ui/mainwin.h:61: error: expected class-name before ',' token
</I>&gt;<i> /home/m.tarenskeen/rpmbuild/SOURCES/canorus-0.7svn.R1067/src/ui/mainwin.h:61: error: 'Ui' has not been declared
</I>&gt;<i> /home/m.tarenskeen/rpmbuild/SOURCES/canorus-0.7svn.R1067/src/ui/mainwin.h:61: error: expected `{' before 'uiMainWindow'
</I>&gt;<i> /home/m.tarenskeen/rpmbuild/SOURCES/canorus-0.7svn.R1067/src/ui/mainwin.h:61: error: function definition does not declare parameters
</I>&gt;<i> /home/m.tarenskeen/rpmbuild/SOURCES/canorus-0.7svn.R1067/src/control/mainwinprogressctl.cpp: In member function 'void CAMainWinProgressCtl::restoreStatusBar()':
</I>&gt;<i> /home/m.tarenskeen/rpmbuild/SOURCES/canorus-0.7svn.R1067/src/control/mainwinprogressctl.cpp:48: error: invalid use of incomplete type 'class CAMainWin'
</I>&gt;<i> /home/m.tarenskeen/rpmbuild/SOURCES/canorus-0.7svn.R1067/src/control/mainwinprogressctl.h:13: error: forward declaration of 'class CAMainWin'
</I>&gt;<i> /home/m.tarenskeen/rpmbuild/SOURCES/canorus-0.7svn.R1067/src/control/mainwinprogressctl.cpp: In member function 'void CAMainWinProgressCtl::startProgress(CAFile*)':
</I>&gt;<i> /home/m.tarenskeen/rpmbuild/SOURCES/canorus-0.7svn.R1067/src/control/mainwinprogressctl.cpp:55: error: invalid use of incomplete type 'class CAMainWin'
</I>&gt;<i> /home/m.tarenskeen/rpmbuild/SOURCES/canorus-0.7svn.R1067/src/control/mainwinprogressctl.h:13: error: forward declaration of 'class CAMainWin'
</I>&gt;<i> /home/m.tarenskeen/rpmbuild/SOURCES/canorus-0.7svn.R1067/src/control/mainwinprogressctl.cpp:55: error: incomplete type 'CAMainWin' used in nested name specifier
</I>&gt;<i> /home/m.tarenskeen/rpmbuild/SOURCES/canorus-0.7svn.R1067/src/control/mainwinprogressctl.cpp:67: error: no matching function for call to 'CAProgressStatusBar::CAProgressStatusBar(CAMainWin*&amp;)'
</I>&gt;<i> /home/m.tarenskeen/rpmbuild/SOURCES/canorus-0.7svn.R1067/src/widgets/progressstatusbar.h:21: note: candidates are: CAProgressStatusBar::CAProgressStatusBar(QWidget*)
</I>&gt;<i> /home/m.tarenskeen/rpmbuild/SOURCES/canorus-0.7svn.R1067/src/widgets/progressstatusbar.h:17: note:                 CAProgressStatusBar::CAProgressStatusBar(const CAProgressStatusBar&amp;)
</I>&gt;<i> /home/m.tarenskeen/rpmbuild/SOURCES/canorus-0.7svn.R1067/src/control/mainwinprogressctl.cpp:68: error: invalid use of incomplete type 'class CAMainWin'
</I>&gt;<i> /home/m.tarenskeen/rpmbuild/SOURCES/canorus-0.7svn.R1067/src/control/mainwinprogressctl.h:13: error: forward declaration of 'class CAMainWin'
</I>&gt;<i> make[2]: *** [src/CMakeFiles/_CanorusPython.dir/control/mainwinprogressctl.cpp.o] Error 1
</I>&gt;<i> make[1]: *** [src/CMakeFiles/_CanorusPython.dir/all] Error 2
</I>&gt;<i> make: *** [all] Error 2
</I>&gt;<i>
</I>&gt;<i>   
</I>

</PRE>

<!--endarticle-->
    <HR>
    <P><UL>
        <!--threads-->
	<LI>Previous message: <A HREF="000247.html">[Canorus-user] Build error
</A></li>
	<LI>Next message: <A HREF="000249.html">[Canorus-user] canorusNightly/source snaphots
</A></li>
         <LI> <B>Messages sorted by:</B> 
              <a href="date.html#248">[ date ]</a>
              <a href="thread.html#248">[ thread ]</a>
              <a href="subject.html#248">[ subject ]</a>
              <a href="author.html#248">[ author ]</a>
         </LI>
       </UL>

<hr>
<a href="https://lists.berlios.de/mailman/listinfo/canorus-user">More information about the Canorus-user
mailing list</a><br>
</body></html>
