<!DOCTYPE HTML PUBLIC "-//W3C//DTD HTML 4.01 Transitional//EN">
<HTML>
 <HEAD>
   <TITLE> [Canorus-user] canorus build problem
   </TITLE>
   <LINK REL="Index" HREF="http://lists.berlios.de/pipermail/canorus-user/2009-June/index.html" >
   <LINK REL="made" HREF="mailto:canorus-user%40lists.berlios.de?Subject=Re%3A%20%5BCanorus-user%5D%20canorus%20build%20problem&In-Reply-To=%3C20090602222435.GA9308%40zonnet.nl%3E">
   <META NAME="robots" CONTENT="index,nofollow">
   <style type="text/css">
       pre {
           white-space: pre-wrap;       /* css-2.1, curent FF, Opera, Safari */
           }
   </style>
   <META http-equiv="Content-Type" content="text/html; charset=us-ascii">
   <LINK REL="Previous"  HREF="000254.html">
   <LINK REL="Next"  HREF="000258.html">
 </HEAD>
 <BODY BGCOLOR="#ffffff">
   <H1>[Canorus-user] canorus build problem</H1>
    <B>Martin Tarenskeen</B> 
    <A HREF="mailto:canorus-user%40lists.berlios.de?Subject=Re%3A%20%5BCanorus-user%5D%20canorus%20build%20problem&In-Reply-To=%3C20090602222435.GA9308%40zonnet.nl%3E"
       TITLE="[Canorus-user] canorus build problem">m.tarenskeen at zonnet.nl
       </A><BR>
    <I>Wed Jun  3 00:24:35 CEST 2009</I>
    <P><UL>
        <LI>Previous message: <A HREF="000254.html">[Canorus-user] canorus build problem
</A></li>
        <LI>Next message: <A HREF="000258.html">[Canorus-user] canorus build problem
</A></li>
         <LI> <B>Messages sorted by:</B> 
              <a href="date.html#256">[ date ]</a>
              <a href="thread.html#256">[ thread ]</a>
              <a href="subject.html#256">[ subject ]</a>
              <a href="author.html#256">[ author ]</a>
         </LI>
       </UL>
    <HR>  
<!--beginarticle-->
<PRE>
On Tue, Jun 02, 2009 at 09:51:35AM +0200, Matev?? Jekovec wrote:
&gt;<i> Can you remove CMakeCache.txt and rerun cmake . and send us what you get.
</I>&gt;<i> 
</I>&gt;<i> Then do
</I>&gt;<i>  $ make clean
</I>&gt;<i> and
</I>&gt;<i>  $ VERBOSE=1 make
</I>&gt;<i> and send the result.
</I>&gt;<i> 
</I>
Hi,

I'm getting differnt results with R1091 and R1093, but both fail to 
compile.

I have attached results for both versions. I hope it helps finding the 
problem.

-- 

Martin

-------------- next part --------------
-- The C compiler identification is GNU
-- The CXX compiler identification is GNU
-- Check for working C compiler: /usr/lib/ccache/gcc
-- Check for working C compiler: /usr/lib/ccache/gcc -- works
-- Detecting C compiler ABI info
-- Detecting C compiler ABI info - done
-- Check for working CXX compiler: /usr/lib/ccache/c++
-- Check for working CXX compiler: /usr/lib/ccache/c++ -- works
-- Detecting CXX compiler ABI info
-- Detecting CXX compiler ABI info - done
-- Looking for Q_WS_X11
-- Looking for Q_WS_X11 - found
-- Looking for Q_WS_WIN
-- Looking for Q_WS_WIN - not found.
-- Looking for Q_WS_QWS
-- Looking for Q_WS_QWS - not found.
-- Looking for Q_WS_MAC
-- Looking for Q_WS_MAC - not found.
-- Found Qt-Version 4.5.1
-- Found OpenSSL: /usr/lib/libssl.so
-- Looking for _POSIX_TIMERS
-- Looking for _POSIX_TIMERS - found
SWIG found, using scripting extensions.
Ruby Library and Development files *not* found. Ruby extensions disabled!
-- Found PythonLibs: /usr/lib/python2.5/config/libpython2.5.so
Python Library and Development files found. Python extensions enabled.
-- Looking for openpty in util
-- Looking for openpty in util - found
-- Configuring done
-- Generating done
-- Build files have been written to: /home/m.tarenskeen/rpmbuild/SOURCES/canorus-0.7svn.R1091
-------------- next part --------------
/usr/bin/cmake -H/home/m.tarenskeen/rpmbuild/SOURCES/canorus-0.7svn.R1091 -B/home/m.tarenskeen/rpmbuild/SOURCES/canorus-0.7svn.R1091 --check-build-system CMakeFiles/Makefile.cmake 0
/usr/bin/cmake -E cmake_progress_start /home/m.tarenskeen/rpmbuild/SOURCES/canorus-0.7svn.R1091/CMakeFiles /home/m.tarenskeen/rpmbuild/SOURCES/canorus-0.7svn.R1091/CMakeFiles/progress.make
make -f CMakeFiles/Makefile2 all
make[1]: Entering directory `/home/m.tarenskeen/rpmbuild/SOURCES/canorus-0.7svn.R1091'
make -f src/CMakeFiles/_CanorusPython.dir/build.make src/CMakeFiles/_CanorusPython.dir/depend
make[2]: Entering directory `/home/m.tarenskeen/rpmbuild/SOURCES/canorus-0.7svn.R1091'
/usr/bin/cmake -E cmake_progress_report /home/m.tarenskeen/rpmbuild/SOURCES/canorus-0.7svn.R1091/CMakeFiles 
[  0%] Generating interface/moc_pluginaction.cxx
cd /home/m.tarenskeen/rpmbuild/SOURCES/canorus-0.7svn.R1091/src &amp;&amp; /usr/lib/qt4/bin/moc-qt4 -I/home/m.tarenskeen/rpmbuild/SOURCES/canorus-0.7svn.R1091/src -I/home/m.tarenskeen/rpmbuild/SOURCES/canorus-0.7svn.R1091/src/zlib -o /home/m.tarenskeen/rpmbuild/SOURCES/canorus-0.7svn.R1091/src/interface/moc_pluginaction.cxx /home/m.tarenskeen/rpmbuild/SOURCES/canorus-0.7svn.R1091/src/interface/pluginaction.h
/usr/bin/cmake -E cmake_progress_report /home/m.tarenskeen/rpmbuild/SOURCES/canorus-0.7svn.R1091/CMakeFiles 29
[  1%] Swig source
cd /home/m.tarenskeen/rpmbuild/SOURCES/canorus-0.7svn.R1091/src &amp;&amp; /usr/bin/swig -python -outdir /home/m.tarenskeen/rpmbuild/SOURCES/canorus-0.7svn.R1091/src -c++ -I/home/m.tarenskeen/rpmbuild/SOURCES/canorus-0.7svn.R1091/src -I/home/m.tarenskeen/rpmbuild/SOURCES/canorus-0.7svn.R1091/src/zlib -I/usr/include -I/usr/include/QtSvg -I/usr/include/QtHelp -I/usr/include/QtWebKit -I/usr/include/QtGui -I/usr/include/QtXml -I/usr/include/QtCore -I/usr/include/python2.5 -o /home/m.tarenskeen/rpmbuild/SOURCES/canorus-0.7svn.R1091/src//scripting/canoruspythonPYTHON_wrap.cxx /home/m.tarenskeen/rpmbuild/SOURCES/canorus-0.7svn.R1091/src/scripting/canoruspython.i
/usr/bin/cmake -E cmake_progress_report /home/m.tarenskeen/rpmbuild/SOURCES/canorus-0.7svn.R1091/CMakeFiles 
[  1%] Generating import/moc_import.cxx
cd /home/m.tarenskeen/rpmbuild/SOURCES/canorus-0.7svn.R1091/src &amp;&amp; /usr/lib/qt4/bin/moc-qt4 -I/home/m.tarenskeen/rpmbuild/SOURCES/canorus-0.7svn.R1091/src -I/home/m.tarenskeen/rpmbuild/SOURCES/canorus-0.7svn.R1091/src/zlib -o /home/m.tarenskeen/rpmbuild/SOURCES/canorus-0.7svn.R1091/src/import/moc_import.cxx /home/m.tarenskeen/rpmbuild/SOURCES/canorus-0.7svn.R1091/src/import/import.h
/usr/bin/cmake -E cmake_progress_report /home/m.tarenskeen/rpmbuild/SOURCES/canorus-0.7svn.R1091/CMakeFiles 
[  1%] Generating export/moc_export.cxx
cd /home/m.tarenskeen/rpmbuild/SOURCES/canorus-0.7svn.R1091/src &amp;&amp; /usr/lib/qt4/bin/moc-qt4 -I/home/m.tarenskeen/rpmbuild/SOURCES/canorus-0.7svn.R1091/src -I/home/m.tarenskeen/rpmbuild/SOURCES/canorus-0.7svn.R1091/src/zlib -o /home/m.tarenskeen/rpmbuild/SOURCES/canorus-0.7svn.R1091/src/export/moc_export.cxx /home/m.tarenskeen/rpmbuild/SOURCES/canorus-0.7svn.R1091/src/export/export.h
/usr/bin/cmake -E cmake_progress_report /home/m.tarenskeen/rpmbuild/SOURCES/canorus-0.7svn.R1091/CMakeFiles 30
[  2%] Generating export/moc_pdfexport.cxx
cd /home/m.tarenskeen/rpmbuild/SOURCES/canorus-0.7svn.R1091/src &amp;&amp; /usr/lib/qt4/bin/moc-qt4 -I/home/m.tarenskeen/rpmbuild/SOURCES/canorus-0.7svn.R1091/src -I/home/m.tarenskeen/rpmbuild/SOURCES/canorus-0.7svn.R1091/src/zlib -o /home/m.tarenskeen/rpmbuild/SOURCES/canorus-0.7svn.R1091/src/export/moc_pdfexport.cxx /home/m.tarenskeen/rpmbuild/SOURCES/canorus-0.7svn.R1091/src/export/pdfexport.h
/usr/bin/cmake -E cmake_progress_report /home/m.tarenskeen/rpmbuild/SOURCES/canorus-0.7svn.R1091/CMakeFiles 
[  2%] Generating export/moc_svgexport.cxx
cd /home/m.tarenskeen/rpmbuild/SOURCES/canorus-0.7svn.R1091/src &amp;&amp; /usr/lib/qt4/bin/moc-qt4 -I/home/m.tarenskeen/rpmbuild/SOURCES/canorus-0.7svn.R1091/src -I/home/m.tarenskeen/rpmbuild/SOURCES/canorus-0.7svn.R1091/src/zlib -o /home/m.tarenskeen/rpmbuild/SOURCES/canorus-0.7svn.R1091/src/export/moc_svgexport.cxx /home/m.tarenskeen/rpmbuild/SOURCES/canorus-0.7svn.R1091/src/export/svgexport.h
/usr/bin/cmake -E cmake_progress_report /home/m.tarenskeen/rpmbuild/SOURCES/canorus-0.7svn.R1091/CMakeFiles 
[  2%] Generating control/moc_externprogram.cxx
cd /home/m.tarenskeen/rpmbuild/SOURCES/canorus-0.7svn.R1091/src &amp;&amp; /usr/lib/qt4/bin/moc-qt4 -I/home/m.tarenskeen/rpmbuild/SOURCES/canorus-0.7svn.R1091/src -I/home/m.tarenskeen/rpmbuild/SOURCES/canorus-0.7svn.R1091/src/zlib -o /home/m.tarenskeen/rpmbuild/SOURCES/canorus-0.7svn.R1091/src/control/moc_externprogram.cxx /home/m.tarenskeen/rpmbuild/SOURCES/canorus-0.7svn.R1091/src/control/externprogram.h
/usr/bin/cmake -E cmake_progress_report /home/m.tarenskeen/rpmbuild/SOURCES/canorus-0.7svn.R1091/CMakeFiles 31
[  3%] Generating control/moc_typesetctl.cxx
cd /home/m.tarenskeen/rpmbuild/SOURCES/canorus-0.7svn.R1091/src &amp;&amp; /usr/lib/qt4/bin/moc-qt4 -I/home/m.tarenskeen/rpmbuild/SOURCES/canorus-0.7svn.R1091/src -I/home/m.tarenskeen/rpmbuild/SOURCES/canorus-0.7svn.R1091/src/zlib -o /home/m.tarenskeen/rpmbuild/SOURCES/canorus-0.7svn.R1091/src/control/moc_typesetctl.cxx /home/m.tarenskeen/rpmbuild/SOURCES/canorus-0.7svn.R1091/src/control/typesetctl.h
/usr/bin/cmake -E cmake_progress_report /home/m.tarenskeen/rpmbuild/SOURCES/canorus-0.7svn.R1091/CMakeFiles 
[  3%] Generating interface/moc_mididevice.cxx
cd /home/m.tarenskeen/rpmbuild/SOURCES/canorus-0.7svn.R1091/src &amp;&amp; /usr/lib/qt4/bin/moc-qt4 -I/home/m.tarenskeen/rpmbuild/SOURCES/canorus-0.7svn.R1091/src -I/home/m.tarenskeen/rpmbuild/SOURCES/canorus-0.7svn.R1091/src/zlib -o /home/m.tarenskeen/rpmbuild/SOURCES/canorus-0.7svn.R1091/src/interface/moc_mididevice.cxx /home/m.tarenskeen/rpmbuild/SOURCES/canorus-0.7svn.R1091/src/interface/mididevice.h
/usr/bin/cmake -E cmake_progress_report /home/m.tarenskeen/rpmbuild/SOURCES/canorus-0.7svn.R1091/CMakeFiles 
[  3%] Generating interface/moc_playback.cxx
cd /home/m.tarenskeen/rpmbuild/SOURCES/canorus-0.7svn.R1091/src &amp;&amp; /usr/lib/qt4/bin/moc-qt4 -I/home/m.tarenskeen/rpmbuild/SOURCES/canorus-0.7svn.R1091/src -I/home/m.tarenskeen/rpmbuild/SOURCES/canorus-0.7svn.R1091/src/zlib -o /home/m.tarenskeen/rpmbuild/SOURCES/canorus-0.7svn.R1091/src/interface/moc_playback.cxx /home/m.tarenskeen/rpmbuild/SOURCES/canorus-0.7svn.R1091/src/interface/playback.h
/usr/bin/cmake -E cmake_progress_report /home/m.tarenskeen/rpmbuild/SOURCES/canorus-0.7svn.R1091/CMakeFiles 32
[  4%] Generating core/moc_midirecorder.cxx
cd /home/m.tarenskeen/rpmbuild/SOURCES/canorus-0.7svn.R1091/src &amp;&amp; /usr/lib/qt4/bin/moc-qt4 -I/home/m.tarenskeen/rpmbuild/SOURCES/canorus-0.7svn.R1091/src -I/home/m.tarenskeen/rpmbuild/SOURCES/canorus-0.7svn.R1091/src/zlib -o /home/m.tarenskeen/rpmbuild/SOURCES/canorus-0.7svn.R1091/src/core/moc_midirecorder.cxx /home/m.tarenskeen/rpmbuild/SOURCES/canorus-0.7svn.R1091/src/core/midirecorder.h
cd /home/m.tarenskeen/rpmbuild/SOURCES/canorus-0.7svn.R1091 &amp;&amp; /usr/bin/cmake -E cmake_depends &quot;Unix Makefiles&quot; /home/m.tarenskeen/rpmbuild/SOURCES/canorus-0.7svn.R1091 /home/m.tarenskeen/rpmbuild/SOURCES/canorus-0.7svn.R1091/src /home/m.tarenskeen/rpmbuild/SOURCES/canorus-0.7svn.R1091 /home/m.tarenskeen/rpmbuild/SOURCES/canorus-0.7svn.R1091/src /home/m.tarenskeen/rpmbuild/SOURCES/canorus-0.7svn.R1091/src/CMakeFiles/_CanorusPython.dir/DependInfo.cmake --color=
Deleting primary custom command output &quot;/home/m.tarenskeen/rpmbuild/SOURCES/canorus-0.7svn.R1091/src//scripting/canoruspythonPYTHON_wrap.cxx&quot; because another output &quot;/home/m.tarenskeen/rpmbuild/SOURCES/canorus-0.7svn.R1091/src/canoruspython.py&quot; does not exist.
make[2]: Leaving directory `/home/m.tarenskeen/rpmbuild/SOURCES/canorus-0.7svn.R1091'
make -f src/CMakeFiles/_CanorusPython.dir/build.make src/CMakeFiles/_CanorusPython.dir/build
make[2]: Entering directory `/home/m.tarenskeen/rpmbuild/SOURCES/canorus-0.7svn.R1091'
/usr/bin/cmake -E cmake_progress_report /home/m.tarenskeen/rpmbuild/SOURCES/canorus-0.7svn.R1091/CMakeFiles 29
[  4%] Swig source
cd /home/m.tarenskeen/rpmbuild/SOURCES/canorus-0.7svn.R1091/src &amp;&amp; /usr/bin/swig -python -outdir /home/m.tarenskeen/rpmbuild/SOURCES/canorus-0.7svn.R1091/src -c++ -I/home/m.tarenskeen/rpmbuild/SOURCES/canorus-0.7svn.R1091/src -I/home/m.tarenskeen/rpmbuild/SOURCES/canorus-0.7svn.R1091/src/zlib -I/usr/include -I/usr/include/QtSvg -I/usr/include/QtHelp -I/usr/include/QtWebKit -I/usr/include/QtGui -I/usr/include/QtXml -I/usr/include/QtCore -I/usr/include/python2.5 -o /home/m.tarenskeen/rpmbuild/SOURCES/canorus-0.7svn.R1091/src//scripting/canoruspythonPYTHON_wrap.cxx /home/m.tarenskeen/rpmbuild/SOURCES/canorus-0.7svn.R1091/src/scripting/canoruspython.i
/usr/bin/cmake -E cmake_progress_report /home/m.tarenskeen/rpmbuild/SOURCES/canorus-0.7svn.R1091/CMakeFiles 
[  4%] Building CXX object src/CMakeFiles/_CanorusPython.dir/scripting/canoruspythonPYTHON_wrap.cxx.o
cd /home/m.tarenskeen/rpmbuild/SOURCES/canorus-0.7svn.R1091/src &amp;&amp; /usr/lib/ccache/c++   -D_CanorusPython_EXPORTS -D__LINUX_ALSASEQ__ -DDEFAULT_DATA_DIR=\&quot;/usr/local/share/canorus\&quot; -DCANORUS_VERSION=\&quot;0.7svn.R1091\&quot; -DUSE_SWIG -DUSE_PYTHON -DQT_DLL -DQT_SVG_LIB -DQT_HELP_LIB -DQT_WEBKIT_LIB -DQT_GUI_LIB -DQT_XML_LIB -DQT_CORE_LIB -O0 -g -fPIC -I/home/m.tarenskeen/rpmbuild/SOURCES/canorus-0.7svn.R1091/src -I/home/m.tarenskeen/rpmbuild/SOURCES/canorus-0.7svn.R1091/src/zlib -I/usr/include/QtSvg -I/usr/include/QtHelp -I/usr/include/QtWebKit -I/usr/include/QtGui -I/usr/include/QtXml -I/usr/include/QtCore -I/usr/include/python2.5   -g -DSWIGCPP -o CMakeFiles/_CanorusPython.dir/scripting/canoruspythonPYTHON_wrap.cxx.o -c /home/m.tarenskeen/rpmbuild/SOURCES/canorus-0.7svn.R1091/src/scripting/canoruspythonPYTHON_wrap.cxx
/usr/bin/cmake -E cmake_progress_report /home/m.tarenskeen/rpmbuild/SOURCES/canorus-0.7svn.R1091/CMakeFiles 
[  4%] Building CXX object src/CMakeFiles/_CanorusPython.dir/score/playablelength.cpp.o
cd /home/m.tarenskeen/rpmbuild/SOURCES/canorus-0.7svn.R1091/src &amp;&amp; /usr/lib/ccache/c++   -D_CanorusPython_EXPORTS -D__LINUX_ALSASEQ__ -DDEFAULT_DATA_DIR=\&quot;/usr/local/share/canorus\&quot; -DCANORUS_VERSION=\&quot;0.7svn.R1091\&quot; -DUSE_SWIG -DUSE_PYTHON -DQT_DLL -DQT_SVG_LIB -DQT_HELP_LIB -DQT_WEBKIT_LIB -DQT_GUI_LIB -DQT_XML_LIB -DQT_CORE_LIB -O0 -g -fPIC -I/home/m.tarenskeen/rpmbuild/SOURCES/canorus-0.7svn.R1091/src -I/home/m.tarenskeen/rpmbuild/SOURCES/canorus-0.7svn.R1091/src/zlib -I/usr/include/QtSvg -I/usr/include/QtHelp -I/usr/include/QtWebKit -I/usr/include/QtGui -I/usr/include/QtXml -I/usr/include/QtCore -I/usr/include/python2.5   -g -DSWIGCPP -o CMakeFiles/_CanorusPython.dir/score/playablelength.cpp.o -c /home/m.tarenskeen/rpmbuild/SOURCES/canorus-0.7svn.R1091/src/score/playablelength.cpp
/usr/bin/cmake -E cmake_progress_report /home/m.tarenskeen/rpmbuild/SOURCES/canorus-0.7svn.R1091/CMakeFiles 
[  4%] Building CXX object src/CMakeFiles/_CanorusPython.dir/score/diatonicpitch.cpp.o
cd /home/m.tarenskeen/rpmbuild/SOURCES/canorus-0.7svn.R1091/src &amp;&amp; /usr/lib/ccache/c++   -D_CanorusPython_EXPORTS -D__LINUX_ALSASEQ__ -DDEFAULT_DATA_DIR=\&quot;/usr/local/share/canorus\&quot; -DCANORUS_VERSION=\&quot;0.7svn.R1091\&quot; -DUSE_SWIG -DUSE_PYTHON -DQT_DLL -DQT_SVG_LIB -DQT_HELP_LIB -DQT_WEBKIT_LIB -DQT_GUI_LIB -DQT_XML_LIB -DQT_CORE_LIB -O0 -g -fPIC -I/home/m.tarenskeen/rpmbuild/SOURCES/canorus-0.7svn.R1091/src -I/home/m.tarenskeen/rpmbuild/SOURCES/canorus-0.7svn.R1091/src/zlib -I/usr/include/QtSvg -I/usr/include/QtHelp -I/usr/include/QtWebKit -I/usr/include/QtGui -I/usr/include/QtXml -I/usr/include/QtCore -I/usr/include/python2.5   -g -DSWIGCPP -o CMakeFiles/_CanorusPython.dir/score/diatonicpitch.cpp.o -c /home/m.tarenskeen/rpmbuild/SOURCES/canorus-0.7svn.R1091/src/score/diatonicpitch.cpp
/usr/bin/cmake -E cmake_progress_report /home/m.tarenskeen/rpmbuild/SOURCES/canorus-0.7svn.R1091/CMakeFiles 1
[  5%] Building CXX object src/CMakeFiles/_CanorusPython.dir/score/interval.cpp.o
cd /home/m.tarenskeen/rpmbuild/SOURCES/canorus-0.7svn.R1091/src &amp;&amp; /usr/lib/ccache/c++   -D_CanorusPython_EXPORTS -D__LINUX_ALSASEQ__ -DDEFAULT_DATA_DIR=\&quot;/usr/local/share/canorus\&quot; -DCANORUS_VERSION=\&quot;0.7svn.R1091\&quot; -DUSE_SWIG -DUSE_PYTHON -DQT_DLL -DQT_SVG_LIB -DQT_HELP_LIB -DQT_WEBKIT_LIB -DQT_GUI_LIB -DQT_XML_LIB -DQT_CORE_LIB -O0 -g -fPIC -I/home/m.tarenskeen/rpmbuild/SOURCES/canorus-0.7svn.R1091/src -I/home/m.tarenskeen/rpmbuild/SOURCES/canorus-0.7svn.R1091/src/zlib -I/usr/include/QtSvg -I/usr/include/QtHelp -I/usr/include/QtWebKit -I/usr/include/QtGui -I/usr/include/QtXml -I/usr/include/QtCore -I/usr/include/python2.5   -g -DSWIGCPP -o CMakeFiles/_CanorusPython.dir/score/interval.cpp.o -c /home/m.tarenskeen/rpmbuild/SOURCES/canorus-0.7svn.R1091/src/score/interval.cpp
/usr/bin/cmake -E cmake_progress_report /home/m.tarenskeen/rpmbuild/SOURCES/canorus-0.7svn.R1091/CMakeFiles 
[  5%] Building CXX object src/CMakeFiles/_CanorusPython.dir/score/diatonickey.cpp.o
cd /home/m.tarenskeen/rpmbuild/SOURCES/canorus-0.7svn.R1091/src &amp;&amp; /usr/lib/ccache/c++   -D_CanorusPython_EXPORTS -D__LINUX_ALSASEQ__ -DDEFAULT_DATA_DIR=\&quot;/usr/local/share/canorus\&quot; -DCANORUS_VERSION=\&quot;0.7svn.R1091\&quot; -DUSE_SWIG -DUSE_PYTHON -DQT_DLL -DQT_SVG_LIB -DQT_HELP_LIB -DQT_WEBKIT_LIB -DQT_GUI_LIB -DQT_XML_LIB -DQT_CORE_LIB -O0 -g -fPIC -I/home/m.tarenskeen/rpmbuild/SOURCES/canorus-0.7svn.R1091/src -I/home/m.tarenskeen/rpmbuild/SOURCES/canorus-0.7svn.R1091/src/zlib -I/usr/include/QtSvg -I/usr/include/QtHelp -I/usr/include/QtWebKit -I/usr/include/QtGui -I/usr/include/QtXml -I/usr/include/QtCore -I/usr/include/python2.5   -g -DSWIGCPP -o CMakeFiles/_CanorusPython.dir/score/diatonickey.cpp.o -c /home/m.tarenskeen/rpmbuild/SOURCES/canorus-0.7svn.R1091/src/score/diatonickey.cpp
/usr/bin/cmake -E cmake_progress_report /home/m.tarenskeen/rpmbuild/SOURCES/canorus-0.7svn.R1091/CMakeFiles 
[  5%] Building CXX object src/CMakeFiles/_CanorusPython.dir/score/document.cpp.o
cd /home/m.tarenskeen/rpmbuild/SOURCES/canorus-0.7svn.R1091/src &amp;&amp; /usr/lib/ccache/c++   -D_CanorusPython_EXPORTS -D__LINUX_ALSASEQ__ -DDEFAULT_DATA_DIR=\&quot;/usr/local/share/canorus\&quot; -DCANORUS_VERSION=\&quot;0.7svn.R1091\&quot; -DUSE_SWIG -DUSE_PYTHON -DQT_DLL -DQT_SVG_LIB -DQT_HELP_LIB -DQT_WEBKIT_LIB -DQT_GUI_LIB -DQT_XML_LIB -DQT_CORE_LIB -O0 -g -fPIC -I/home/m.tarenskeen/rpmbuild/SOURCES/canorus-0.7svn.R1091/src -I/home/m.tarenskeen/rpmbuild/SOURCES/canorus-0.7svn.R1091/src/zlib -I/usr/include/QtSvg -I/usr/include/QtHelp -I/usr/include/QtWebKit -I/usr/include/QtGui -I/usr/include/QtXml -I/usr/include/QtCore -I/usr/include/python2.5   -g -DSWIGCPP -o CMakeFiles/_CanorusPython.dir/score/document.cpp.o -c /home/m.tarenskeen/rpmbuild/SOURCES/canorus-0.7svn.R1091/src/score/document.cpp
/usr/bin/cmake -E cmake_progress_report /home/m.tarenskeen/rpmbuild/SOURCES/canorus-0.7svn.R1091/CMakeFiles 2
[  6%] Building CXX object src/CMakeFiles/_CanorusPython.dir/score/resource.cpp.o
cd /home/m.tarenskeen/rpmbuild/SOURCES/canorus-0.7svn.R1091/src &amp;&amp; /usr/lib/ccache/c++   -D_CanorusPython_EXPORTS -D__LINUX_ALSASEQ__ -DDEFAULT_DATA_DIR=\&quot;/usr/local/share/canorus\&quot; -DCANORUS_VERSION=\&quot;0.7svn.R1091\&quot; -DUSE_SWIG -DUSE_PYTHON -DQT_DLL -DQT_SVG_LIB -DQT_HELP_LIB -DQT_WEBKIT_LIB -DQT_GUI_LIB -DQT_XML_LIB -DQT_CORE_LIB -O0 -g -fPIC -I/home/m.tarenskeen/rpmbuild/SOURCES/canorus-0.7svn.R1091/src -I/home/m.tarenskeen/rpmbuild/SOURCES/canorus-0.7svn.R1091/src/zlib -I/usr/include/QtSvg -I/usr/include/QtHelp -I/usr/include/QtWebKit -I/usr/include/QtGui -I/usr/include/QtXml -I/usr/include/QtCore -I/usr/include/python2.5   -g -DSWIGCPP -o CMakeFiles/_CanorusPython.dir/score/resource.cpp.o -c /home/m.tarenskeen/rpmbuild/SOURCES/canorus-0.7svn.R1091/src/score/resource.cpp
/usr/bin/cmake -E cmake_progress_report /home/m.tarenskeen/rpmbuild/SOURCES/canorus-0.7svn.R1091/CMakeFiles 
[  6%] Building CXX object src/CMakeFiles/_CanorusPython.dir/score/sheet.cpp.o
cd /home/m.tarenskeen/rpmbuild/SOURCES/canorus-0.7svn.R1091/src &amp;&amp; /usr/lib/ccache/c++   -D_CanorusPython_EXPORTS -D__LINUX_ALSASEQ__ -DDEFAULT_DATA_DIR=\&quot;/usr/local/share/canorus\&quot; -DCANORUS_VERSION=\&quot;0.7svn.R1091\&quot; -DUSE_SWIG -DUSE_PYTHON -DQT_DLL -DQT_SVG_LIB -DQT_HELP_LIB -DQT_WEBKIT_LIB -DQT_GUI_LIB -DQT_XML_LIB -DQT_CORE_LIB -O0 -g -fPIC -I/home/m.tarenskeen/rpmbuild/SOURCES/canorus-0.7svn.R1091/src -I/home/m.tarenskeen/rpmbuild/SOURCES/canorus-0.7svn.R1091/src/zlib -I/usr/include/QtSvg -I/usr/include/QtHelp -I/usr/include/QtWebKit -I/usr/include/QtGui -I/usr/include/QtXml -I/usr/include/QtCore -I/usr/include/python2.5   -g -DSWIGCPP -o CMakeFiles/_CanorusPython.dir/score/sheet.cpp.o -c /home/m.tarenskeen/rpmbuild/SOURCES/canorus-0.7svn.R1091/src/score/sheet.cpp
/usr/bin/cmake -E cmake_progress_report /home/m.tarenskeen/rpmbuild/SOURCES/canorus-0.7svn.R1091/CMakeFiles 
[  6%] Building CXX object src/CMakeFiles/_CanorusPython.dir/score/context.cpp.o
cd /home/m.tarenskeen/rpmbuild/SOURCES/canorus-0.7svn.R1091/src &amp;&amp; /usr/lib/ccache/c++   -D_CanorusPython_EXPORTS -D__LINUX_ALSASEQ__ -DDEFAULT_DATA_DIR=\&quot;/usr/local/share/canorus\&quot; -DCANORUS_VERSION=\&quot;0.7svn.R1091\&quot; -DUSE_SWIG -DUSE_PYTHON -DQT_DLL -DQT_SVG_LIB -DQT_HELP_LIB -DQT_WEBKIT_LIB -DQT_GUI_LIB -DQT_XML_LIB -DQT_CORE_LIB -O0 -g -fPIC -I/home/m.tarenskeen/rpmbuild/SOURCES/canorus-0.7svn.R1091/src -I/home/m.tarenskeen/rpmbuild/SOURCES/canorus-0.7svn.R1091/src/zlib -I/usr/include/QtSvg -I/usr/include/QtHelp -I/usr/include/QtWebKit -I/usr/include/QtGui -I/usr/include/QtXml -I/usr/include/QtCore -I/usr/include/python2.5   -g -DSWIGCPP -o CMakeFiles/_CanorusPython.dir/score/context.cpp.o -c /home/m.tarenskeen/rpmbuild/SOURCES/canorus-0.7svn.R1091/src/score/context.cpp
/usr/bin/cmake -E cmake_progress_report /home/m.tarenskeen/rpmbuild/SOURCES/canorus-0.7svn.R1091/CMakeFiles 3
[  7%] Building CXX object src/CMakeFiles/_CanorusPython.dir/score/staff.cpp.o
cd /home/m.tarenskeen/rpmbuild/SOURCES/canorus-0.7svn.R1091/src &amp;&amp; /usr/lib/ccache/c++   -D_CanorusPython_EXPORTS -D__LINUX_ALSASEQ__ -DDEFAULT_DATA_DIR=\&quot;/usr/local/share/canorus\&quot; -DCANORUS_VERSION=\&quot;0.7svn.R1091\&quot; -DUSE_SWIG -DUSE_PYTHON -DQT_DLL -DQT_SVG_LIB -DQT_HELP_LIB -DQT_WEBKIT_LIB -DQT_GUI_LIB -DQT_XML_LIB -DQT_CORE_LIB -O0 -g -fPIC -I/home/m.tarenskeen/rpmbuild/SOURCES/canorus-0.7svn.R1091/src -I/home/m.tarenskeen/rpmbuild/SOURCES/canorus-0.7svn.R1091/src/zlib -I/usr/include/QtSvg -I/usr/include/QtHelp -I/usr/include/QtWebKit -I/usr/include/QtGui -I/usr/include/QtXml -I/usr/include/QtCore -I/usr/include/python2.5   -g -DSWIGCPP -o CMakeFiles/_CanorusPython.dir/score/staff.cpp.o -c /home/m.tarenskeen/rpmbuild/SOURCES/canorus-0.7svn.R1091/src/score/staff.cpp
/usr/bin/cmake -E cmake_progress_report /home/m.tarenskeen/rpmbuild/SOURCES/canorus-0.7svn.R1091/CMakeFiles 
[  7%] Building CXX object src/CMakeFiles/_CanorusPython.dir/score/functionmarkcontext.cpp.o
cd /home/m.tarenskeen/rpmbuild/SOURCES/canorus-0.7svn.R1091/src &amp;&amp; /usr/lib/ccache/c++   -D_CanorusPython_EXPORTS -D__LINUX_ALSASEQ__ -DDEFAULT_DATA_DIR=\&quot;/usr/local/share/canorus\&quot; -DCANORUS_VERSION=\&quot;0.7svn.R1091\&quot; -DUSE_SWIG -DUSE_PYTHON -DQT_DLL -DQT_SVG_LIB -DQT_HELP_LIB -DQT_WEBKIT_LIB -DQT_GUI_LIB -DQT_XML_LIB -DQT_CORE_LIB -O0 -g -fPIC -I/home/m.tarenskeen/rpmbuild/SOURCES/canorus-0.7svn.R1091/src -I/home/m.tarenskeen/rpmbuild/SOURCES/canorus-0.7svn.R1091/src/zlib -I/usr/include/QtSvg -I/usr/include/QtHelp -I/usr/include/QtWebKit -I/usr/include/QtGui -I/usr/include/QtXml -I/usr/include/QtCore -I/usr/include/python2.5   -g -DSWIGCPP -o CMakeFiles/_CanorusPython.dir/score/functionmarkcontext.cpp.o -c /home/m.tarenskeen/rpmbuild/SOURCES/canorus-0.7svn.R1091/src/score/functionmarkcontext.cpp
/usr/bin/cmake -E cmake_progress_report /home/m.tarenskeen/rpmbuild/SOURCES/canorus-0.7svn.R1091/CMakeFiles 
[  7%] Building CXX object src/CMakeFiles/_CanorusPython.dir/score/lyricscontext.cpp.o
cd /home/m.tarenskeen/rpmbuild/SOURCES/canorus-0.7svn.R1091/src &amp;&amp; /usr/lib/ccache/c++   -D_CanorusPython_EXPORTS -D__LINUX_ALSASEQ__ -DDEFAULT_DATA_DIR=\&quot;/usr/local/share/canorus\&quot; -DCANORUS_VERSION=\&quot;0.7svn.R1091\&quot; -DUSE_SWIG -DUSE_PYTHON -DQT_DLL -DQT_SVG_LIB -DQT_HELP_LIB -DQT_WEBKIT_LIB -DQT_GUI_LIB -DQT_XML_LIB -DQT_CORE_LIB -O0 -g -fPIC -I/home/m.tarenskeen/rpmbuild/SOURCES/canorus-0.7svn.R1091/src -I/home/m.tarenskeen/rpmbuild/SOURCES/canorus-0.7svn.R1091/src/zlib -I/usr/include/QtSvg -I/usr/include/QtHelp -I/usr/include/QtWebKit -I/usr/include/QtGui -I/usr/include/QtXml -I/usr/include/QtCore -I/usr/include/python2.5   -g -DSWIGCPP -o CMakeFiles/_CanorusPython.dir/score/lyricscontext.cpp.o -c /home/m.tarenskeen/rpmbuild/SOURCES/canorus-0.7svn.R1091/src/score/lyricscontext.cpp
/usr/bin/cmake -E cmake_progress_report /home/m.tarenskeen/rpmbuild/SOURCES/canorus-0.7svn.R1091/CMakeFiles 4
[  8%] Building CXX object src/CMakeFiles/_CanorusPython.dir/score/muselement.cpp.o
cd /home/m.tarenskeen/rpmbuild/SOURCES/canorus-0.7svn.R1091/src &amp;&amp; /usr/lib/ccache/c++   -D_CanorusPython_EXPORTS -D__LINUX_ALSASEQ__ -DDEFAULT_DATA_DIR=\&quot;/usr/local/share/canorus\&quot; -DCANORUS_VERSION=\&quot;0.7svn.R1091\&quot; -DUSE_SWIG -DUSE_PYTHON -DQT_DLL -DQT_SVG_LIB -DQT_HELP_LIB -DQT_WEBKIT_LIB -DQT_GUI_LIB -DQT_XML_LIB -DQT_CORE_LIB -O0 -g -fPIC -I/home/m.tarenskeen/rpmbuild/SOURCES/canorus-0.7svn.R1091/src -I/home/m.tarenskeen/rpmbuild/SOURCES/canorus-0.7svn.R1091/src/zlib -I/usr/include/QtSvg -I/usr/include/QtHelp -I/usr/include/QtWebKit -I/usr/include/QtGui -I/usr/include/QtXml -I/usr/include/QtCore -I/usr/include/python2.5   -g -DSWIGCPP -o CMakeFiles/_CanorusPython.dir/score/muselement.cpp.o -c /home/m.tarenskeen/rpmbuild/SOURCES/canorus-0.7svn.R1091/src/score/muselement.cpp
/usr/bin/cmake -E cmake_progress_report /home/m.tarenskeen/rpmbuild/SOURCES/canorus-0.7svn.R1091/CMakeFiles 
[  8%] Building CXX object src/CMakeFiles/_CanorusPython.dir/score/voice.cpp.o
cd /home/m.tarenskeen/rpmbuild/SOURCES/canorus-0.7svn.R1091/src &amp;&amp; /usr/lib/ccache/c++   -D_CanorusPython_EXPORTS -D__LINUX_ALSASEQ__ -DDEFAULT_DATA_DIR=\&quot;/usr/local/share/canorus\&quot; -DCANORUS_VERSION=\&quot;0.7svn.R1091\&quot; -DUSE_SWIG -DUSE_PYTHON -DQT_DLL -DQT_SVG_LIB -DQT_HELP_LIB -DQT_WEBKIT_LIB -DQT_GUI_LIB -DQT_XML_LIB -DQT_CORE_LIB -O0 -g -fPIC -I/home/m.tarenskeen/rpmbuild/SOURCES/canorus-0.7svn.R1091/src -I/home/m.tarenskeen/rpmbuild/SOURCES/canorus-0.7svn.R1091/src/zlib -I/usr/include/QtSvg -I/usr/include/QtHelp -I/usr/include/QtWebKit -I/usr/include/QtGui -I/usr/include/QtXml -I/usr/include/QtCore -I/usr/include/python2.5   -g -DSWIGCPP -o CMakeFiles/_CanorusPython.dir/score/voice.cpp.o -c /home/m.tarenskeen/rpmbuild/SOURCES/canorus-0.7svn.R1091/src/score/voice.cpp
/usr/bin/cmake -E cmake_progress_report /home/m.tarenskeen/rpmbuild/SOURCES/canorus-0.7svn.R1091/CMakeFiles 
[  8%] Building CXX object src/CMakeFiles/_CanorusPython.dir/score/barline.cpp.o
cd /home/m.tarenskeen/rpmbuild/SOURCES/canorus-0.7svn.R1091/src &amp;&amp; /usr/lib/ccache/c++   -D_CanorusPython_EXPORTS -D__LINUX_ALSASEQ__ -DDEFAULT_DATA_DIR=\&quot;/usr/local/share/canorus\&quot; -DCANORUS_VERSION=\&quot;0.7svn.R1091\&quot; -DUSE_SWIG -DUSE_PYTHON -DQT_DLL -DQT_SVG_LIB -DQT_HELP_LIB -DQT_WEBKIT_LIB -DQT_GUI_LIB -DQT_XML_LIB -DQT_CORE_LIB -O0 -g -fPIC -I/home/m.tarenskeen/rpmbuild/SOURCES/canorus-0.7svn.R1091/src -I/home/m.tarenskeen/rpmbuild/SOURCES/canorus-0.7svn.R1091/src/zlib -I/usr/include/QtSvg -I/usr/include/QtHelp -I/usr/include/QtWebKit -I/usr/include/QtGui -I/usr/include/QtXml -I/usr/include/QtCore -I/usr/include/python2.5   -g -DSWIGCPP -o CMakeFiles/_CanorusPython.dir/score/barline.cpp.o -c /home/m.tarenskeen/rpmbuild/SOURCES/canorus-0.7svn.R1091/src/score/barline.cpp
/usr/bin/cmake -E cmake_progress_report /home/m.tarenskeen/rpmbuild/SOURCES/canorus-0.7svn.R1091/CMakeFiles 5
[  9%] Building CXX object src/CMakeFiles/_CanorusPython.dir/score/clef.cpp.o
cd /home/m.tarenskeen/rpmbuild/SOURCES/canorus-0.7svn.R1091/src &amp;&amp; /usr/lib/ccache/c++   -D_CanorusPython_EXPORTS -D__LINUX_ALSASEQ__ -DDEFAULT_DATA_DIR=\&quot;/usr/local/share/canorus\&quot; -DCANORUS_VERSION=\&quot;0.7svn.R1091\&quot; -DUSE_SWIG -DUSE_PYTHON -DQT_DLL -DQT_SVG_LIB -DQT_HELP_LIB -DQT_WEBKIT_LIB -DQT_GUI_LIB -DQT_XML_LIB -DQT_CORE_LIB -O0 -g -fPIC -I/home/m.tarenskeen/rpmbuild/SOURCES/canorus-0.7svn.R1091/src -I/home/m.tarenskeen/rpmbuild/SOURCES/canorus-0.7svn.R1091/src/zlib -I/usr/include/QtSvg -I/usr/include/QtHelp -I/usr/include/QtWebKit -I/usr/include/QtGui -I/usr/include/QtXml -I/usr/include/QtCore -I/usr/include/python2.5   -g -DSWIGCPP -o CMakeFiles/_CanorusPython.dir/score/clef.cpp.o -c /home/m.tarenskeen/rpmbuild/SOURCES/canorus-0.7svn.R1091/src/score/clef.cpp
/usr/bin/cmake -E cmake_progress_report /home/m.tarenskeen/rpmbuild/SOURCES/canorus-0.7svn.R1091/CMakeFiles 
[  9%] Building CXX object src/CMakeFiles/_CanorusPython.dir/score/keysignature.cpp.o
cd /home/m.tarenskeen/rpmbuild/SOURCES/canorus-0.7svn.R1091/src &amp;&amp; /usr/lib/ccache/c++   -D_CanorusPython_EXPORTS -D__LINUX_ALSASEQ__ -DDEFAULT_DATA_DIR=\&quot;/usr/local/share/canorus\&quot; -DCANORUS_VERSION=\&quot;0.7svn.R1091\&quot; -DUSE_SWIG -DUSE_PYTHON -DQT_DLL -DQT_SVG_LIB -DQT_HELP_LIB -DQT_WEBKIT_LIB -DQT_GUI_LIB -DQT_XML_LIB -DQT_CORE_LIB -O0 -g -fPIC -I/home/m.tarenskeen/rpmbuild/SOURCES/canorus-0.7svn.R1091/src -I/home/m.tarenskeen/rpmbuild/SOURCES/canorus-0.7svn.R1091/src/zlib -I/usr/include/QtSvg -I/usr/include/QtHelp -I/usr/include/QtWebKit -I/usr/include/QtGui -I/usr/include/QtXml -I/usr/include/QtCore -I/usr/include/python2.5   -g -DSWIGCPP -o CMakeFiles/_CanorusPython.dir/score/keysignature.cpp.o -c /home/m.tarenskeen/rpmbuild/SOURCES/canorus-0.7svn.R1091/src/score/keysignature.cpp
/usr/bin/cmake -E cmake_progress_report /home/m.tarenskeen/rpmbuild/SOURCES/canorus-0.7svn.R1091/CMakeFiles 
[  9%] Building CXX object src/CMakeFiles/_CanorusPython.dir/score/timesignature.cpp.o
cd /home/m.tarenskeen/rpmbuild/SOURCES/canorus-0.7svn.R1091/src &amp;&amp; /usr/lib/ccache/c++   -D_CanorusPython_EXPORTS -D__LINUX_ALSASEQ__ -DDEFAULT_DATA_DIR=\&quot;/usr/local/share/canorus\&quot; -DCANORUS_VERSION=\&quot;0.7svn.R1091\&quot; -DUSE_SWIG -DUSE_PYTHON -DQT_DLL -DQT_SVG_LIB -DQT_HELP_LIB -DQT_WEBKIT_LIB -DQT_GUI_LIB -DQT_XML_LIB -DQT_CORE_LIB -O0 -g -fPIC -I/home/m.tarenskeen/rpmbuild/SOURCES/canorus-0.7svn.R1091/src -I/home/m.tarenskeen/rpmbuild/SOURCES/canorus-0.7svn.R1091/src/zlib -I/usr/include/QtSvg -I/usr/include/QtHelp -I/usr/include/QtWebKit -I/usr/include/QtGui -I/usr/include/QtXml -I/usr/include/QtCore -I/usr/include/python2.5   -g -DSWIGCPP -o CMakeFiles/_CanorusPython.dir/score/timesignature.cpp.o -c /home/m.tarenskeen/rpmbuild/SOURCES/canorus-0.7svn.R1091/src/score/timesignature.cpp
/usr/bin/cmake -E cmake_progress_report /home/m.tarenskeen/rpmbuild/SOURCES/canorus-0.7svn.R1091/CMakeFiles 6
[ 10%] Building CXX object src/CMakeFiles/_CanorusPython.dir/score/playable.cpp.o
cd /home/m.tarenskeen/rpmbuild/SOURCES/canorus-0.7svn.R1091/src &amp;&amp; /usr/lib/ccache/c++   -D_CanorusPython_EXPORTS -D__LINUX_ALSASEQ__ -DDEFAULT_DATA_DIR=\&quot;/usr/local/share/canorus\&quot; -DCANORUS_VERSION=\&quot;0.7svn.R1091\&quot; -DUSE_SWIG -DUSE_PYTHON -DQT_DLL -DQT_SVG_LIB -DQT_HELP_LIB -DQT_WEBKIT_LIB -DQT_GUI_LIB -DQT_XML_LIB -DQT_CORE_LIB -O0 -g -fPIC -I/home/m.tarenskeen/rpmbuild/SOURCES/canorus-0.7svn.R1091/src -I/home/m.tarenskeen/rpmbuild/SOURCES/canorus-0.7svn.R1091/src/zlib -I/usr/include/QtSvg -I/usr/include/QtHelp -I/usr/include/QtWebKit -I/usr/include/QtGui -I/usr/include/QtXml -I/usr/include/QtCore -I/usr/include/python2.5   -g -DSWIGCPP -o CMakeFiles/_CanorusPython.dir/score/playable.cpp.o -c /home/m.tarenskeen/rpmbuild/SOURCES/canorus-0.7svn.R1091/src/score/playable.cpp
/usr/bin/cmake -E cmake_progress_report /home/m.tarenskeen/rpmbuild/SOURCES/canorus-0.7svn.R1091/CMakeFiles 
[ 10%] Building CXX object src/CMakeFiles/_CanorusPython.dir/score/note.cpp.o
cd /home/m.tarenskeen/rpmbuild/SOURCES/canorus-0.7svn.R1091/src &amp;&amp; /usr/lib/ccache/c++   -D_CanorusPython_EXPORTS -D__LINUX_ALSASEQ__ -DDEFAULT_DATA_DIR=\&quot;/usr/local/share/canorus\&quot; -DCANORUS_VERSION=\&quot;0.7svn.R1091\&quot; -DUSE_SWIG -DUSE_PYTHON -DQT_DLL -DQT_SVG_LIB -DQT_HELP_LIB -DQT_WEBKIT_LIB -DQT_GUI_LIB -DQT_XML_LIB -DQT_CORE_LIB -O0 -g -fPIC -I/home/m.tarenskeen/rpmbuild/SOURCES/canorus-0.7svn.R1091/src -I/home/m.tarenskeen/rpmbuild/SOURCES/canorus-0.7svn.R1091/src/zlib -I/usr/include/QtSvg -I/usr/include/QtHelp -I/usr/include/QtWebKit -I/usr/include/QtGui -I/usr/include/QtXml -I/usr/include/QtCore -I/usr/include/python2.5   -g -DSWIGCPP -o CMakeFiles/_CanorusPython.dir/score/note.cpp.o -c /home/m.tarenskeen/rpmbuild/SOURCES/canorus-0.7svn.R1091/src/score/note.cpp
/usr/bin/cmake -E cmake_progress_report /home/m.tarenskeen/rpmbuild/SOURCES/canorus-0.7svn.R1091/CMakeFiles 
[ 10%] Building CXX object src/CMakeFiles/_CanorusPython.dir/score/slur.cpp.o
cd /home/m.tarenskeen/rpmbuild/SOURCES/canorus-0.7svn.R1091/src &amp;&amp; /usr/lib/ccache/c++   -D_CanorusPython_EXPORTS -D__LINUX_ALSASEQ__ -DDEFAULT_DATA_DIR=\&quot;/usr/local/share/canorus\&quot; -DCANORUS_VERSION=\&quot;0.7svn.R1091\&quot; -DUSE_SWIG -DUSE_PYTHON -DQT_DLL -DQT_SVG_LIB -DQT_HELP_LIB -DQT_WEBKIT_LIB -DQT_GUI_LIB -DQT_XML_LIB -DQT_CORE_LIB -O0 -g -fPIC -I/home/m.tarenskeen/rpmbuild/SOURCES/canorus-0.7svn.R1091/src -I/home/m.tarenskeen/rpmbuild/SOURCES/canorus-0.7svn.R1091/src/zlib -I/usr/include/QtSvg -I/usr/include/QtHelp -I/usr/include/QtWebKit -I/usr/include/QtGui -I/usr/include/QtXml -I/usr/include/QtCore -I/usr/include/python2.5   -g -DSWIGCPP -o CMakeFiles/_CanorusPython.dir/score/slur.cpp.o -c /home/m.tarenskeen/rpmbuild/SOURCES/canorus-0.7svn.R1091/src/score/slur.cpp
/usr/bin/cmake -E cmake_progress_report /home/m.tarenskeen/rpmbuild/SOURCES/canorus-0.7svn.R1091/CMakeFiles 7
[ 11%] Building CXX object src/CMakeFiles/_CanorusPython.dir/score/tuplet.cpp.o
cd /home/m.tarenskeen/rpmbuild/SOURCES/canorus-0.7svn.R1091/src &amp;&amp; /usr/lib/ccache/c++   -D_CanorusPython_EXPORTS -D__LINUX_ALSASEQ__ -DDEFAULT_DATA_DIR=\&quot;/usr/local/share/canorus\&quot; -DCANORUS_VERSION=\&quot;0.7svn.R1091\&quot; -DUSE_SWIG -DUSE_PYTHON -DQT_DLL -DQT_SVG_LIB -DQT_HELP_LIB -DQT_WEBKIT_LIB -DQT_GUI_LIB -DQT_XML_LIB -DQT_CORE_LIB -O0 -g -fPIC -I/home/m.tarenskeen/rpmbuild/SOURCES/canorus-0.7svn.R1091/src -I/home/m.tarenskeen/rpmbuild/SOURCES/canorus-0.7svn.R1091/src/zlib -I/usr/include/QtSvg -I/usr/include/QtHelp -I/usr/include/QtWebKit -I/usr/include/QtGui -I/usr/include/QtXml -I/usr/include/QtCore -I/usr/include/python2.5   -g -DSWIGCPP -o CMakeFiles/_CanorusPython.dir/score/tuplet.cpp.o -c /home/m.tarenskeen/rpmbuild/SOURCES/canorus-0.7svn.R1091/src/score/tuplet.cpp
/usr/bin/cmake -E cmake_progress_report /home/m.tarenskeen/rpmbuild/SOURCES/canorus-0.7svn.R1091/CMakeFiles 
[ 11%] Building CXX object src/CMakeFiles/_CanorusPython.dir/score/rest.cpp.o
cd /home/m.tarenskeen/rpmbuild/SOURCES/canorus-0.7svn.R1091/src &amp;&amp; /usr/lib/ccache/c++   -D_CanorusPython_EXPORTS -D__LINUX_ALSASEQ__ -DDEFAULT_DATA_DIR=\&quot;/usr/local/share/canorus\&quot; -DCANORUS_VERSION=\&quot;0.7svn.R1091\&quot; -DUSE_SWIG -DUSE_PYTHON -DQT_DLL -DQT_SVG_LIB -DQT_HELP_LIB -DQT_WEBKIT_LIB -DQT_GUI_LIB -DQT_XML_LIB -DQT_CORE_LIB -O0 -g -fPIC -I/home/m.tarenskeen/rpmbuild/SOURCES/canorus-0.7svn.R1091/src -I/home/m.tarenskeen/rpmbuild/SOURCES/canorus-0.7svn.R1091/src/zlib -I/usr/include/QtSvg -I/usr/include/QtHelp -I/usr/include/QtWebKit -I/usr/include/QtGui -I/usr/include/QtXml -I/usr/include/QtCore -I/usr/include/python2.5   -g -DSWIGCPP -o CMakeFiles/_CanorusPython.dir/score/rest.cpp.o -c /home/m.tarenskeen/rpmbuild/SOURCES/canorus-0.7svn.R1091/src/score/rest.cpp
/usr/bin/cmake -E cmake_progress_report /home/m.tarenskeen/rpmbuild/SOURCES/canorus-0.7svn.R1091/CMakeFiles 
[ 11%] Building CXX object src/CMakeFiles/_CanorusPython.dir/score/midinote.cpp.o
cd /home/m.tarenskeen/rpmbuild/SOURCES/canorus-0.7svn.R1091/src &amp;&amp; /usr/lib/ccache/c++   -D_CanorusPython_EXPORTS -D__LINUX_ALSASEQ__ -DDEFAULT_DATA_DIR=\&quot;/usr/local/share/canorus\&quot; -DCANORUS_VERSION=\&quot;0.7svn.R1091\&quot; -DUSE_SWIG -DUSE_PYTHON -DQT_DLL -DQT_SVG_LIB -DQT_HELP_LIB -DQT_WEBKIT_LIB -DQT_GUI_LIB -DQT_XML_LIB -DQT_CORE_LIB -O0 -g -fPIC -I/home/m.tarenskeen/rpmbuild/SOURCES/canorus-0.7svn.R1091/src -I/home/m.tarenskeen/rpmbuild/SOURCES/canorus-0.7svn.R1091/src/zlib -I/usr/include/QtSvg -I/usr/include/QtHelp -I/usr/include/QtWebKit -I/usr/include/QtGui -I/usr/include/QtXml -I/usr/include/QtCore -I/usr/include/python2.5   -g -DSWIGCPP -o CMakeFiles/_CanorusPython.dir/score/midinote.cpp.o -c /home/m.tarenskeen/rpmbuild/SOURCES/canorus-0.7svn.R1091/src/score/midinote.cpp
/usr/bin/cmake -E cmake_progress_report /home/m.tarenskeen/rpmbuild/SOURCES/canorus-0.7svn.R1091/CMakeFiles 8
[ 12%] Building CXX object src/CMakeFiles/_CanorusPython.dir/score/mark.cpp.o
cd /home/m.tarenskeen/rpmbuild/SOURCES/canorus-0.7svn.R1091/src &amp;&amp; /usr/lib/ccache/c++   -D_CanorusPython_EXPORTS -D__LINUX_ALSASEQ__ -DDEFAULT_DATA_DIR=\&quot;/usr/local/share/canorus\&quot; -DCANORUS_VERSION=\&quot;0.7svn.R1091\&quot; -DUSE_SWIG -DUSE_PYTHON -DQT_DLL -DQT_SVG_LIB -DQT_HELP_LIB -DQT_WEBKIT_LIB -DQT_GUI_LIB -DQT_XML_LIB -DQT_CORE_LIB -O0 -g -fPIC -I/home/m.tarenskeen/rpmbuild/SOURCES/canorus-0.7svn.R1091/src -I/home/m.tarenskeen/rpmbuild/SOURCES/canorus-0.7svn.R1091/src/zlib -I/usr/include/QtSvg -I/usr/include/QtHelp -I/usr/include/QtWebKit -I/usr/include/QtGui -I/usr/include/QtXml -I/usr/include/QtCore -I/usr/include/python2.5   -g -DSWIGCPP -o CMakeFiles/_CanorusPython.dir/score/mark.cpp.o -c /home/m.tarenskeen/rpmbuild/SOURCES/canorus-0.7svn.R1091/src/score/mark.cpp
/usr/bin/cmake -E cmake_progress_report /home/m.tarenskeen/rpmbuild/SOURCES/canorus-0.7svn.R1091/CMakeFiles 
[ 12%] Building CXX object src/CMakeFiles/_CanorusPython.dir/score/articulation.cpp.o
cd /home/m.tarenskeen/rpmbuild/SOURCES/canorus-0.7svn.R1091/src &amp;&amp; /usr/lib/ccache/c++   -D_CanorusPython_EXPORTS -D__LINUX_ALSASEQ__ -DDEFAULT_DATA_DIR=\&quot;/usr/local/share/canorus\&quot; -DCANORUS_VERSION=\&quot;0.7svn.R1091\&quot; -DUSE_SWIG -DUSE_PYTHON -DQT_DLL -DQT_SVG_LIB -DQT_HELP_LIB -DQT_WEBKIT_LIB -DQT_GUI_LIB -DQT_XML_LIB -DQT_CORE_LIB -O0 -g -fPIC -I/home/m.tarenskeen/rpmbuild/SOURCES/canorus-0.7svn.R1091/src -I/home/m.tarenskeen/rpmbuild/SOURCES/canorus-0.7svn.R1091/src/zlib -I/usr/include/QtSvg -I/usr/include/QtHelp -I/usr/include/QtWebKit -I/usr/include/QtGui -I/usr/include/QtXml -I/usr/include/QtCore -I/usr/include/python2.5   -g -DSWIGCPP -o CMakeFiles/_CanorusPython.dir/score/articulation.cpp.o -c /home/m.tarenskeen/rpmbuild/SOURCES/canorus-0.7svn.R1091/src/score/articulation.cpp
/usr/bin/cmake -E cmake_progress_report /home/m.tarenskeen/rpmbuild/SOURCES/canorus-0.7svn.R1091/CMakeFiles 
[ 12%] Building CXX object src/CMakeFiles/_CanorusPython.dir/score/fermata.cpp.o
cd /home/m.tarenskeen/rpmbuild/SOURCES/canorus-0.7svn.R1091/src &amp;&amp; /usr/lib/ccache/c++   -D_CanorusPython_EXPORTS -D__LINUX_ALSASEQ__ -DDEFAULT_DATA_DIR=\&quot;/usr/local/share/canorus\&quot; -DCANORUS_VERSION=\&quot;0.7svn.R1091\&quot; -DUSE_SWIG -DUSE_PYTHON -DQT_DLL -DQT_SVG_LIB -DQT_HELP_LIB -DQT_WEBKIT_LIB -DQT_GUI_LIB -DQT_XML_LIB -DQT_CORE_LIB -O0 -g -fPIC -I/home/m.tarenskeen/rpmbuild/SOURCES/canorus-0.7svn.R1091/src -I/home/m.tarenskeen/rpmbuild/SOURCES/canorus-0.7svn.R1091/src/zlib -I/usr/include/QtSvg -I/usr/include/QtHelp -I/usr/include/QtWebKit -I/usr/include/QtGui -I/usr/include/QtXml -I/usr/include/QtCore -I/usr/include/python2.5   -g -DSWIGCPP -o CMakeFiles/_CanorusPython.dir/score/fermata.cpp.o -c /home/m.tarenskeen/rpmbuild/SOURCES/canorus-0.7svn.R1091/src/score/fermata.cpp
/usr/bin/cmake -E cmake_progress_report /home/m.tarenskeen/rpmbuild/SOURCES/canorus-0.7svn.R1091/CMakeFiles 9
[ 13%] Building CXX object src/CMakeFiles/_CanorusPython.dir/score/repeatmark.cpp.o
cd /home/m.tarenskeen/rpmbuild/SOURCES/canorus-0.7svn.R1091/src &amp;&amp; /usr/lib/ccache/c++   -D_CanorusPython_EXPORTS -D__LINUX_ALSASEQ__ -DDEFAULT_DATA_DIR=\&quot;/usr/local/share/canorus\&quot; -DCANORUS_VERSION=\&quot;0.7svn.R1091\&quot; -DUSE_SWIG -DUSE_PYTHON -DQT_DLL -DQT_SVG_LIB -DQT_HELP_LIB -DQT_WEBKIT_LIB -DQT_GUI_LIB -DQT_XML_LIB -DQT_CORE_LIB -O0 -g -fPIC -I/home/m.tarenskeen/rpmbuild/SOURCES/canorus-0.7svn.R1091/src -I/home/m.tarenskeen/rpmbuild/SOURCES/canorus-0.7svn.R1091/src/zlib -I/usr/include/QtSvg -I/usr/include/QtHelp -I/usr/include/QtWebKit -I/usr/include/QtGui -I/usr/include/QtXml -I/usr/include/QtCore -I/usr/include/python2.5   -g -DSWIGCPP -o CMakeFiles/_CanorusPython.dir/score/repeatmark.cpp.o -c /home/m.tarenskeen/rpmbuild/SOURCES/canorus-0.7svn.R1091/src/score/repeatmark.cpp
/usr/bin/cmake -E cmake_progress_report /home/m.tarenskeen/rpmbuild/SOURCES/canorus-0.7svn.R1091/CMakeFiles 
[ 13%] Building CXX object src/CMakeFiles/_CanorusPython.dir/score/tempo.cpp.o
cd /home/m.tarenskeen/rpmbuild/SOURCES/canorus-0.7svn.R1091/src &amp;&amp; /usr/lib/ccache/c++   -D_CanorusPython_EXPORTS -D__LINUX_ALSASEQ__ -DDEFAULT_DATA_DIR=\&quot;/usr/local/share/canorus\&quot; -DCANORUS_VERSION=\&quot;0.7svn.R1091\&quot; -DUSE_SWIG -DUSE_PYTHON -DQT_DLL -DQT_SVG_LIB -DQT_HELP_LIB -DQT_WEBKIT_LIB -DQT_GUI_LIB -DQT_XML_LIB -DQT_CORE_LIB -O0 -g -fPIC -I/home/m.tarenskeen/rpmbuild/SOURCES/canorus-0.7svn.R1091/src -I/home/m.tarenskeen/rpmbuild/SOURCES/canorus-0.7svn.R1091/src/zlib -I/usr/include/QtSvg -I/usr/include/QtHelp -I/usr/include/QtWebKit -I/usr/include/QtGui -I/usr/include/QtXml -I/usr/include/QtCore -I/usr/include/python2.5   -g -DSWIGCPP -o CMakeFiles/_CanorusPython.dir/score/tempo.cpp.o -c /home/m.tarenskeen/rpmbuild/SOURCES/canorus-0.7svn.R1091/src/score/tempo.cpp
/usr/bin/cmake -E cmake_progress_report /home/m.tarenskeen/rpmbuild/SOURCES/canorus-0.7svn.R1091/CMakeFiles 
[ 13%] Building CXX object src/CMakeFiles/_CanorusPython.dir/score/ritardando.cpp.o
cd /home/m.tarenskeen/rpmbuild/SOURCES/canorus-0.7svn.R1091/src &amp;&amp; /usr/lib/ccache/c++   -D_CanorusPython_EXPORTS -D__LINUX_ALSASEQ__ -DDEFAULT_DATA_DIR=\&quot;/usr/local/share/canorus\&quot; -DCANORUS_VERSION=\&quot;0.7svn.R1091\&quot; -DUSE_SWIG -DUSE_PYTHON -DQT_DLL -DQT_SVG_LIB -DQT_HELP_LIB -DQT_WEBKIT_LIB -DQT_GUI_LIB -DQT_XML_LIB -DQT_CORE_LIB -O0 -g -fPIC -I/home/m.tarenskeen/rpmbuild/SOURCES/canorus-0.7svn.R1091/src -I/home/m.tarenskeen/rpmbuild/SOURCES/canorus-0.7svn.R1091/src/zlib -I/usr/include/QtSvg -I/usr/include/QtHelp -I/usr/include/QtWebKit -I/usr/include/QtGui -I/usr/include/QtXml -I/usr/include/QtCore -I/usr/include/python2.5   -g -DSWIGCPP -o CMakeFiles/_CanorusPython.dir/score/ritardando.cpp.o -c /home/m.tarenskeen/rpmbuild/SOURCES/canorus-0.7svn.R1091/src/score/ritardando.cpp
/usr/bin/cmake -E cmake_progress_report /home/m.tarenskeen/rpmbuild/SOURCES/canorus-0.7svn.R1091/CMakeFiles 
[ 13%] Building CXX object src/CMakeFiles/_CanorusPython.dir/score/text.cpp.o
cd /home/m.tarenskeen/rpmbuild/SOURCES/canorus-0.7svn.R1091/src &amp;&amp; /usr/lib/ccache/c++   -D_CanorusPython_EXPORTS -D__LINUX_ALSASEQ__ -DDEFAULT_DATA_DIR=\&quot;/usr/local/share/canorus\&quot; -DCANORUS_VERSION=\&quot;0.7svn.R1091\&quot; -DUSE_SWIG -DUSE_PYTHON -DQT_DLL -DQT_SVG_LIB -DQT_HELP_LIB -DQT_WEBKIT_LIB -DQT_GUI_LIB -DQT_XML_LIB -DQT_CORE_LIB -O0 -g -fPIC -I/home/m.tarenskeen/rpmbuild/SOURCES/canorus-0.7svn.R1091/src -I/home/m.tarenskeen/rpmbuild/SOURCES/canorus-0.7svn.R1091/src/zlib -I/usr/include/QtSvg -I/usr/include/QtHelp -I/usr/include/QtWebKit -I/usr/include/QtGui -I/usr/include/QtXml -I/usr/include/QtCore -I/usr/include/python2.5   -g -DSWIGCPP -o CMakeFiles/_CanorusPython.dir/score/text.cpp.o -c /home/m.tarenskeen/rpmbuild/SOURCES/canorus-0.7svn.R1091/src/score/text.cpp
/usr/bin/cmake -E cmake_progress_report /home/m.tarenskeen/rpmbuild/SOURCES/canorus-0.7svn.R1091/CMakeFiles 10
[ 14%] Building CXX object src/CMakeFiles/_CanorusPython.dir/score/bookmark.cpp.o
cd /home/m.tarenskeen/rpmbuild/SOURCES/canorus-0.7svn.R1091/src &amp;&amp; /usr/lib/ccache/c++   -D_CanorusPython_EXPORTS -D__LINUX_ALSASEQ__ -DDEFAULT_DATA_DIR=\&quot;/usr/local/share/canorus\&quot; -DCANORUS_VERSION=\&quot;0.7svn.R1091\&quot; -DUSE_SWIG -DUSE_PYTHON -DQT_DLL -DQT_SVG_LIB -DQT_HELP_LIB -DQT_WEBKIT_LIB -DQT_GUI_LIB -DQT_XML_LIB -DQT_CORE_LIB -O0 -g -fPIC -I/home/m.tarenskeen/rpmbuild/SOURCES/canorus-0.7svn.R1091/src -I/home/m.tarenskeen/rpmbuild/SOURCES/canorus-0.7svn.R1091/src/zlib -I/usr/include/QtSvg -I/usr/include/QtHelp -I/usr/include/QtWebKit -I/usr/include/QtGui -I/usr/include/QtXml -I/usr/include/QtCore -I/usr/include/python2.5   -g -DSWIGCPP -o CMakeFiles/_CanorusPython.dir/score/bookmark.cpp.o -c /home/m.tarenskeen/rpmbuild/SOURCES/canorus-0.7svn.R1091/src/score/bookmark.cpp
/usr/bin/cmake -E cmake_progress_report /home/m.tarenskeen/rpmbuild/SOURCES/canorus-0.7svn.R1091/CMakeFiles 
[ 14%] Building CXX object src/CMakeFiles/_CanorusPython.dir/score/fingering.cpp.o
cd /home/m.tarenskeen/rpmbuild/SOURCES/canorus-0.7svn.R1091/src &amp;&amp; /usr/lib/ccache/c++   -D_CanorusPython_EXPORTS -D__LINUX_ALSASEQ__ -DDEFAULT_DATA_DIR=\&quot;/usr/local/share/canorus\&quot; -DCANORUS_VERSION=\&quot;0.7svn.R1091\&quot; -DUSE_SWIG -DUSE_PYTHON -DQT_DLL -DQT_SVG_LIB -DQT_HELP_LIB -DQT_WEBKIT_LIB -DQT_GUI_LIB -DQT_XML_LIB -DQT_CORE_LIB -O0 -g -fPIC -I/home/m.tarenskeen/rpmbuild/SOURCES/canorus-0.7svn.R1091/src -I/home/m.tarenskeen/rpmbuild/SOURCES/canorus-0.7svn.R1091/src/zlib -I/usr/include/QtSvg -I/usr/include/QtHelp -I/usr/include/QtWebKit -I/usr/include/QtGui -I/usr/include/QtXml -I/usr/include/QtCore -I/usr/include/python2.5   -g -DSWIGCPP -o CMakeFiles/_CanorusPython.dir/score/fingering.cpp.o -c /home/m.tarenskeen/rpmbuild/SOURCES/canorus-0.7svn.R1091/src/score/fingering.cpp
/usr/bin/cmake -E cmake_progress_report /home/m.tarenskeen/rpmbuild/SOURCES/canorus-0.7svn.R1091/CMakeFiles 
[ 14%] Building CXX object src/CMakeFiles/_CanorusPython.dir/score/dynamic.cpp.o
cd /home/m.tarenskeen/rpmbuild/SOURCES/canorus-0.7svn.R1091/src &amp;&amp; /usr/lib/ccache/c++   -D_CanorusPython_EXPORTS -D__LINUX_ALSASEQ__ -DDEFAULT_DATA_DIR=\&quot;/usr/local/share/canorus\&quot; -DCANORUS_VERSION=\&quot;0.7svn.R1091\&quot; -DUSE_SWIG -DUSE_PYTHON -DQT_DLL -DQT_SVG_LIB -DQT_HELP_LIB -DQT_WEBKIT_LIB -DQT_GUI_LIB -DQT_XML_LIB -DQT_CORE_LIB -O0 -g -fPIC -I/home/m.tarenskeen/rpmbuild/SOURCES/canorus-0.7svn.R1091/src -I/home/m.tarenskeen/rpmbuild/SOURCES/canorus-0.7svn.R1091/src/zlib -I/usr/include/QtSvg -I/usr/include/QtHelp -I/usr/include/QtWebKit -I/usr/include/QtGui -I/usr/include/QtXml -I/usr/include/QtCore -I/usr/include/python2.5   -g -DSWIGCPP -o CMakeFiles/_CanorusPython.dir/score/dynamic.cpp.o -c /home/m.tarenskeen/rpmbuild/SOURCES/canorus-0.7svn.R1091/src/score/dynamic.cpp
/usr/bin/cmake -E cmake_progress_report /home/m.tarenskeen/rpmbuild/SOURCES/canorus-0.7svn.R1091/CMakeFiles 11
[ 15%] Building CXX object src/CMakeFiles/_CanorusPython.dir/score/crescendo.cpp.o
cd /home/m.tarenskeen/rpmbuild/SOURCES/canorus-0.7svn.R1091/src &amp;&amp; /usr/lib/ccache/c++   -D_CanorusPython_EXPORTS -D__LINUX_ALSASEQ__ -DDEFAULT_DATA_DIR=\&quot;/usr/local/share/canorus\&quot; -DCANORUS_VERSION=\&quot;0.7svn.R1091\&quot; -DUSE_SWIG -DUSE_PYTHON -DQT_DLL -DQT_SVG_LIB -DQT_HELP_LIB -DQT_WEBKIT_LIB -DQT_GUI_LIB -DQT_XML_LIB -DQT_CORE_LIB -O0 -g -fPIC -I/home/m.tarenskeen/rpmbuild/SOURCES/canorus-0.7svn.R1091/src -I/home/m.tarenskeen/rpmbuild/SOURCES/canorus-0.7svn.R1091/src/zlib -I/usr/include/QtSvg -I/usr/include/QtHelp -I/usr/include/QtWebKit -I/usr/include/QtGui -I/usr/include/QtXml -I/usr/include/QtCore -I/usr/include/python2.5   -g -DSWIGCPP -o CMakeFiles/_CanorusPython.dir/score/crescendo.cpp.o -c /home/m.tarenskeen/rpmbuild/SOURCES/canorus-0.7svn.R1091/src/score/crescendo.cpp
/usr/bin/cmake -E cmake_progress_report /home/m.tarenskeen/rpmbuild/SOURCES/canorus-0.7svn.R1091/CMakeFiles 
[ 15%] Building CXX object src/CMakeFiles/_CanorusPython.dir/score/instrumentchange.cpp.o
cd /home/m.tarenskeen/rpmbuild/SOURCES/canorus-0.7svn.R1091/src &amp;&amp; /usr/lib/ccache/c++   -D_CanorusPython_EXPORTS -D__LINUX_ALSASEQ__ -DDEFAULT_DATA_DIR=\&quot;/usr/local/share/canorus\&quot; -DCANORUS_VERSION=\&quot;0.7svn.R1091\&quot; -DUSE_SWIG -DUSE_PYTHON -DQT_DLL -DQT_SVG_LIB -DQT_HELP_LIB -DQT_WEBKIT_LIB -DQT_GUI_LIB -DQT_XML_LIB -DQT_CORE_LIB -O0 -g -fPIC -I/home/m.tarenskeen/rpmbuild/SOURCES/canorus-0.7svn.R1091/src -I/home/m.tarenskeen/rpmbuild/SOURCES/canorus-0.7svn.R1091/src/zlib -I/usr/include/QtSvg -I/usr/include/QtHelp -I/usr/include/QtWebKit -I/usr/include/QtGui -I/usr/include/QtXml -I/usr/include/QtCore -I/usr/include/python2.5   -g -DSWIGCPP -o CMakeFiles/_CanorusPython.dir/score/instrumentchange.cpp.o -c /home/m.tarenskeen/rpmbuild/SOURCES/canorus-0.7svn.R1091/src/score/instrumentchange.cpp
/usr/bin/cmake -E cmake_progress_report /home/m.tarenskeen/rpmbuild/SOURCES/canorus-0.7svn.R1091/CMakeFiles 
[ 15%] Building CXX object src/CMakeFiles/_CanorusPython.dir/score/syllable.cpp.o
cd /home/m.tarenskeen/rpmbuild/SOURCES/canorus-0.7svn.R1091/src &amp;&amp; /usr/lib/ccache/c++   -D_CanorusPython_EXPORTS -D__LINUX_ALSASEQ__ -DDEFAULT_DATA_DIR=\&quot;/usr/local/share/canorus\&quot; -DCANORUS_VERSION=\&quot;0.7svn.R1091\&quot; -DUSE_SWIG -DUSE_PYTHON -DQT_DLL -DQT_SVG_LIB -DQT_HELP_LIB -DQT_WEBKIT_LIB -DQT_GUI_LIB -DQT_XML_LIB -DQT_CORE_LIB -O0 -g -fPIC -I/home/m.tarenskeen/rpmbuild/SOURCES/canorus-0.7svn.R1091/src -I/home/m.tarenskeen/rpmbuild/SOURCES/canorus-0.7svn.R1091/src/zlib -I/usr/include/QtSvg -I/usr/include/QtHelp -I/usr/include/QtWebKit -I/usr/include/QtGui -I/usr/include/QtXml -I/usr/include/QtCore -I/usr/include/python2.5   -g -DSWIGCPP -o CMakeFiles/_CanorusPython.dir/score/syllable.cpp.o -c /home/m.tarenskeen/rpmbuild/SOURCES/canorus-0.7svn.R1091/src/score/syllable.cpp
/usr/bin/cmake -E cmake_progress_report /home/m.tarenskeen/rpmbuild/SOURCES/canorus-0.7svn.R1091/CMakeFiles 12
[ 16%] Building CXX object src/CMakeFiles/_CanorusPython.dir/score/functionmark.cpp.o
cd /home/m.tarenskeen/rpmbuild/SOURCES/canorus-0.7svn.R1091/src &amp;&amp; /usr/lib/ccache/c++   -D_CanorusPython_EXPORTS -D__LINUX_ALSASEQ__ -DDEFAULT_DATA_DIR=\&quot;/usr/local/share/canorus\&quot; -DCANORUS_VERSION=\&quot;0.7svn.R1091\&quot; -DUSE_SWIG -DUSE_PYTHON -DQT_DLL -DQT_SVG_LIB -DQT_HELP_LIB -DQT_WEBKIT_LIB -DQT_GUI_LIB -DQT_XML_LIB -DQT_CORE_LIB -O0 -g -fPIC -I/home/m.tarenskeen/rpmbuild/SOURCES/canorus-0.7svn.R1091/src -I/home/m.tarenskeen/rpmbuild/SOURCES/canorus-0.7svn.R1091/src/zlib -I/usr/include/QtSvg -I/usr/include/QtHelp -I/usr/include/QtWebKit -I/usr/include/QtGui -I/usr/include/QtXml -I/usr/include/QtCore -I/usr/include/python2.5   -g -DSWIGCPP -o CMakeFiles/_CanorusPython.dir/score/functionmark.cpp.o -c /home/m.tarenskeen/rpmbuild/SOURCES/canorus-0.7svn.R1091/src/score/functionmark.cpp
/usr/bin/cmake -E cmake_progress_report /home/m.tarenskeen/rpmbuild/SOURCES/canorus-0.7svn.R1091/CMakeFiles 
[ 16%] Building CXX object src/CMakeFiles/_CanorusPython.dir/core/transpose.cpp.o
cd /home/m.tarenskeen/rpmbuild/SOURCES/canorus-0.7svn.R1091/src &amp;&amp; /usr/lib/ccache/c++   -D_CanorusPython_EXPORTS -D__LINUX_ALSASEQ__ -DDEFAULT_DATA_DIR=\&quot;/usr/local/share/canorus\&quot; -DCANORUS_VERSION=\&quot;0.7svn.R1091\&quot; -DUSE_SWIG -DUSE_PYTHON -DQT_DLL -DQT_SVG_LIB -DQT_HELP_LIB -DQT_WEBKIT_LIB -DQT_GUI_LIB -DQT_XML_LIB -DQT_CORE_LIB -O0 -g -fPIC -I/home/m.tarenskeen/rpmbuild/SOURCES/canorus-0.7svn.R1091/src -I/home/m.tarenskeen/rpmbuild/SOURCES/canorus-0.7svn.R1091/src/zlib -I/usr/include/QtSvg -I/usr/include/QtHelp -I/usr/include/QtWebKit -I/usr/include/QtGui -I/usr/include/QtXml -I/usr/include/QtCore -I/usr/include/python2.5   -g -DSWIGCPP -o CMakeFiles/_CanorusPython.dir/core/transpose.cpp.o -c /home/m.tarenskeen/rpmbuild/SOURCES/canorus-0.7svn.R1091/src/core/transpose.cpp
/usr/bin/cmake -E cmake_progress_report /home/m.tarenskeen/rpmbuild/SOURCES/canorus-0.7svn.R1091/CMakeFiles 
[ 16%] Building CXX object src/CMakeFiles/_CanorusPython.dir/core/settings.cpp.o
cd /home/m.tarenskeen/rpmbuild/SOURCES/canorus-0.7svn.R1091/src &amp;&amp; /usr/lib/ccache/c++   -D_CanorusPython_EXPORTS -D__LINUX_ALSASEQ__ -DDEFAULT_DATA_DIR=\&quot;/usr/local/share/canorus\&quot; -DCANORUS_VERSION=\&quot;0.7svn.R1091\&quot; -DUSE_SWIG -DUSE_PYTHON -DQT_DLL -DQT_SVG_LIB -DQT_HELP_LIB -DQT_WEBKIT_LIB -DQT_GUI_LIB -DQT_XML_LIB -DQT_CORE_LIB -O0 -g -fPIC -I/home/m.tarenskeen/rpmbuild/SOURCES/canorus-0.7svn.R1091/src -I/home/m.tarenskeen/rpmbuild/SOURCES/canorus-0.7svn.R1091/src/zlib -I/usr/include/QtSvg -I/usr/include/QtHelp -I/usr/include/QtWebKit -I/usr/include/QtGui -I/usr/include/QtXml -I/usr/include/QtCore -I/usr/include/python2.5   -g -DSWIGCPP -o CMakeFiles/_CanorusPython.dir/core/settings.cpp.o -c /home/m.tarenskeen/rpmbuild/SOURCES/canorus-0.7svn.R1091/src/core/settings.cpp
/usr/bin/cmake -E cmake_progress_report /home/m.tarenskeen/rpmbuild/SOURCES/canorus-0.7svn.R1091/CMakeFiles 13
[ 17%] Building CXX object src/CMakeFiles/_CanorusPython.dir/core/file.cpp.o
cd /home/m.tarenskeen/rpmbuild/SOURCES/canorus-0.7svn.R1091/src &amp;&amp; /usr/lib/ccache/c++   -D_CanorusPython_EXPORTS -D__LINUX_ALSASEQ__ -DDEFAULT_DATA_DIR=\&quot;/usr/local/share/canorus\&quot; -DCANORUS_VERSION=\&quot;0.7svn.R1091\&quot; -DUSE_SWIG -DUSE_PYTHON -DQT_DLL -DQT_SVG_LIB -DQT_HELP_LIB -DQT_WEBKIT_LIB -DQT_GUI_LIB -DQT_XML_LIB -DQT_CORE_LIB -O0 -g -fPIC -I/home/m.tarenskeen/rpmbuild/SOURCES/canorus-0.7svn.R1091/src -I/home/m.tarenskeen/rpmbuild/SOURCES/canorus-0.7svn.R1091/src/zlib -I/usr/include/QtSvg -I/usr/include/QtHelp -I/usr/include/QtWebKit -I/usr/include/QtGui -I/usr/include/QtXml -I/usr/include/QtCore -I/usr/include/python2.5   -g -DSWIGCPP -o CMakeFiles/_CanorusPython.dir/core/file.cpp.o -c /home/m.tarenskeen/rpmbuild/SOURCES/canorus-0.7svn.R1091/src/core/file.cpp
/usr/bin/cmake -E cmake_progress_report /home/m.tarenskeen/rpmbuild/SOURCES/canorus-0.7svn.R1091/CMakeFiles 
[ 17%] Building CXX object src/CMakeFiles/_CanorusPython.dir/core/tar.cpp.o
cd /home/m.tarenskeen/rpmbuild/SOURCES/canorus-0.7svn.R1091/src &amp;&amp; /usr/lib/ccache/c++   -D_CanorusPython_EXPORTS -D__LINUX_ALSASEQ__ -DDEFAULT_DATA_DIR=\&quot;/usr/local/share/canorus\&quot; -DCANORUS_VERSION=\&quot;0.7svn.R1091\&quot; -DUSE_SWIG -DUSE_PYTHON -DQT_DLL -DQT_SVG_LIB -DQT_HELP_LIB -DQT_WEBKIT_LIB -DQT_GUI_LIB -DQT_XML_LIB -DQT_CORE_LIB -O0 -g -fPIC -I/home/m.tarenskeen/rpmbuild/SOURCES/canorus-0.7svn.R1091/src -I/home/m.tarenskeen/rpmbuild/SOURCES/canorus-0.7svn.R1091/src/zlib -I/usr/include/QtSvg -I/usr/include/QtHelp -I/usr/include/QtWebKit -I/usr/include/QtGui -I/usr/include/QtXml -I/usr/include/QtCore -I/usr/include/python2.5   -g -DSWIGCPP -o CMakeFiles/_CanorusPython.dir/core/tar.cpp.o -c /home/m.tarenskeen/rpmbuild/SOURCES/canorus-0.7svn.R1091/src/core/tar.cpp
/usr/bin/cmake -E cmake_progress_report /home/m.tarenskeen/rpmbuild/SOURCES/canorus-0.7svn.R1091/CMakeFiles 
[ 17%] Building CXX object src/CMakeFiles/_CanorusPython.dir/core/archive.cpp.o
cd /home/m.tarenskeen/rpmbuild/SOURCES/canorus-0.7svn.R1091/src &amp;&amp; /usr/lib/ccache/c++   -D_CanorusPython_EXPORTS -D__LINUX_ALSASEQ__ -DDEFAULT_DATA_DIR=\&quot;/usr/local/share/canorus\&quot; -DCANORUS_VERSION=\&quot;0.7svn.R1091\&quot; -DUSE_SWIG -DUSE_PYTHON -DQT_DLL -DQT_SVG_LIB -DQT_HELP_LIB -DQT_WEBKIT_LIB -DQT_GUI_LIB -DQT_XML_LIB -DQT_CORE_LIB -O0 -g -fPIC -I/home/m.tarenskeen/rpmbuild/SOURCES/canorus-0.7svn.R1091/src -I/home/m.tarenskeen/rpmbuild/SOURCES/canorus-0.7svn.R1091/src/zlib -I/usr/include/QtSvg -I/usr/include/QtHelp -I/usr/include/QtWebKit -I/usr/include/QtGui -I/usr/include/QtXml -I/usr/include/QtCore -I/usr/include/python2.5   -g -DSWIGCPP -o CMakeFiles/_CanorusPython.dir/core/archive.cpp.o -c /home/m.tarenskeen/rpmbuild/SOURCES/canorus-0.7svn.R1091/src/core/archive.cpp
/usr/bin/cmake -E cmake_progress_report /home/m.tarenskeen/rpmbuild/SOURCES/canorus-0.7svn.R1091/CMakeFiles 14
[ 18%] Building CXX object src/CMakeFiles/_CanorusPython.dir/core/midirecorder.cpp.o
cd /home/m.tarenskeen/rpmbuild/SOURCES/canorus-0.7svn.R1091/src &amp;&amp; /usr/lib/ccache/c++   -D_CanorusPython_EXPORTS -D__LINUX_ALSASEQ__ -DDEFAULT_DATA_DIR=\&quot;/usr/local/share/canorus\&quot; -DCANORUS_VERSION=\&quot;0.7svn.R1091\&quot; -DUSE_SWIG -DUSE_PYTHON -DQT_DLL -DQT_SVG_LIB -DQT_HELP_LIB -DQT_WEBKIT_LIB -DQT_GUI_LIB -DQT_XML_LIB -DQT_CORE_LIB -O0 -g -fPIC -I/home/m.tarenskeen/rpmbuild/SOURCES/canorus-0.7svn.R1091/src -I/home/m.tarenskeen/rpmbuild/SOURCES/canorus-0.7svn.R1091/src/zlib -I/usr/include/QtSvg -I/usr/include/QtHelp -I/usr/include/QtWebKit -I/usr/include/QtGui -I/usr/include/QtXml -I/usr/include/QtCore -I/usr/include/python2.5   -g -DSWIGCPP -o CMakeFiles/_CanorusPython.dir/core/midirecorder.cpp.o -c /home/m.tarenskeen/rpmbuild/SOURCES/canorus-0.7svn.R1091/src/core/midirecorder.cpp
/usr/bin/cmake -E cmake_progress_report /home/m.tarenskeen/rpmbuild/SOURCES/canorus-0.7svn.R1091/CMakeFiles 
[ 18%] Building CXX object src/CMakeFiles/_CanorusPython.dir/core/typesetter.cpp.o
cd /home/m.tarenskeen/rpmbuild/SOURCES/canorus-0.7svn.R1091/src &amp;&amp; /usr/lib/ccache/c++   -D_CanorusPython_EXPORTS -D__LINUX_ALSASEQ__ -DDEFAULT_DATA_DIR=\&quot;/usr/local/share/canorus\&quot; -DCANORUS_VERSION=\&quot;0.7svn.R1091\&quot; -DUSE_SWIG -DUSE_PYTHON -DQT_DLL -DQT_SVG_LIB -DQT_HELP_LIB -DQT_WEBKIT_LIB -DQT_GUI_LIB -DQT_XML_LIB -DQT_CORE_LIB -O0 -g -fPIC -I/home/m.tarenskeen/rpmbuild/SOURCES/canorus-0.7svn.R1091/src -I/home/m.tarenskeen/rpmbuild/SOURCES/canorus-0.7svn.R1091/src/zlib -I/usr/include/QtSvg -I/usr/include/QtHelp -I/usr/include/QtWebKit -I/usr/include/QtGui -I/usr/include/QtXml -I/usr/include/QtCore -I/usr/include/python2.5   -g -DSWIGCPP -o CMakeFiles/_CanorusPython.dir/core/typesetter.cpp.o -c /home/m.tarenskeen/rpmbuild/SOURCES/canorus-0.7svn.R1091/src/core/typesetter.cpp
/usr/bin/cmake -E cmake_progress_report /home/m.tarenskeen/rpmbuild/SOURCES/canorus-0.7svn.R1091/CMakeFiles 
[ 18%] Building CXX object src/CMakeFiles/_CanorusPython.dir/core/muselementfactory.cpp.o
cd /home/m.tarenskeen/rpmbuild/SOURCES/canorus-0.7svn.R1091/src &amp;&amp; /usr/lib/ccache/c++   -D_CanorusPython_EXPORTS -D__LINUX_ALSASEQ__ -DDEFAULT_DATA_DIR=\&quot;/usr/local/share/canorus\&quot; -DCANORUS_VERSION=\&quot;0.7svn.R1091\&quot; -DUSE_SWIG -DUSE_PYTHON -DQT_DLL -DQT_SVG_LIB -DQT_HELP_LIB -DQT_WEBKIT_LIB -DQT_GUI_LIB -DQT_XML_LIB -DQT_CORE_LIB -O0 -g -fPIC -I/home/m.tarenskeen/rpmbuild/SOURCES/canorus-0.7svn.R1091/src -I/home/m.tarenskeen/rpmbuild/SOURCES/canorus-0.7svn.R1091/src/zlib -I/usr/include/QtSvg -I/usr/include/QtHelp -I/usr/include/QtWebKit -I/usr/include/QtGui -I/usr/include/QtXml -I/usr/include/QtCore -I/usr/include/python2.5   -g -DSWIGCPP -o CMakeFiles/_CanorusPython.dir/core/muselementfactory.cpp.o -c /home/m.tarenskeen/rpmbuild/SOURCES/canorus-0.7svn.R1091/src/core/muselementfactory.cpp
In file included from /home/m.tarenskeen/rpmbuild/SOURCES/canorus-0.7svn.R1091/src/canorus.h:12,
                 from /home/m.tarenskeen/rpmbuild/SOURCES/canorus-0.7svn.R1091/src/core/muselementfactory.cpp:21:
/home/m.tarenskeen/rpmbuild/SOURCES/canorus-0.7svn.R1091/src/ui/settingsdialog.h:15:31: error: ui_settingsdialog.h: No such file or directory
In file included from /home/m.tarenskeen/rpmbuild/SOURCES/canorus-0.7svn.R1091/src/canorus.h:13,
                 from /home/m.tarenskeen/rpmbuild/SOURCES/canorus-0.7svn.R1091/src/core/muselementfactory.cpp:21:
/home/m.tarenskeen/rpmbuild/SOURCES/canorus-0.7svn.R1091/src/ui/mainwin.h:17:24: error: ui_mainwin.h: No such file or directory
In file included from /home/m.tarenskeen/rpmbuild/SOURCES/canorus-0.7svn.R1091/src/canorus.h:12,
                 from /home/m.tarenskeen/rpmbuild/SOURCES/canorus-0.7svn.R1091/src/core/muselementfactory.cpp:21:
/home/m.tarenskeen/rpmbuild/SOURCES/canorus-0.7svn.R1091/src/ui/settingsdialog.h:20: error: 'Ui' has not been declared
/home/m.tarenskeen/rpmbuild/SOURCES/canorus-0.7svn.R1091/src/ui/settingsdialog.h:20: error: expected `{' before 'uiSettingsDialog'
/home/m.tarenskeen/rpmbuild/SOURCES/canorus-0.7svn.R1091/src/ui/settingsdialog.h:20: error: function definition does not declare parameters
In file included from /home/m.tarenskeen/rpmbuild/SOURCES/canorus-0.7svn.R1091/src/canorus.h:13,
                 from /home/m.tarenskeen/rpmbuild/SOURCES/canorus-0.7svn.R1091/src/core/muselementfactory.cpp:21:
/home/m.tarenskeen/rpmbuild/SOURCES/canorus-0.7svn.R1091/src/ui/mainwin.h:61: error: expected class-name before ',' token
/home/m.tarenskeen/rpmbuild/SOURCES/canorus-0.7svn.R1091/src/ui/mainwin.h:61: error: 'Ui' has not been declared
/home/m.tarenskeen/rpmbuild/SOURCES/canorus-0.7svn.R1091/src/ui/mainwin.h:61: error: expected `{' before 'uiMainWindow'
/home/m.tarenskeen/rpmbuild/SOURCES/canorus-0.7svn.R1091/src/ui/mainwin.h:61: error: function definition does not declare parameters
In file included from /home/m.tarenskeen/rpmbuild/SOURCES/canorus-0.7svn.R1091/src/core/muselementfactory.cpp:21:
/home/m.tarenskeen/rpmbuild/SOURCES/canorus-0.7svn.R1091/src/canorus.h:30: error: 'CASettingsPage' in class 'CASettingsDialog' does not name a type
/home/m.tarenskeen/rpmbuild/SOURCES/canorus-0.7svn.R1091/src/canorus.h: In static member function 'static void CACanorus::removeView(CAView*)':
/home/m.tarenskeen/rpmbuild/SOURCES/canorus-0.7svn.R1091/src/canorus.h:52: error: invalid use of incomplete type 'class CAMainWin'
/home/m.tarenskeen/rpmbuild/SOURCES/canorus-0.7svn.R1091/src/control/mainwinprogressctl.h:13: error: forward declaration of 'class CAMainWin'
/home/m.tarenskeen/rpmbuild/SOURCES/canorus-0.7svn.R1091/src/canorus.h: In static member function 'static void CACanorus::restartTimeEditedTimes(CADocument*)':
/home/m.tarenskeen/rpmbuild/SOURCES/canorus-0.7svn.R1091/src/canorus.h:53: error: invalid use of incomplete type 'class CAMainWin'
/home/m.tarenskeen/rpmbuild/SOURCES/canorus-0.7svn.R1091/src/control/mainwinprogressctl.h:13: error: forward declaration of 'class CAMainWin'
/home/m.tarenskeen/rpmbuild/SOURCES/canorus-0.7svn.R1091/src/canorus.h:53: error: invalid use of incomplete type 'class CAMainWin'
/home/m.tarenskeen/rpmbuild/SOURCES/canorus-0.7svn.R1091/src/control/mainwinprogressctl.h:13: error: forward declaration of 'class CAMainWin'
make[2]: *** [src/CMakeFiles/_CanorusPython.dir/core/muselementfactory.cpp.o] Error 1
make[2]: Leaving directory `/home/m.tarenskeen/rpmbuild/SOURCES/canorus-0.7svn.R1091'
make[1]: *** [src/CMakeFiles/_CanorusPython.dir/all] Error 2
make[1]: Leaving directory `/home/m.tarenskeen/rpmbuild/SOURCES/canorus-0.7svn.R1091'
make: *** [all] Error 2
-------------- next part --------------
-- The C compiler identification is GNU
-- The CXX compiler identification is GNU
-- Check for working C compiler: /usr/lib/ccache/gcc
-- Check for working C compiler: /usr/lib/ccache/gcc -- works
-- Detecting C compiler ABI info
-- Detecting C compiler ABI info - done
-- Check for working CXX compiler: /usr/lib/ccache/c++
-- Check for working CXX compiler: /usr/lib/ccache/c++ -- works
-- Detecting CXX compiler ABI info
-- Detecting CXX compiler ABI info - done
-- Looking for Q_WS_X11
-- Looking for Q_WS_X11 - found
-- Looking for Q_WS_WIN
-- Looking for Q_WS_WIN - not found.
-- Looking for Q_WS_QWS
-- Looking for Q_WS_QWS - not found.
-- Looking for Q_WS_MAC
-- Looking for Q_WS_MAC - not found.
-- Found Qt-Version 4.5.1
-- Found OpenSSL: /usr/lib/libssl.so
-- Looking for _POSIX_TIMERS
-- Looking for _POSIX_TIMERS - found
SWIG found, using scripting extensions.
Ruby Library and Development files *not* found. Ruby extensions disabled!
-- Found PythonLibs: /usr/lib/python2.5/config/libpython2.5.so
Python Library and Development files found. Python extensions enabled.
-- Looking for openpty in util
-- Looking for openpty in util - found
-- Configuring done
-- Generating done
-- Build files have been written to: /home/m.tarenskeen/rpmbuild/SOURCES/canorus-0.7svn.R1093
-------------- next part --------------
/usr/bin/cmake -H/home/m.tarenskeen/rpmbuild/SOURCES/canorus-0.7svn.R1093 -B/home/m.tarenskeen/rpmbuild/SOURCES/canorus-0.7svn.R1093 --check-build-system CMakeFiles/Makefile.cmake 0
/usr/bin/cmake -E cmake_progress_start /home/m.tarenskeen/rpmbuild/SOURCES/canorus-0.7svn.R1093/CMakeFiles /home/m.tarenskeen/rpmbuild/SOURCES/canorus-0.7svn.R1093/CMakeFiles/progress.make
make -f CMakeFiles/Makefile2 all
make[1]: Entering directory `/home/m.tarenskeen/rpmbuild/SOURCES/canorus-0.7svn.R1093'
make -f src/CMakeFiles/_CanorusPython.dir/build.make src/CMakeFiles/_CanorusPython.dir/depend
make[2]: Entering directory `/home/m.tarenskeen/rpmbuild/SOURCES/canorus-0.7svn.R1093'
/usr/bin/cmake -E cmake_progress_report /home/m.tarenskeen/rpmbuild/SOURCES/canorus-0.7svn.R1093/CMakeFiles 
[  0%] Generating interface/moc_pluginaction.cxx
cd /home/m.tarenskeen/rpmbuild/SOURCES/canorus-0.7svn.R1093/src &amp;&amp; /usr/lib/qt4/bin/moc-qt4 -I/home/m.tarenskeen/rpmbuild/SOURCES/canorus-0.7svn.R1093/src -I/home/m.tarenskeen/rpmbuild/SOURCES/canorus-0.7svn.R1093/src/zlib -o /home/m.tarenskeen/rpmbuild/SOURCES/canorus-0.7svn.R1093/src/interface/moc_pluginaction.cxx /home/m.tarenskeen/rpmbuild/SOURCES/canorus-0.7svn.R1093/src/interface/pluginaction.h
/usr/bin/cmake -E cmake_progress_report /home/m.tarenskeen/rpmbuild/SOURCES/canorus-0.7svn.R1093/CMakeFiles 29
[  1%] Swig source
cd /home/m.tarenskeen/rpmbuild/SOURCES/canorus-0.7svn.R1093/src &amp;&amp; /usr/bin/swig -python -outdir /home/m.tarenskeen/rpmbuild/SOURCES/canorus-0.7svn.R1093/src -c++ -I/home/m.tarenskeen/rpmbuild/SOURCES/canorus-0.7svn.R1093/src -I/home/m.tarenskeen/rpmbuild/SOURCES/canorus-0.7svn.R1093/src/zlib -I/usr/include -I/usr/include/QtSvg -I/usr/include/QtHelp -I/usr/include/QtWebKit -I/usr/include/QtGui -I/usr/include/QtXml -I/usr/include/QtCore -I/usr/include/python2.5 -o /home/m.tarenskeen/rpmbuild/SOURCES/canorus-0.7svn.R1093/src//scripting/canoruspythonPYTHON_wrap.cxx /home/m.tarenskeen/rpmbuild/SOURCES/canorus-0.7svn.R1093/src/scripting/canoruspython.i
/usr/bin/cmake -E cmake_progress_report /home/m.tarenskeen/rpmbuild/SOURCES/canorus-0.7svn.R1093/CMakeFiles 
[  1%] Generating import/moc_import.cxx
cd /home/m.tarenskeen/rpmbuild/SOURCES/canorus-0.7svn.R1093/src &amp;&amp; /usr/lib/qt4/bin/moc-qt4 -I/home/m.tarenskeen/rpmbuild/SOURCES/canorus-0.7svn.R1093/src -I/home/m.tarenskeen/rpmbuild/SOURCES/canorus-0.7svn.R1093/src/zlib -o /home/m.tarenskeen/rpmbuild/SOURCES/canorus-0.7svn.R1093/src/import/moc_import.cxx /home/m.tarenskeen/rpmbuild/SOURCES/canorus-0.7svn.R1093/src/import/import.h
/usr/bin/cmake -E cmake_progress_report /home/m.tarenskeen/rpmbuild/SOURCES/canorus-0.7svn.R1093/CMakeFiles 
[  1%] Generating export/moc_export.cxx
cd /home/m.tarenskeen/rpmbuild/SOURCES/canorus-0.7svn.R1093/src &amp;&amp; /usr/lib/qt4/bin/moc-qt4 -I/home/m.tarenskeen/rpmbuild/SOURCES/canorus-0.7svn.R1093/src -I/home/m.tarenskeen/rpmbuild/SOURCES/canorus-0.7svn.R1093/src/zlib -o /home/m.tarenskeen/rpmbuild/SOURCES/canorus-0.7svn.R1093/src/export/moc_export.cxx /home/m.tarenskeen/rpmbuild/SOURCES/canorus-0.7svn.R1093/src/export/export.h
/usr/bin/cmake -E cmake_progress_report /home/m.tarenskeen/rpmbuild/SOURCES/canorus-0.7svn.R1093/CMakeFiles 30
[  2%] Generating export/moc_pdfexport.cxx
cd /home/m.tarenskeen/rpmbuild/SOURCES/canorus-0.7svn.R1093/src &amp;&amp; /usr/lib/qt4/bin/moc-qt4 -I/home/m.tarenskeen/rpmbuild/SOURCES/canorus-0.7svn.R1093/src -I/home/m.tarenskeen/rpmbuild/SOURCES/canorus-0.7svn.R1093/src/zlib -o /home/m.tarenskeen/rpmbuild/SOURCES/canorus-0.7svn.R1093/src/export/moc_pdfexport.cxx /home/m.tarenskeen/rpmbuild/SOURCES/canorus-0.7svn.R1093/src/export/pdfexport.h
/usr/bin/cmake -E cmake_progress_report /home/m.tarenskeen/rpmbuild/SOURCES/canorus-0.7svn.R1093/CMakeFiles 
[  2%] Generating export/moc_svgexport.cxx
cd /home/m.tarenskeen/rpmbuild/SOURCES/canorus-0.7svn.R1093/src &amp;&amp; /usr/lib/qt4/bin/moc-qt4 -I/home/m.tarenskeen/rpmbuild/SOURCES/canorus-0.7svn.R1093/src -I/home/m.tarenskeen/rpmbuild/SOURCES/canorus-0.7svn.R1093/src/zlib -o /home/m.tarenskeen/rpmbuild/SOURCES/canorus-0.7svn.R1093/src/export/moc_svgexport.cxx /home/m.tarenskeen/rpmbuild/SOURCES/canorus-0.7svn.R1093/src/export/svgexport.h
/usr/bin/cmake -E cmake_progress_report /home/m.tarenskeen/rpmbuild/SOURCES/canorus-0.7svn.R1093/CMakeFiles 
[  2%] Generating control/moc_externprogram.cxx
cd /home/m.tarenskeen/rpmbuild/SOURCES/canorus-0.7svn.R1093/src &amp;&amp; /usr/lib/qt4/bin/moc-qt4 -I/home/m.tarenskeen/rpmbuild/SOURCES/canorus-0.7svn.R1093/src -I/home/m.tarenskeen/rpmbuild/SOURCES/canorus-0.7svn.R1093/src/zlib -o /home/m.tarenskeen/rpmbuild/SOURCES/canorus-0.7svn.R1093/src/control/moc_externprogram.cxx /home/m.tarenskeen/rpmbuild/SOURCES/canorus-0.7svn.R1093/src/control/externprogram.h
/usr/bin/cmake -E cmake_progress_report /home/m.tarenskeen/rpmbuild/SOURCES/canorus-0.7svn.R1093/CMakeFiles 31
[  3%] Generating control/moc_typesetctl.cxx
cd /home/m.tarenskeen/rpmbuild/SOURCES/canorus-0.7svn.R1093/src &amp;&amp; /usr/lib/qt4/bin/moc-qt4 -I/home/m.tarenskeen/rpmbuild/SOURCES/canorus-0.7svn.R1093/src -I/home/m.tarenskeen/rpmbuild/SOURCES/canorus-0.7svn.R1093/src/zlib -o /home/m.tarenskeen/rpmbuild/SOURCES/canorus-0.7svn.R1093/src/control/moc_typesetctl.cxx /home/m.tarenskeen/rpmbuild/SOURCES/canorus-0.7svn.R1093/src/control/typesetctl.h
/usr/bin/cmake -E cmake_progress_report /home/m.tarenskeen/rpmbuild/SOURCES/canorus-0.7svn.R1093/CMakeFiles 
[  3%] Generating interface/moc_mididevice.cxx
cd /home/m.tarenskeen/rpmbuild/SOURCES/canorus-0.7svn.R1093/src &amp;&amp; /usr/lib/qt4/bin/moc-qt4 -I/home/m.tarenskeen/rpmbuild/SOURCES/canorus-0.7svn.R1093/src -I/home/m.tarenskeen/rpmbuild/SOURCES/canorus-0.7svn.R1093/src/zlib -o /home/m.tarenskeen/rpmbuild/SOURCES/canorus-0.7svn.R1093/src/interface/moc_mididevice.cxx /home/m.tarenskeen/rpmbuild/SOURCES/canorus-0.7svn.R1093/src/interface/mididevice.h
/usr/bin/cmake -E cmake_progress_report /home/m.tarenskeen/rpmbuild/SOURCES/canorus-0.7svn.R1093/CMakeFiles 
[  3%] Generating interface/moc_playback.cxx
cd /home/m.tarenskeen/rpmbuild/SOURCES/canorus-0.7svn.R1093/src &amp;&amp; /usr/lib/qt4/bin/moc-qt4 -I/home/m.tarenskeen/rpmbuild/SOURCES/canorus-0.7svn.R1093/src -I/home/m.tarenskeen/rpmbuild/SOURCES/canorus-0.7svn.R1093/src/zlib -o /home/m.tarenskeen/rpmbuild/SOURCES/canorus-0.7svn.R1093/src/interface/moc_playback.cxx /home/m.tarenskeen/rpmbuild/SOURCES/canorus-0.7svn.R1093/src/interface/playback.h
/usr/bin/cmake -E cmake_progress_report /home/m.tarenskeen/rpmbuild/SOURCES/canorus-0.7svn.R1093/CMakeFiles 32
[  4%] Generating core/moc_midirecorder.cxx
cd /home/m.tarenskeen/rpmbuild/SOURCES/canorus-0.7svn.R1093/src &amp;&amp; /usr/lib/qt4/bin/moc-qt4 -I/home/m.tarenskeen/rpmbuild/SOURCES/canorus-0.7svn.R1093/src -I/home/m.tarenskeen/rpmbuild/SOURCES/canorus-0.7svn.R1093/src/zlib -o /home/m.tarenskeen/rpmbuild/SOURCES/canorus-0.7svn.R1093/src/core/moc_midirecorder.cxx /home/m.tarenskeen/rpmbuild/SOURCES/canorus-0.7svn.R1093/src/core/midirecorder.h
cd /home/m.tarenskeen/rpmbuild/SOURCES/canorus-0.7svn.R1093 &amp;&amp; /usr/bin/cmake -E cmake_depends &quot;Unix Makefiles&quot; /home/m.tarenskeen/rpmbuild/SOURCES/canorus-0.7svn.R1093 /home/m.tarenskeen/rpmbuild/SOURCES/canorus-0.7svn.R1093/src /home/m.tarenskeen/rpmbuild/SOURCES/canorus-0.7svn.R1093 /home/m.tarenskeen/rpmbuild/SOURCES/canorus-0.7svn.R1093/src /home/m.tarenskeen/rpmbuild/SOURCES/canorus-0.7svn.R1093/src/CMakeFiles/_CanorusPython.dir/DependInfo.cmake --color=
Deleting primary custom command output &quot;/home/m.tarenskeen/rpmbuild/SOURCES/canorus-0.7svn.R1093/src//scripting/canoruspythonPYTHON_wrap.cxx&quot; because another output &quot;/home/m.tarenskeen/rpmbuild/SOURCES/canorus-0.7svn.R1093/src/canoruspython.py&quot; does not exist.
make[2]: Leaving directory `/home/m.tarenskeen/rpmbuild/SOURCES/canorus-0.7svn.R1093'
make -f src/CMakeFiles/_CanorusPython.dir/build.make src/CMakeFiles/_CanorusPython.dir/build
make[2]: Entering directory `/home/m.tarenskeen/rpmbuild/SOURCES/canorus-0.7svn.R1093'
/usr/bin/cmake -E cmake_progress_report /home/m.tarenskeen/rpmbuild/SOURCES/canorus-0.7svn.R1093/CMakeFiles 29
[  4%] Swig source
cd /home/m.tarenskeen/rpmbuild/SOURCES/canorus-0.7svn.R1093/src &amp;&amp; /usr/bin/swig -python -outdir /home/m.tarenskeen/rpmbuild/SOURCES/canorus-0.7svn.R1093/src -c++ -I/home/m.tarenskeen/rpmbuild/SOURCES/canorus-0.7svn.R1093/src -I/home/m.tarenskeen/rpmbuild/SOURCES/canorus-0.7svn.R1093/src/zlib -I/usr/include -I/usr/include/QtSvg -I/usr/include/QtHelp -I/usr/include/QtWebKit -I/usr/include/QtGui -I/usr/include/QtXml -I/usr/include/QtCore -I/usr/include/python2.5 -o /home/m.tarenskeen/rpmbuild/SOURCES/canorus-0.7svn.R1093/src//scripting/canoruspythonPYTHON_wrap.cxx /home/m.tarenskeen/rpmbuild/SOURCES/canorus-0.7svn.R1093/src/scripting/canoruspython.i
/usr/bin/cmake -E cmake_progress_report /home/m.tarenskeen/rpmbuild/SOURCES/canorus-0.7svn.R1093/CMakeFiles 
[  4%] Building CXX object src/CMakeFiles/_CanorusPython.dir/scripting/canoruspythonPYTHON_wrap.cxx.o
cd /home/m.tarenskeen/rpmbuild/SOURCES/canorus-0.7svn.R1093/src &amp;&amp; /usr/lib/ccache/c++   -D_CanorusPython_EXPORTS -D__LINUX_ALSASEQ__ -DDEFAULT_DATA_DIR=\&quot;/usr/local/share/canorus\&quot; -DCANORUS_VERSION=\&quot;0.7svn.R1093\&quot; -DUSE_SWIG -DUSE_PYTHON -DQT_DLL -DQT_SVG_LIB -DQT_HELP_LIB -DQT_WEBKIT_LIB -DQT_GUI_LIB -DQT_XML_LIB -DQT_CORE_LIB -O0 -g -fPIC -I/home/m.tarenskeen/rpmbuild/SOURCES/canorus-0.7svn.R1093/src -I/home/m.tarenskeen/rpmbuild/SOURCES/canorus-0.7svn.R1093/src/zlib -I/usr/include/QtSvg -I/usr/include/QtHelp -I/usr/include/QtWebKit -I/usr/include/QtGui -I/usr/include/QtXml -I/usr/include/QtCore -I/usr/include/python2.5   -g -DSWIGCPP -o CMakeFiles/_CanorusPython.dir/scripting/canoruspythonPYTHON_wrap.cxx.o -c /home/m.tarenskeen/rpmbuild/SOURCES/canorus-0.7svn.R1093/src/scripting/canoruspythonPYTHON_wrap.cxx
/usr/bin/cmake -E cmake_progress_report /home/m.tarenskeen/rpmbuild/SOURCES/canorus-0.7svn.R1093/CMakeFiles 
[  4%] Building CXX object src/CMakeFiles/_CanorusPython.dir/score/playablelength.cpp.o
cd /home/m.tarenskeen/rpmbuild/SOURCES/canorus-0.7svn.R1093/src &amp;&amp; /usr/lib/ccache/c++   -D_CanorusPython_EXPORTS -D__LINUX_ALSASEQ__ -DDEFAULT_DATA_DIR=\&quot;/usr/local/share/canorus\&quot; -DCANORUS_VERSION=\&quot;0.7svn.R1093\&quot; -DUSE_SWIG -DUSE_PYTHON -DQT_DLL -DQT_SVG_LIB -DQT_HELP_LIB -DQT_WEBKIT_LIB -DQT_GUI_LIB -DQT_XML_LIB -DQT_CORE_LIB -O0 -g -fPIC -I/home/m.tarenskeen/rpmbuild/SOURCES/canorus-0.7svn.R1093/src -I/home/m.tarenskeen/rpmbuild/SOURCES/canorus-0.7svn.R1093/src/zlib -I/usr/include/QtSvg -I/usr/include/QtHelp -I/usr/include/QtWebKit -I/usr/include/QtGui -I/usr/include/QtXml -I/usr/include/QtCore -I/usr/include/python2.5   -g -DSWIGCPP -o CMakeFiles/_CanorusPython.dir/score/playablelength.cpp.o -c /home/m.tarenskeen/rpmbuild/SOURCES/canorus-0.7svn.R1093/src/score/playablelength.cpp
/usr/bin/cmake -E cmake_progress_report /home/m.tarenskeen/rpmbuild/SOURCES/canorus-0.7svn.R1093/CMakeFiles 
[  4%] Building CXX object src/CMakeFiles/_CanorusPython.dir/score/diatonicpitch.cpp.o
cd /home/m.tarenskeen/rpmbuild/SOURCES/canorus-0.7svn.R1093/src &amp;&amp; /usr/lib/ccache/c++   -D_CanorusPython_EXPORTS -D__LINUX_ALSASEQ__ -DDEFAULT_DATA_DIR=\&quot;/usr/local/share/canorus\&quot; -DCANORUS_VERSION=\&quot;0.7svn.R1093\&quot; -DUSE_SWIG -DUSE_PYTHON -DQT_DLL -DQT_SVG_LIB -DQT_HELP_LIB -DQT_WEBKIT_LIB -DQT_GUI_LIB -DQT_XML_LIB -DQT_CORE_LIB -O0 -g -fPIC -I/home/m.tarenskeen/rpmbuild/SOURCES/canorus-0.7svn.R1093/src -I/home/m.tarenskeen/rpmbuild/SOURCES/canorus-0.7svn.R1093/src/zlib -I/usr/include/QtSvg -I/usr/include/QtHelp -I/usr/include/QtWebKit -I/usr/include/QtGui -I/usr/include/QtXml -I/usr/include/QtCore -I/usr/include/python2.5   -g -DSWIGCPP -o CMakeFiles/_CanorusPython.dir/score/diatonicpitch.cpp.o -c /home/m.tarenskeen/rpmbuild/SOURCES/canorus-0.7svn.R1093/src/score/diatonicpitch.cpp
/usr/bin/cmake -E cmake_progress_report /home/m.tarenskeen/rpmbuild/SOURCES/canorus-0.7svn.R1093/CMakeFiles 1
[  5%] Building CXX object src/CMakeFiles/_CanorusPython.dir/score/interval.cpp.o
cd /home/m.tarenskeen/rpmbuild/SOURCES/canorus-0.7svn.R1093/src &amp;&amp; /usr/lib/ccache/c++   -D_CanorusPython_EXPORTS -D__LINUX_ALSASEQ__ -DDEFAULT_DATA_DIR=\&quot;/usr/local/share/canorus\&quot; -DCANORUS_VERSION=\&quot;0.7svn.R1093\&quot; -DUSE_SWIG -DUSE_PYTHON -DQT_DLL -DQT_SVG_LIB -DQT_HELP_LIB -DQT_WEBKIT_LIB -DQT_GUI_LIB -DQT_XML_LIB -DQT_CORE_LIB -O0 -g -fPIC -I/home/m.tarenskeen/rpmbuild/SOURCES/canorus-0.7svn.R1093/src -I/home/m.tarenskeen/rpmbuild/SOURCES/canorus-0.7svn.R1093/src/zlib -I/usr/include/QtSvg -I/usr/include/QtHelp -I/usr/include/QtWebKit -I/usr/include/QtGui -I/usr/include/QtXml -I/usr/include/QtCore -I/usr/include/python2.5   -g -DSWIGCPP -o CMakeFiles/_CanorusPython.dir/score/interval.cpp.o -c /home/m.tarenskeen/rpmbuild/SOURCES/canorus-0.7svn.R1093/src/score/interval.cpp
/usr/bin/cmake -E cmake_progress_report /home/m.tarenskeen/rpmbuild/SOURCES/canorus-0.7svn.R1093/CMakeFiles 
[  5%] Building CXX object src/CMakeFiles/_CanorusPython.dir/score/diatonickey.cpp.o
cd /home/m.tarenskeen/rpmbuild/SOURCES/canorus-0.7svn.R1093/src &amp;&amp; /usr/lib/ccache/c++   -D_CanorusPython_EXPORTS -D__LINUX_ALSASEQ__ -DDEFAULT_DATA_DIR=\&quot;/usr/local/share/canorus\&quot; -DCANORUS_VERSION=\&quot;0.7svn.R1093\&quot; -DUSE_SWIG -DUSE_PYTHON -DQT_DLL -DQT_SVG_LIB -DQT_HELP_LIB -DQT_WEBKIT_LIB -DQT_GUI_LIB -DQT_XML_LIB -DQT_CORE_LIB -O0 -g -fPIC -I/home/m.tarenskeen/rpmbuild/SOURCES/canorus-0.7svn.R1093/src -I/home/m.tarenskeen/rpmbuild/SOURCES/canorus-0.7svn.R1093/src/zlib -I/usr/include/QtSvg -I/usr/include/QtHelp -I/usr/include/QtWebKit -I/usr/include/QtGui -I/usr/include/QtXml -I/usr/include/QtCore -I/usr/include/python2.5   -g -DSWIGCPP -o CMakeFiles/_CanorusPython.dir/score/diatonickey.cpp.o -c /home/m.tarenskeen/rpmbuild/SOURCES/canorus-0.7svn.R1093/src/score/diatonickey.cpp
/usr/bin/cmake -E cmake_progress_report /home/m.tarenskeen/rpmbuild/SOURCES/canorus-0.7svn.R1093/CMakeFiles 
[  5%] Building CXX object src/CMakeFiles/_CanorusPython.dir/score/document.cpp.o
cd /home/m.tarenskeen/rpmbuild/SOURCES/canorus-0.7svn.R1093/src &amp;&amp; /usr/lib/ccache/c++   -D_CanorusPython_EXPORTS -D__LINUX_ALSASEQ__ -DDEFAULT_DATA_DIR=\&quot;/usr/local/share/canorus\&quot; -DCANORUS_VERSION=\&quot;0.7svn.R1093\&quot; -DUSE_SWIG -DUSE_PYTHON -DQT_DLL -DQT_SVG_LIB -DQT_HELP_LIB -DQT_WEBKIT_LIB -DQT_GUI_LIB -DQT_XML_LIB -DQT_CORE_LIB -O0 -g -fPIC -I/home/m.tarenskeen/rpmbuild/SOURCES/canorus-0.7svn.R1093/src -I/home/m.tarenskeen/rpmbuild/SOURCES/canorus-0.7svn.R1093/src/zlib -I/usr/include/QtSvg -I/usr/include/QtHelp -I/usr/include/QtWebKit -I/usr/include/QtGui -I/usr/include/QtXml -I/usr/include/QtCore -I/usr/include/python2.5   -g -DSWIGCPP -o CMakeFiles/_CanorusPython.dir/score/document.cpp.o -c /home/m.tarenskeen/rpmbuild/SOURCES/canorus-0.7svn.R1093/src/score/document.cpp
/usr/bin/cmake -E cmake_progress_report /home/m.tarenskeen/rpmbuild/SOURCES/canorus-0.7svn.R1093/CMakeFiles 2
[  6%] Building CXX object src/CMakeFiles/_CanorusPython.dir/score/resource.cpp.o
cd /home/m.tarenskeen/rpmbuild/SOURCES/canorus-0.7svn.R1093/src &amp;&amp; /usr/lib/ccache/c++   -D_CanorusPython_EXPORTS -D__LINUX_ALSASEQ__ -DDEFAULT_DATA_DIR=\&quot;/usr/local/share/canorus\&quot; -DCANORUS_VERSION=\&quot;0.7svn.R1093\&quot; -DUSE_SWIG -DUSE_PYTHON -DQT_DLL -DQT_SVG_LIB -DQT_HELP_LIB -DQT_WEBKIT_LIB -DQT_GUI_LIB -DQT_XML_LIB -DQT_CORE_LIB -O0 -g -fPIC -I/home/m.tarenskeen/rpmbuild/SOURCES/canorus-0.7svn.R1093/src -I/home/m.tarenskeen/rpmbuild/SOURCES/canorus-0.7svn.R1093/src/zlib -I/usr/include/QtSvg -I/usr/include/QtHelp -I/usr/include/QtWebKit -I/usr/include/QtGui -I/usr/include/QtXml -I/usr/include/QtCore -I/usr/include/python2.5   -g -DSWIGCPP -o CMakeFiles/_CanorusPython.dir/score/resource.cpp.o -c /home/m.tarenskeen/rpmbuild/SOURCES/canorus-0.7svn.R1093/src/score/resource.cpp
/usr/bin/cmake -E cmake_progress_report /home/m.tarenskeen/rpmbuild/SOURCES/canorus-0.7svn.R1093/CMakeFiles 
[  6%] Building CXX object src/CMakeFiles/_CanorusPython.dir/score/sheet.cpp.o
cd /home/m.tarenskeen/rpmbuild/SOURCES/canorus-0.7svn.R1093/src &amp;&amp; /usr/lib/ccache/c++   -D_CanorusPython_EXPORTS -D__LINUX_ALSASEQ__ -DDEFAULT_DATA_DIR=\&quot;/usr/local/share/canorus\&quot; -DCANORUS_VERSION=\&quot;0.7svn.R1093\&quot; -DUSE_SWIG -DUSE_PYTHON -DQT_DLL -DQT_SVG_LIB -DQT_HELP_LIB -DQT_WEBKIT_LIB -DQT_GUI_LIB -DQT_XML_LIB -DQT_CORE_LIB -O0 -g -fPIC -I/home/m.tarenskeen/rpmbuild/SOURCES/canorus-0.7svn.R1093/src -I/home/m.tarenskeen/rpmbuild/SOURCES/canorus-0.7svn.R1093/src/zlib -I/usr/include/QtSvg -I/usr/include/QtHelp -I/usr/include/QtWebKit -I/usr/include/QtGui -I/usr/include/QtXml -I/usr/include/QtCore -I/usr/include/python2.5   -g -DSWIGCPP -o CMakeFiles/_CanorusPython.dir/score/sheet.cpp.o -c /home/m.tarenskeen/rpmbuild/SOURCES/canorus-0.7svn.R1093/src/score/sheet.cpp
/usr/bin/cmake -E cmake_progress_report /home/m.tarenskeen/rpmbuild/SOURCES/canorus-0.7svn.R1093/CMakeFiles 
[  6%] Building CXX object src/CMakeFiles/_CanorusPython.dir/score/context.cpp.o
cd /home/m.tarenskeen/rpmbuild/SOURCES/canorus-0.7svn.R1093/src &amp;&amp; /usr/lib/ccache/c++   -D_CanorusPython_EXPORTS -D__LINUX_ALSASEQ__ -DDEFAULT_DATA_DIR=\&quot;/usr/local/share/canorus\&quot; -DCANORUS_VERSION=\&quot;0.7svn.R1093\&quot; -DUSE_SWIG -DUSE_PYTHON -DQT_DLL -DQT_SVG_LIB -DQT_HELP_LIB -DQT_WEBKIT_LIB -DQT_GUI_LIB -DQT_XML_LIB -DQT_CORE_LIB -O0 -g -fPIC -I/home/m.tarenskeen/rpmbuild/SOURCES/canorus-0.7svn.R1093/src -I/home/m.tarenskeen/rpmbuild/SOURCES/canorus-0.7svn.R1093/src/zlib -I/usr/include/QtSvg -I/usr/include/QtHelp -I/usr/include/QtWebKit -I/usr/include/QtGui -I/usr/include/QtXml -I/usr/include/QtCore -I/usr/include/python2.5   -g -DSWIGCPP -o CMakeFiles/_CanorusPython.dir/score/context.cpp.o -c /home/m.tarenskeen/rpmbuild/SOURCES/canorus-0.7svn.R1093/src/score/context.cpp
/usr/bin/cmake -E cmake_progress_report /home/m.tarenskeen/rpmbuild/SOURCES/canorus-0.7svn.R1093/CMakeFiles 3
[  7%] Building CXX object src/CMakeFiles/_CanorusPython.dir/score/staff.cpp.o
cd /home/m.tarenskeen/rpmbuild/SOURCES/canorus-0.7svn.R1093/src &amp;&amp; /usr/lib/ccache/c++   -D_CanorusPython_EXPORTS -D__LINUX_ALSASEQ__ -DDEFAULT_DATA_DIR=\&quot;/usr/local/share/canorus\&quot; -DCANORUS_VERSION=\&quot;0.7svn.R1093\&quot; -DUSE_SWIG -DUSE_PYTHON -DQT_DLL -DQT_SVG_LIB -DQT_HELP_LIB -DQT_WEBKIT_LIB -DQT_GUI_LIB -DQT_XML_LIB -DQT_CORE_LIB -O0 -g -fPIC -I/home/m.tarenskeen/rpmbuild/SOURCES/canorus-0.7svn.R1093/src -I/home/m.tarenskeen/rpmbuild/SOURCES/canorus-0.7svn.R1093/src/zlib -I/usr/include/QtSvg -I/usr/include/QtHelp -I/usr/include/QtWebKit -I/usr/include/QtGui -I/usr/include/QtXml -I/usr/include/QtCore -I/usr/include/python2.5   -g -DSWIGCPP -o CMakeFiles/_CanorusPython.dir/score/staff.cpp.o -c /home/m.tarenskeen/rpmbuild/SOURCES/canorus-0.7svn.R1093/src/score/staff.cpp
/usr/bin/cmake -E cmake_progress_report /home/m.tarenskeen/rpmbuild/SOURCES/canorus-0.7svn.R1093/CMakeFiles 
[  7%] Building CXX object src/CMakeFiles/_CanorusPython.dir/score/functionmarkcontext.cpp.o
cd /home/m.tarenskeen/rpmbuild/SOURCES/canorus-0.7svn.R1093/src &amp;&amp; /usr/lib/ccache/c++   -D_CanorusPython_EXPORTS -D__LINUX_ALSASEQ__ -DDEFAULT_DATA_DIR=\&quot;/usr/local/share/canorus\&quot; -DCANORUS_VERSION=\&quot;0.7svn.R1093\&quot; -DUSE_SWIG -DUSE_PYTHON -DQT_DLL -DQT_SVG_LIB -DQT_HELP_LIB -DQT_WEBKIT_LIB -DQT_GUI_LIB -DQT_XML_LIB -DQT_CORE_LIB -O0 -g -fPIC -I/home/m.tarenskeen/rpmbuild/SOURCES/canorus-0.7svn.R1093/src -I/home/m.tarenskeen/rpmbuild/SOURCES/canorus-0.7svn.R1093/src/zlib -I/usr/include/QtSvg -I/usr/include/QtHelp -I/usr/include/QtWebKit -I/usr/include/QtGui -I/usr/include/QtXml -I/usr/include/QtCore -I/usr/include/python2.5   -g -DSWIGCPP -o CMakeFiles/_CanorusPython.dir/score/functionmarkcontext.cpp.o -c /home/m.tarenskeen/rpmbuild/SOURCES/canorus-0.7svn.R1093/src/score/functionmarkcontext.cpp
/usr/bin/cmake -E cmake_progress_report /home/m.tarenskeen/rpmbuild/SOURCES/canorus-0.7svn.R1093/CMakeFiles 
[  7%] Building CXX object src/CMakeFiles/_CanorusPython.dir/score/lyricscontext.cpp.o
cd /home/m.tarenskeen/rpmbuild/SOURCES/canorus-0.7svn.R1093/src &amp;&amp; /usr/lib/ccache/c++   -D_CanorusPython_EXPORTS -D__LINUX_ALSASEQ__ -DDEFAULT_DATA_DIR=\&quot;/usr/local/share/canorus\&quot; -DCANORUS_VERSION=\&quot;0.7svn.R1093\&quot; -DUSE_SWIG -DUSE_PYTHON -DQT_DLL -DQT_SVG_LIB -DQT_HELP_LIB -DQT_WEBKIT_LIB -DQT_GUI_LIB -DQT_XML_LIB -DQT_CORE_LIB -O0 -g -fPIC -I/home/m.tarenskeen/rpmbuild/SOURCES/canorus-0.7svn.R1093/src -I/home/m.tarenskeen/rpmbuild/SOURCES/canorus-0.7svn.R1093/src/zlib -I/usr/include/QtSvg -I/usr/include/QtHelp -I/usr/include/QtWebKit -I/usr/include/QtGui -I/usr/include/QtXml -I/usr/include/QtCore -I/usr/include/python2.5   -g -DSWIGCPP -o CMakeFiles/_CanorusPython.dir/score/lyricscontext.cpp.o -c /home/m.tarenskeen/rpmbuild/SOURCES/canorus-0.7svn.R1093/src/score/lyricscontext.cpp
/usr/bin/cmake -E cmake_progress_report /home/m.tarenskeen/rpmbuild/SOURCES/canorus-0.7svn.R1093/CMakeFiles 4
[  8%] Building CXX object src/CMakeFiles/_CanorusPython.dir/score/muselement.cpp.o
cd /home/m.tarenskeen/rpmbuild/SOURCES/canorus-0.7svn.R1093/src &amp;&amp; /usr/lib/ccache/c++   -D_CanorusPython_EXPORTS -D__LINUX_ALSASEQ__ -DDEFAULT_DATA_DIR=\&quot;/usr/local/share/canorus\&quot; -DCANORUS_VERSION=\&quot;0.7svn.R1093\&quot; -DUSE_SWIG -DUSE_PYTHON -DQT_DLL -DQT_SVG_LIB -DQT_HELP_LIB -DQT_WEBKIT_LIB -DQT_GUI_LIB -DQT_XML_LIB -DQT_CORE_LIB -O0 -g -fPIC -I/home/m.tarenskeen/rpmbuild/SOURCES/canorus-0.7svn.R1093/src -I/home/m.tarenskeen/rpmbuild/SOURCES/canorus-0.7svn.R1093/src/zlib -I/usr/include/QtSvg -I/usr/include/QtHelp -I/usr/include/QtWebKit -I/usr/include/QtGui -I/usr/include/QtXml -I/usr/include/QtCore -I/usr/include/python2.5   -g -DSWIGCPP -o CMakeFiles/_CanorusPython.dir/score/muselement.cpp.o -c /home/m.tarenskeen/rpmbuild/SOURCES/canorus-0.7svn.R1093/src/score/muselement.cpp
/usr/bin/cmake -E cmake_progress_report /home/m.tarenskeen/rpmbuild/SOURCES/canorus-0.7svn.R1093/CMakeFiles 
[  8%] Building CXX object src/CMakeFiles/_CanorusPython.dir/score/voice.cpp.o
cd /home/m.tarenskeen/rpmbuild/SOURCES/canorus-0.7svn.R1093/src &amp;&amp; /usr/lib/ccache/c++   -D_CanorusPython_EXPORTS -D__LINUX_ALSASEQ__ -DDEFAULT_DATA_DIR=\&quot;/usr/local/share/canorus\&quot; -DCANORUS_VERSION=\&quot;0.7svn.R1093\&quot; -DUSE_SWIG -DUSE_PYTHON -DQT_DLL -DQT_SVG_LIB -DQT_HELP_LIB -DQT_WEBKIT_LIB -DQT_GUI_LIB -DQT_XML_LIB -DQT_CORE_LIB -O0 -g -fPIC -I/home/m.tarenskeen/rpmbuild/SOURCES/canorus-0.7svn.R1093/src -I/home/m.tarenskeen/rpmbuild/SOURCES/canorus-0.7svn.R1093/src/zlib -I/usr/include/QtSvg -I/usr/include/QtHelp -I/usr/include/QtWebKit -I/usr/include/QtGui -I/usr/include/QtXml -I/usr/include/QtCore -I/usr/include/python2.5   -g -DSWIGCPP -o CMakeFiles/_CanorusPython.dir/score/voice.cpp.o -c /home/m.tarenskeen/rpmbuild/SOURCES/canorus-0.7svn.R1093/src/score/voice.cpp
/usr/bin/cmake -E cmake_progress_report /home/m.tarenskeen/rpmbuild/SOURCES/canorus-0.7svn.R1093/CMakeFiles 
[  8%] Building CXX object src/CMakeFiles/_CanorusPython.dir/score/barline.cpp.o
cd /home/m.tarenskeen/rpmbuild/SOURCES/canorus-0.7svn.R1093/src &amp;&amp; /usr/lib/ccache/c++   -D_CanorusPython_EXPORTS -D__LINUX_ALSASEQ__ -DDEFAULT_DATA_DIR=\&quot;/usr/local/share/canorus\&quot; -DCANORUS_VERSION=\&quot;0.7svn.R1093\&quot; -DUSE_SWIG -DUSE_PYTHON -DQT_DLL -DQT_SVG_LIB -DQT_HELP_LIB -DQT_WEBKIT_LIB -DQT_GUI_LIB -DQT_XML_LIB -DQT_CORE_LIB -O0 -g -fPIC -I/home/m.tarenskeen/rpmbuild/SOURCES/canorus-0.7svn.R1093/src -I/home/m.tarenskeen/rpmbuild/SOURCES/canorus-0.7svn.R1093/src/zlib -I/usr/include/QtSvg -I/usr/include/QtHelp -I/usr/include/QtWebKit -I/usr/include/QtGui -I/usr/include/QtXml -I/usr/include/QtCore -I/usr/include/python2.5   -g -DSWIGCPP -o CMakeFiles/_CanorusPython.dir/score/barline.cpp.o -c /home/m.tarenskeen/rpmbuild/SOURCES/canorus-0.7svn.R1093/src/score/barline.cpp
/usr/bin/cmake -E cmake_progress_report /home/m.tarenskeen/rpmbuild/SOURCES/canorus-0.7svn.R1093/CMakeFiles 5
[  9%] Building CXX object src/CMakeFiles/_CanorusPython.dir/score/clef.cpp.o
cd /home/m.tarenskeen/rpmbuild/SOURCES/canorus-0.7svn.R1093/src &amp;&amp; /usr/lib/ccache/c++   -D_CanorusPython_EXPORTS -D__LINUX_ALSASEQ__ -DDEFAULT_DATA_DIR=\&quot;/usr/local/share/canorus\&quot; -DCANORUS_VERSION=\&quot;0.7svn.R1093\&quot; -DUSE_SWIG -DUSE_PYTHON -DQT_DLL -DQT_SVG_LIB -DQT_HELP_LIB -DQT_WEBKIT_LIB -DQT_GUI_LIB -DQT_XML_LIB -DQT_CORE_LIB -O0 -g -fPIC -I/home/m.tarenskeen/rpmbuild/SOURCES/canorus-0.7svn.R1093/src -I/home/m.tarenskeen/rpmbuild/SOURCES/canorus-0.7svn.R1093/src/zlib -I/usr/include/QtSvg -I/usr/include/QtHelp -I/usr/include/QtWebKit -I/usr/include/QtGui -I/usr/include/QtXml -I/usr/include/QtCore -I/usr/include/python2.5   -g -DSWIGCPP -o CMakeFiles/_CanorusPython.dir/score/clef.cpp.o -c /home/m.tarenskeen/rpmbuild/SOURCES/canorus-0.7svn.R1093/src/score/clef.cpp
/usr/bin/cmake -E cmake_progress_report /home/m.tarenskeen/rpmbuild/SOURCES/canorus-0.7svn.R1093/CMakeFiles 
[  9%] Building CXX object src/CMakeFiles/_CanorusPython.dir/score/keysignature.cpp.o
cd /home/m.tarenskeen/rpmbuild/SOURCES/canorus-0.7svn.R1093/src &amp;&amp; /usr/lib/ccache/c++   -D_CanorusPython_EXPORTS -D__LINUX_ALSASEQ__ -DDEFAULT_DATA_DIR=\&quot;/usr/local/share/canorus\&quot; -DCANORUS_VERSION=\&quot;0.7svn.R1093\&quot; -DUSE_SWIG -DUSE_PYTHON -DQT_DLL -DQT_SVG_LIB -DQT_HELP_LIB -DQT_WEBKIT_LIB -DQT_GUI_LIB -DQT_XML_LIB -DQT_CORE_LIB -O0 -g -fPIC -I/home/m.tarenskeen/rpmbuild/SOURCES/canorus-0.7svn.R1093/src -I/home/m.tarenskeen/rpmbuild/SOURCES/canorus-0.7svn.R1093/src/zlib -I/usr/include/QtSvg -I/usr/include/QtHelp -I/usr/include/QtWebKit -I/usr/include/QtGui -I/usr/include/QtXml -I/usr/include/QtCore -I/usr/include/python2.5   -g -DSWIGCPP -o CMakeFiles/_CanorusPython.dir/score/keysignature.cpp.o -c /home/m.tarenskeen/rpmbuild/SOURCES/canorus-0.7svn.R1093/src/score/keysignature.cpp
/usr/bin/cmake -E cmake_progress_report /home/m.tarenskeen/rpmbuild/SOURCES/canorus-0.7svn.R1093/CMakeFiles 
[  9%] Building CXX object src/CMakeFiles/_CanorusPython.dir/score/timesignature.cpp.o
cd /home/m.tarenskeen/rpmbuild/SOURCES/canorus-0.7svn.R1093/src &amp;&amp; /usr/lib/ccache/c++   -D_CanorusPython_EXPORTS -D__LINUX_ALSASEQ__ -DDEFAULT_DATA_DIR=\&quot;/usr/local/share/canorus\&quot; -DCANORUS_VERSION=\&quot;0.7svn.R1093\&quot; -DUSE_SWIG -DUSE_PYTHON -DQT_DLL -DQT_SVG_LIB -DQT_HELP_LIB -DQT_WEBKIT_LIB -DQT_GUI_LIB -DQT_XML_LIB -DQT_CORE_LIB -O0 -g -fPIC -I/home/m.tarenskeen/rpmbuild/SOURCES/canorus-0.7svn.R1093/src -I/home/m.tarenskeen/rpmbuild/SOURCES/canorus-0.7svn.R1093/src/zlib -I/usr/include/QtSvg -I/usr/include/QtHelp -I/usr/include/QtWebKit -I/usr/include/QtGui -I/usr/include/QtXml -I/usr/include/QtCore -I/usr/include/python2.5   -g -DSWIGCPP -o CMakeFiles/_CanorusPython.dir/score/timesignature.cpp.o -c /home/m.tarenskeen/rpmbuild/SOURCES/canorus-0.7svn.R1093/src/score/timesignature.cpp
/usr/bin/cmake -E cmake_progress_report /home/m.tarenskeen/rpmbuild/SOURCES/canorus-0.7svn.R1093/CMakeFiles 6
[ 10%] Building CXX object src/CMakeFiles/_CanorusPython.dir/score/playable.cpp.o
cd /home/m.tarenskeen/rpmbuild/SOURCES/canorus-0.7svn.R1093/src &amp;&amp; /usr/lib/ccache/c++   -D_CanorusPython_EXPORTS -D__LINUX_ALSASEQ__ -DDEFAULT_DATA_DIR=\&quot;/usr/local/share/canorus\&quot; -DCANORUS_VERSION=\&quot;0.7svn.R1093\&quot; -DUSE_SWIG -DUSE_PYTHON -DQT_DLL -DQT_SVG_LIB -DQT_HELP_LIB -DQT_WEBKIT_LIB -DQT_GUI_LIB -DQT_XML_LIB -DQT_CORE_LIB -O0 -g -fPIC -I/home/m.tarenskeen/rpmbuild/SOURCES/canorus-0.7svn.R1093/src -I/home/m.tarenskeen/rpmbuild/SOURCES/canorus-0.7svn.R1093/src/zlib -I/usr/include/QtSvg -I/usr/include/QtHelp -I/usr/include/QtWebKit -I/usr/include/QtGui -I/usr/include/QtXml -I/usr/include/QtCore -I/usr/include/python2.5   -g -DSWIGCPP -o CMakeFiles/_CanorusPython.dir/score/playable.cpp.o -c /home/m.tarenskeen/rpmbuild/SOURCES/canorus-0.7svn.R1093/src/score/playable.cpp
/usr/bin/cmake -E cmake_progress_report /home/m.tarenskeen/rpmbuild/SOURCES/canorus-0.7svn.R1093/CMakeFiles 
[ 10%] Building CXX object src/CMakeFiles/_CanorusPython.dir/score/note.cpp.o
cd /home/m.tarenskeen/rpmbuild/SOURCES/canorus-0.7svn.R1093/src &amp;&amp; /usr/lib/ccache/c++   -D_CanorusPython_EXPORTS -D__LINUX_ALSASEQ__ -DDEFAULT_DATA_DIR=\&quot;/usr/local/share/canorus\&quot; -DCANORUS_VERSION=\&quot;0.7svn.R1093\&quot; -DUSE_SWIG -DUSE_PYTHON -DQT_DLL -DQT_SVG_LIB -DQT_HELP_LIB -DQT_WEBKIT_LIB -DQT_GUI_LIB -DQT_XML_LIB -DQT_CORE_LIB -O0 -g -fPIC -I/home/m.tarenskeen/rpmbuild/SOURCES/canorus-0.7svn.R1093/src -I/home/m.tarenskeen/rpmbuild/SOURCES/canorus-0.7svn.R1093/src/zlib -I/usr/include/QtSvg -I/usr/include/QtHelp -I/usr/include/QtWebKit -I/usr/include/QtGui -I/usr/include/QtXml -I/usr/include/QtCore -I/usr/include/python2.5   -g -DSWIGCPP -o CMakeFiles/_CanorusPython.dir/score/note.cpp.o -c /home/m.tarenskeen/rpmbuild/SOURCES/canorus-0.7svn.R1093/src/score/note.cpp
/usr/bin/cmake -E cmake_progress_report /home/m.tarenskeen/rpmbuild/SOURCES/canorus-0.7svn.R1093/CMakeFiles 
[ 10%] Building CXX object src/CMakeFiles/_CanorusPython.dir/score/slur.cpp.o
cd /home/m.tarenskeen/rpmbuild/SOURCES/canorus-0.7svn.R1093/src &amp;&amp; /usr/lib/ccache/c++   -D_CanorusPython_EXPORTS -D__LINUX_ALSASEQ__ -DDEFAULT_DATA_DIR=\&quot;/usr/local/share/canorus\&quot; -DCANORUS_VERSION=\&quot;0.7svn.R1093\&quot; -DUSE_SWIG -DUSE_PYTHON -DQT_DLL -DQT_SVG_LIB -DQT_HELP_LIB -DQT_WEBKIT_LIB -DQT_GUI_LIB -DQT_XML_LIB -DQT_CORE_LIB -O0 -g -fPIC -I/home/m.tarenskeen/rpmbuild/SOURCES/canorus-0.7svn.R1093/src -I/home/m.tarenskeen/rpmbuild/SOURCES/canorus-0.7svn.R1093/src/zlib -I/usr/include/QtSvg -I/usr/include/QtHelp -I/usr/include/QtWebKit -I/usr/include/QtGui -I/usr/include/QtXml -I/usr/include/QtCore -I/usr/include/python2.5   -g -DSWIGCPP -o CMakeFiles/_CanorusPython.dir/score/slur.cpp.o -c /home/m.tarenskeen/rpmbuild/SOURCES/canorus-0.7svn.R1093/src/score/slur.cpp
/usr/bin/cmake -E cmake_progress_report /home/m.tarenskeen/rpmbuild/SOURCES/canorus-0.7svn.R1093/CMakeFiles 7
[ 11%] Building CXX object src/CMakeFiles/_CanorusPython.dir/score/tuplet.cpp.o
cd /home/m.tarenskeen/rpmbuild/SOURCES/canorus-0.7svn.R1093/src &amp;&amp; /usr/lib/ccache/c++   -D_CanorusPython_EXPORTS -D__LINUX_ALSASEQ__ -DDEFAULT_DATA_DIR=\&quot;/usr/local/share/canorus\&quot; -DCANORUS_VERSION=\&quot;0.7svn.R1093\&quot; -DUSE_SWIG -DUSE_PYTHON -DQT_DLL -DQT_SVG_LIB -DQT_HELP_LIB -DQT_WEBKIT_LIB -DQT_GUI_LIB -DQT_XML_LIB -DQT_CORE_LIB -O0 -g -fPIC -I/home/m.tarenskeen/rpmbuild/SOURCES/canorus-0.7svn.R1093/src -I/home/m.tarenskeen/rpmbuild/SOURCES/canorus-0.7svn.R1093/src/zlib -I/usr/include/QtSvg -I/usr/include/QtHelp -I/usr/include/QtWebKit -I/usr/include/QtGui -I/usr/include/QtXml -I/usr/include/QtCore -I/usr/include/python2.5   -g -DSWIGCPP -o CMakeFiles/_CanorusPython.dir/score/tuplet.cpp.o -c /home/m.tarenskeen/rpmbuild/SOURCES/canorus-0.7svn.R1093/src/score/tuplet.cpp
/usr/bin/cmake -E cmake_progress_report /home/m.tarenskeen/rpmbuild/SOURCES/canorus-0.7svn.R1093/CMakeFiles 
[ 11%] Building CXX object src/CMakeFiles/_CanorusPython.dir/score/rest.cpp.o
cd /home/m.tarenskeen/rpmbuild/SOURCES/canorus-0.7svn.R1093/src &amp;&amp; /usr/lib/ccache/c++   -D_CanorusPython_EXPORTS -D__LINUX_ALSASEQ__ -DDEFAULT_DATA_DIR=\&quot;/usr/local/share/canorus\&quot; -DCANORUS_VERSION=\&quot;0.7svn.R1093\&quot; -DUSE_SWIG -DUSE_PYTHON -DQT_DLL -DQT_SVG_LIB -DQT_HELP_LIB -DQT_WEBKIT_LIB -DQT_GUI_LIB -DQT_XML_LIB -DQT_CORE_LIB -O0 -g -fPIC -I/home/m.tarenskeen/rpmbuild/SOURCES/canorus-0.7svn.R1093/src -I/home/m.tarenskeen/rpmbuild/SOURCES/canorus-0.7svn.R1093/src/zlib -I/usr/include/QtSvg -I/usr/include/QtHelp -I/usr/include/QtWebKit -I/usr/include/QtGui -I/usr/include/QtXml -I/usr/include/QtCore -I/usr/include/python2.5   -g -DSWIGCPP -o CMakeFiles/_CanorusPython.dir/score/rest.cpp.o -c /home/m.tarenskeen/rpmbuild/SOURCES/canorus-0.7svn.R1093/src/score/rest.cpp
/usr/bin/cmake -E cmake_progress_report /home/m.tarenskeen/rpmbuild/SOURCES/canorus-0.7svn.R1093/CMakeFiles 
[ 11%] Building CXX object src/CMakeFiles/_CanorusPython.dir/score/midinote.cpp.o
cd /home/m.tarenskeen/rpmbuild/SOURCES/canorus-0.7svn.R1093/src &amp;&amp; /usr/lib/ccache/c++   -D_CanorusPython_EXPORTS -D__LINUX_ALSASEQ__ -DDEFAULT_DATA_DIR=\&quot;/usr/local/share/canorus\&quot; -DCANORUS_VERSION=\&quot;0.7svn.R1093\&quot; -DUSE_SWIG -DUSE_PYTHON -DQT_DLL -DQT_SVG_LIB -DQT_HELP_LIB -DQT_WEBKIT_LIB -DQT_GUI_LIB -DQT_XML_LIB -DQT_CORE_LIB -O0 -g -fPIC -I/home/m.tarenskeen/rpmbuild/SOURCES/canorus-0.7svn.R1093/src -I/home/m.tarenskeen/rpmbuild/SOURCES/canorus-0.7svn.R1093/src/zlib -I/usr/include/QtSvg -I/usr/include/QtHelp -I/usr/include/QtWebKit -I/usr/include/QtGui -I/usr/include/QtXml -I/usr/include/QtCore -I/usr/include/python2.5   -g -DSWIGCPP -o CMakeFiles/_CanorusPython.dir/score/midinote.cpp.o -c /home/m.tarenskeen/rpmbuild/SOURCES/canorus-0.7svn.R1093/src/score/midinote.cpp
/usr/bin/cmake -E cmake_progress_report /home/m.tarenskeen/rpmbuild/SOURCES/canorus-0.7svn.R1093/CMakeFiles 8
[ 12%] Building CXX object src/CMakeFiles/_CanorusPython.dir/score/mark.cpp.o
cd /home/m.tarenskeen/rpmbuild/SOURCES/canorus-0.7svn.R1093/src &amp;&amp; /usr/lib/ccache/c++   -D_CanorusPython_EXPORTS -D__LINUX_ALSASEQ__ -DDEFAULT_DATA_DIR=\&quot;/usr/local/share/canorus\&quot; -DCANORUS_VERSION=\&quot;0.7svn.R1093\&quot; -DUSE_SWIG -DUSE_PYTHON -DQT_DLL -DQT_SVG_LIB -DQT_HELP_LIB -DQT_WEBKIT_LIB -DQT_GUI_LIB -DQT_XML_LIB -DQT_CORE_LIB -O0 -g -fPIC -I/home/m.tarenskeen/rpmbuild/SOURCES/canorus-0.7svn.R1093/src -I/home/m.tarenskeen/rpmbuild/SOURCES/canorus-0.7svn.R1093/src/zlib -I/usr/include/QtSvg -I/usr/include/QtHelp -I/usr/include/QtWebKit -I/usr/include/QtGui -I/usr/include/QtXml -I/usr/include/QtCore -I/usr/include/python2.5   -g -DSWIGCPP -o CMakeFiles/_CanorusPython.dir/score/mark.cpp.o -c /home/m.tarenskeen/rpmbuild/SOURCES/canorus-0.7svn.R1093/src/score/mark.cpp
/usr/bin/cmake -E cmake_progress_report /home/m.tarenskeen/rpmbuild/SOURCES/canorus-0.7svn.R1093/CMakeFiles 
[ 12%] Building CXX object src/CMakeFiles/_CanorusPython.dir/score/articulation.cpp.o
cd /home/m.tarenskeen/rpmbuild/SOURCES/canorus-0.7svn.R1093/src &amp;&amp; /usr/lib/ccache/c++   -D_CanorusPython_EXPORTS -D__LINUX_ALSASEQ__ -DDEFAULT_DATA_DIR=\&quot;/usr/local/share/canorus\&quot; -DCANORUS_VERSION=\&quot;0.7svn.R1093\&quot; -DUSE_SWIG -DUSE_PYTHON -DQT_DLL -DQT_SVG_LIB -DQT_HELP_LIB -DQT_WEBKIT_LIB -DQT_GUI_LIB -DQT_XML_LIB -DQT_CORE_LIB -O0 -g -fPIC -I/home/m.tarenskeen/rpmbuild/SOURCES/canorus-0.7svn.R1093/src -I/home/m.tarenskeen/rpmbuild/SOURCES/canorus-0.7svn.R1093/src/zlib -I/usr/include/QtSvg -I/usr/include/QtHelp -I/usr/include/QtWebKit -I/usr/include/QtGui -I/usr/include/QtXml -I/usr/include/QtCore -I/usr/include/python2.5   -g -DSWIGCPP -o CMakeFiles/_CanorusPython.dir/score/articulation.cpp.o -c /home/m.tarenskeen/rpmbuild/SOURCES/canorus-0.7svn.R1093/src/score/articulation.cpp
/usr/bin/cmake -E cmake_progress_report /home/m.tarenskeen/rpmbuild/SOURCES/canorus-0.7svn.R1093/CMakeFiles 
[ 12%] Building CXX object src/CMakeFiles/_CanorusPython.dir/score/fermata.cpp.o
cd /home/m.tarenskeen/rpmbuild/SOURCES/canorus-0.7svn.R1093/src &amp;&amp; /usr/lib/ccache/c++   -D_CanorusPython_EXPORTS -D__LINUX_ALSASEQ__ -DDEFAULT_DATA_DIR=\&quot;/usr/local/share/canorus\&quot; -DCANORUS_VERSION=\&quot;0.7svn.R1093\&quot; -DUSE_SWIG -DUSE_PYTHON -DQT_DLL -DQT_SVG_LIB -DQT_HELP_LIB -DQT_WEBKIT_LIB -DQT_GUI_LIB -DQT_XML_LIB -DQT_CORE_LIB -O0 -g -fPIC -I/home/m.tarenskeen/rpmbuild/SOURCES/canorus-0.7svn.R1093/src -I/home/m.tarenskeen/rpmbuild/SOURCES/canorus-0.7svn.R1093/src/zlib -I/usr/include/QtSvg -I/usr/include/QtHelp -I/usr/include/QtWebKit -I/usr/include/QtGui -I/usr/include/QtXml -I/usr/include/QtCore -I/usr/include/python2.5   -g -DSWIGCPP -o CMakeFiles/_CanorusPython.dir/score/fermata.cpp.o -c /home/m.tarenskeen/rpmbuild/SOURCES/canorus-0.7svn.R1093/src/score/fermata.cpp
/usr/bin/cmake -E cmake_progress_report /home/m.tarenskeen/rpmbuild/SOURCES/canorus-0.7svn.R1093/CMakeFiles 9
[ 13%] Building CXX object src/CMakeFiles/_CanorusPython.dir/score/repeatmark.cpp.o
cd /home/m.tarenskeen/rpmbuild/SOURCES/canorus-0.7svn.R1093/src &amp;&amp; /usr/lib/ccache/c++   -D_CanorusPython_EXPORTS -D__LINUX_ALSASEQ__ -DDEFAULT_DATA_DIR=\&quot;/usr/local/share/canorus\&quot; -DCANORUS_VERSION=\&quot;0.7svn.R1093\&quot; -DUSE_SWIG -DUSE_PYTHON -DQT_DLL -DQT_SVG_LIB -DQT_HELP_LIB -DQT_WEBKIT_LIB -DQT_GUI_LIB -DQT_XML_LIB -DQT_CORE_LIB -O0 -g -fPIC -I/home/m.tarenskeen/rpmbuild/SOURCES/canorus-0.7svn.R1093/src -I/home/m.tarenskeen/rpmbuild/SOURCES/canorus-0.7svn.R1093/src/zlib -I/usr/include/QtSvg -I/usr/include/QtHelp -I/usr/include/QtWebKit -I/usr/include/QtGui -I/usr/include/QtXml -I/usr/include/QtCore -I/usr/include/python2.5   -g -DSWIGCPP -o CMakeFiles/_CanorusPython.dir/score/repeatmark.cpp.o -c /home/m.tarenskeen/rpmbuild/SOURCES/canorus-0.7svn.R1093/src/score/repeatmark.cpp
/usr/bin/cmake -E cmake_progress_report /home/m.tarenskeen/rpmbuild/SOURCES/canorus-0.7svn.R1093/CMakeFiles 
[ 13%] Building CXX object src/CMakeFiles/_CanorusPython.dir/score/tempo.cpp.o
cd /home/m.tarenskeen/rpmbuild/SOURCES/canorus-0.7svn.R1093/src &amp;&amp; /usr/lib/ccache/c++   -D_CanorusPython_EXPORTS -D__LINUX_ALSASEQ__ -DDEFAULT_DATA_DIR=\&quot;/usr/local/share/canorus\&quot; -DCANORUS_VERSION=\&quot;0.7svn.R1093\&quot; -DUSE_SWIG -DUSE_PYTHON -DQT_DLL -DQT_SVG_LIB -DQT_HELP_LIB -DQT_WEBKIT_LIB -DQT_GUI_LIB -DQT_XML_LIB -DQT_CORE_LIB -O0 -g -fPIC -I/home/m.tarenskeen/rpmbuild/SOURCES/canorus-0.7svn.R1093/src -I/home/m.tarenskeen/rpmbuild/SOURCES/canorus-0.7svn.R1093/src/zlib -I/usr/include/QtSvg -I/usr/include/QtHelp -I/usr/include/QtWebKit -I/usr/include/QtGui -I/usr/include/QtXml -I/usr/include/QtCore -I/usr/include/python2.5   -g -DSWIGCPP -o CMakeFiles/_CanorusPython.dir/score/tempo.cpp.o -c /home/m.tarenskeen/rpmbuild/SOURCES/canorus-0.7svn.R1093/src/score/tempo.cpp
/usr/bin/cmake -E cmake_progress_report /home/m.tarenskeen/rpmbuild/SOURCES/canorus-0.7svn.R1093/CMakeFiles 
[ 13%] Building CXX object src/CMakeFiles/_CanorusPython.dir/score/ritardando.cpp.o
cd /home/m.tarenskeen/rpmbuild/SOURCES/canorus-0.7svn.R1093/src &amp;&amp; /usr/lib/ccache/c++   -D_CanorusPython_EXPORTS -D__LINUX_ALSASEQ__ -DDEFAULT_DATA_DIR=\&quot;/usr/local/share/canorus\&quot; -DCANORUS_VERSION=\&quot;0.7svn.R1093\&quot; -DUSE_SWIG -DUSE_PYTHON -DQT_DLL -DQT_SVG_LIB -DQT_HELP_LIB -DQT_WEBKIT_LIB -DQT_GUI_LIB -DQT_XML_LIB -DQT_CORE_LIB -O0 -g -fPIC -I/home/m.tarenskeen/rpmbuild/SOURCES/canorus-0.7svn.R1093/src -I/home/m.tarenskeen/rpmbuild/SOURCES/canorus-0.7svn.R1093/src/zlib -I/usr/include/QtSvg -I/usr/include/QtHelp -I/usr/include/QtWebKit -I/usr/include/QtGui -I/usr/include/QtXml -I/usr/include/QtCore -I/usr/include/python2.5   -g -DSWIGCPP -o CMakeFiles/_CanorusPython.dir/score/ritardando.cpp.o -c /home/m.tarenskeen/rpmbuild/SOURCES/canorus-0.7svn.R1093/src/score/ritardando.cpp
/usr/bin/cmake -E cmake_progress_report /home/m.tarenskeen/rpmbuild/SOURCES/canorus-0.7svn.R1093/CMakeFiles 
[ 13%] Building CXX object src/CMakeFiles/_CanorusPython.dir/score/text.cpp.o
cd /home/m.tarenskeen/rpmbuild/SOURCES/canorus-0.7svn.R1093/src &amp;&amp; /usr/lib/ccache/c++   -D_CanorusPython_EXPORTS -D__LINUX_ALSASEQ__ -DDEFAULT_DATA_DIR=\&quot;/usr/local/share/canorus\&quot; -DCANORUS_VERSION=\&quot;0.7svn.R1093\&quot; -DUSE_SWIG -DUSE_PYTHON -DQT_DLL -DQT_SVG_LIB -DQT_HELP_LIB -DQT_WEBKIT_LIB -DQT_GUI_LIB -DQT_XML_LIB -DQT_CORE_LIB -O0 -g -fPIC -I/home/m.tarenskeen/rpmbuild/SOURCES/canorus-0.7svn.R1093/src -I/home/m.tarenskeen/rpmbuild/SOURCES/canorus-0.7svn.R1093/src/zlib -I/usr/include/QtSvg -I/usr/include/QtHelp -I/usr/include/QtWebKit -I/usr/include/QtGui -I/usr/include/QtXml -I/usr/include/QtCore -I/usr/include/python2.5   -g -DSWIGCPP -o CMakeFiles/_CanorusPython.dir/score/text.cpp.o -c /home/m.tarenskeen/rpmbuild/SOURCES/canorus-0.7svn.R1093/src/score/text.cpp
/usr/bin/cmake -E cmake_progress_report /home/m.tarenskeen/rpmbuild/SOURCES/canorus-0.7svn.R1093/CMakeFiles 10
[ 14%] Building CXX object src/CMakeFiles/_CanorusPython.dir/score/bookmark.cpp.o
cd /home/m.tarenskeen/rpmbuild/SOURCES/canorus-0.7svn.R1093/src &amp;&amp; /usr/lib/ccache/c++   -D_CanorusPython_EXPORTS -D__LINUX_ALSASEQ__ -DDEFAULT_DATA_DIR=\&quot;/usr/local/share/canorus\&quot; -DCANORUS_VERSION=\&quot;0.7svn.R1093\&quot; -DUSE_SWIG -DUSE_PYTHON -DQT_DLL -DQT_SVG_LIB -DQT_HELP_LIB -DQT_WEBKIT_LIB -DQT_GUI_LIB -DQT_XML_LIB -DQT_CORE_LIB -O0 -g -fPIC -I/home/m.tarenskeen/rpmbuild/SOURCES/canorus-0.7svn.R1093/src -I/home/m.tarenskeen/rpmbuild/SOURCES/canorus-0.7svn.R1093/src/zlib -I/usr/include/QtSvg -I/usr/include/QtHelp -I/usr/include/QtWebKit -I/usr/include/QtGui -I/usr/include/QtXml -I/usr/include/QtCore -I/usr/include/python2.5   -g -DSWIGCPP -o CMakeFiles/_CanorusPython.dir/score/bookmark.cpp.o -c /home/m.tarenskeen/rpmbuild/SOURCES/canorus-0.7svn.R1093/src/score/bookmark.cpp
/usr/bin/cmake -E cmake_progress_report /home/m.tarenskeen/rpmbuild/SOURCES/canorus-0.7svn.R1093/CMakeFiles 
[ 14%] Building CXX object src/CMakeFiles/_CanorusPython.dir/score/fingering.cpp.o
cd /home/m.tarenskeen/rpmbuild/SOURCES/canorus-0.7svn.R1093/src &amp;&amp; /usr/lib/ccache/c++   -D_CanorusPython_EXPORTS -D__LINUX_ALSASEQ__ -DDEFAULT_DATA_DIR=\&quot;/usr/local/share/canorus\&quot; -DCANORUS_VERSION=\&quot;0.7svn.R1093\&quot; -DUSE_SWIG -DUSE_PYTHON -DQT_DLL -DQT_SVG_LIB -DQT_HELP_LIB -DQT_WEBKIT_LIB -DQT_GUI_LIB -DQT_XML_LIB -DQT_CORE_LIB -O0 -g -fPIC -I/home/m.tarenskeen/rpmbuild/SOURCES/canorus-0.7svn.R1093/src -I/home/m.tarenskeen/rpmbuild/SOURCES/canorus-0.7svn.R1093/src/zlib -I/usr/include/QtSvg -I/usr/include/QtHelp -I/usr/include/QtWebKit -I/usr/include/QtGui -I/usr/include/QtXml -I/usr/include/QtCore -I/usr/include/python2.5   -g -DSWIGCPP -o CMakeFiles/_CanorusPython.dir/score/fingering.cpp.o -c /home/m.tarenskeen/rpmbuild/SOURCES/canorus-0.7svn.R1093/src/score/fingering.cpp
/usr/bin/cmake -E cmake_progress_report /home/m.tarenskeen/rpmbuild/SOURCES/canorus-0.7svn.R1093/CMakeFiles 
[ 14%] Building CXX object src/CMakeFiles/_CanorusPython.dir/score/dynamic.cpp.o
cd /home/m.tarenskeen/rpmbuild/SOURCES/canorus-0.7svn.R1093/src &amp;&amp; /usr/lib/ccache/c++   -D_CanorusPython_EXPORTS -D__LINUX_ALSASEQ__ -DDEFAULT_DATA_DIR=\&quot;/usr/local/share/canorus\&quot; -DCANORUS_VERSION=\&quot;0.7svn.R1093\&quot; -DUSE_SWIG -DUSE_PYTHON -DQT_DLL -DQT_SVG_LIB -DQT_HELP_LIB -DQT_WEBKIT_LIB -DQT_GUI_LIB -DQT_XML_LIB -DQT_CORE_LIB -O0 -g -fPIC -I/home/m.tarenskeen/rpmbuild/SOURCES/canorus-0.7svn.R1093/src -I/home/m.tarenskeen/rpmbuild/SOURCES/canorus-0.7svn.R1093/src/zlib -I/usr/include/QtSvg -I/usr/include/QtHelp -I/usr/include/QtWebKit -I/usr/include/QtGui -I/usr/include/QtXml -I/usr/include/QtCore -I/usr/include/python2.5   -g -DSWIGCPP -o CMakeFiles/_CanorusPython.dir/score/dynamic.cpp.o -c /home/m.tarenskeen/rpmbuild/SOURCES/canorus-0.7svn.R1093/src/score/dynamic.cpp
/usr/bin/cmake -E cmake_progress_report /home/m.tarenskeen/rpmbuild/SOURCES/canorus-0.7svn.R1093/CMakeFiles 11
[ 15%] Building CXX object src/CMakeFiles/_CanorusPython.dir/score/crescendo.cpp.o
cd /home/m.tarenskeen/rpmbuild/SOURCES/canorus-0.7svn.R1093/src &amp;&amp; /usr/lib/ccache/c++   -D_CanorusPython_EXPORTS -D__LINUX_ALSASEQ__ -DDEFAULT_DATA_DIR=\&quot;/usr/local/share/canorus\&quot; -DCANORUS_VERSION=\&quot;0.7svn.R1093\&quot; -DUSE_SWIG -DUSE_PYTHON -DQT_DLL -DQT_SVG_LIB -DQT_HELP_LIB -DQT_WEBKIT_LIB -DQT_GUI_LIB -DQT_XML_LIB -DQT_CORE_LIB -O0 -g -fPIC -I/home/m.tarenskeen/rpmbuild/SOURCES/canorus-0.7svn.R1093/src -I/home/m.tarenskeen/rpmbuild/SOURCES/canorus-0.7svn.R1093/src/zlib -I/usr/include/QtSvg -I/usr/include/QtHelp -I/usr/include/QtWebKit -I/usr/include/QtGui -I/usr/include/QtXml -I/usr/include/QtCore -I/usr/include/python2.5   -g -DSWIGCPP -o CMakeFiles/_CanorusPython.dir/score/crescendo.cpp.o -c /home/m.tarenskeen/rpmbuild/SOURCES/canorus-0.7svn.R1093/src/score/crescendo.cpp
/usr/bin/cmake -E cmake_progress_report /home/m.tarenskeen/rpmbuild/SOURCES/canorus-0.7svn.R1093/CMakeFiles 
[ 15%] Building CXX object src/CMakeFiles/_CanorusPython.dir/score/instrumentchange.cpp.o
cd /home/m.tarenskeen/rpmbuild/SOURCES/canorus-0.7svn.R1093/src &amp;&amp; /usr/lib/ccache/c++   -D_CanorusPython_EXPORTS -D__LINUX_ALSASEQ__ -DDEFAULT_DATA_DIR=\&quot;/usr/local/share/canorus\&quot; -DCANORUS_VERSION=\&quot;0.7svn.R1093\&quot; -DUSE_SWIG -DUSE_PYTHON -DQT_DLL -DQT_SVG_LIB -DQT_HELP_LIB -DQT_WEBKIT_LIB -DQT_GUI_LIB -DQT_XML_LIB -DQT_CORE_LIB -O0 -g -fPIC -I/home/m.tarenskeen/rpmbuild/SOURCES/canorus-0.7svn.R1093/src -I/home/m.tarenskeen/rpmbuild/SOURCES/canorus-0.7svn.R1093/src/zlib -I/usr/include/QtSvg -I/usr/include/QtHelp -I/usr/include/QtWebKit -I/usr/include/QtGui -I/usr/include/QtXml -I/usr/include/QtCore -I/usr/include/python2.5   -g -DSWIGCPP -o CMakeFiles/_CanorusPython.dir/score/instrumentchange.cpp.o -c /home/m.tarenskeen/rpmbuild/SOURCES/canorus-0.7svn.R1093/src/score/instrumentchange.cpp
/usr/bin/cmake -E cmake_progress_report /home/m.tarenskeen/rpmbuild/SOURCES/canorus-0.7svn.R1093/CMakeFiles 
[ 15%] Building CXX object src/CMakeFiles/_CanorusPython.dir/score/syllable.cpp.o
cd /home/m.tarenskeen/rpmbuild/SOURCES/canorus-0.7svn.R1093/src &amp;&amp; /usr/lib/ccache/c++   -D_CanorusPython_EXPORTS -D__LINUX_ALSASEQ__ -DDEFAULT_DATA_DIR=\&quot;/usr/local/share/canorus\&quot; -DCANORUS_VERSION=\&quot;0.7svn.R1093\&quot; -DUSE_SWIG -DUSE_PYTHON -DQT_DLL -DQT_SVG_LIB -DQT_HELP_LIB -DQT_WEBKIT_LIB -DQT_GUI_LIB -DQT_XML_LIB -DQT_CORE_LIB -O0 -g -fPIC -I/home/m.tarenskeen/rpmbuild/SOURCES/canorus-0.7svn.R1093/src -I/home/m.tarenskeen/rpmbuild/SOURCES/canorus-0.7svn.R1093/src/zlib -I/usr/include/QtSvg -I/usr/include/QtHelp -I/usr/include/QtWebKit -I/usr/include/QtGui -I/usr/include/QtXml -I/usr/include/QtCore -I/usr/include/python2.5   -g -DSWIGCPP -o CMakeFiles/_CanorusPython.dir/score/syllable.cpp.o -c /home/m.tarenskeen/rpmbuild/SOURCES/canorus-0.7svn.R1093/src/score/syllable.cpp
/usr/bin/cmake -E cmake_progress_report /home/m.tarenskeen/rpmbuild/SOURCES/canorus-0.7svn.R1093/CMakeFiles 12
[ 16%] Building CXX object src/CMakeFiles/_CanorusPython.dir/score/functionmark.cpp.o
cd /home/m.tarenskeen/rpmbuild/SOURCES/canorus-0.7svn.R1093/src &amp;&amp; /usr/lib/ccache/c++   -D_CanorusPython_EXPORTS -D__LINUX_ALSASEQ__ -DDEFAULT_DATA_DIR=\&quot;/usr/local/share/canorus\&quot; -DCANORUS_VERSION=\&quot;0.7svn.R1093\&quot; -DUSE_SWIG -DUSE_PYTHON -DQT_DLL -DQT_SVG_LIB -DQT_HELP_LIB -DQT_WEBKIT_LIB -DQT_GUI_LIB -DQT_XML_LIB -DQT_CORE_LIB -O0 -g -fPIC -I/home/m.tarenskeen/rpmbuild/SOURCES/canorus-0.7svn.R1093/src -I/home/m.tarenskeen/rpmbuild/SOURCES/canorus-0.7svn.R1093/src/zlib -I/usr/include/QtSvg -I/usr/include/QtHelp -I/usr/include/QtWebKit -I/usr/include/QtGui -I/usr/include/QtXml -I/usr/include/QtCore -I/usr/include/python2.5   -g -DSWIGCPP -o CMakeFiles/_CanorusPython.dir/score/functionmark.cpp.o -c /home/m.tarenskeen/rpmbuild/SOURCES/canorus-0.7svn.R1093/src/score/functionmark.cpp
/usr/bin/cmake -E cmake_progress_report /home/m.tarenskeen/rpmbuild/SOURCES/canorus-0.7svn.R1093/CMakeFiles 
[ 16%] Building CXX object src/CMakeFiles/_CanorusPython.dir/core/transpose.cpp.o
cd /home/m.tarenskeen/rpmbuild/SOURCES/canorus-0.7svn.R1093/src &amp;&amp; /usr/lib/ccache/c++   -D_CanorusPython_EXPORTS -D__LINUX_ALSASEQ__ -DDEFAULT_DATA_DIR=\&quot;/usr/local/share/canorus\&quot; -DCANORUS_VERSION=\&quot;0.7svn.R1093\&quot; -DUSE_SWIG -DUSE_PYTHON -DQT_DLL -DQT_SVG_LIB -DQT_HELP_LIB -DQT_WEBKIT_LIB -DQT_GUI_LIB -DQT_XML_LIB -DQT_CORE_LIB -O0 -g -fPIC -I/home/m.tarenskeen/rpmbuild/SOURCES/canorus-0.7svn.R1093/src -I/home/m.tarenskeen/rpmbuild/SOURCES/canorus-0.7svn.R1093/src/zlib -I/usr/include/QtSvg -I/usr/include/QtHelp -I/usr/include/QtWebKit -I/usr/include/QtGui -I/usr/include/QtXml -I/usr/include/QtCore -I/usr/include/python2.5   -g -DSWIGCPP -o CMakeFiles/_CanorusPython.dir/core/transpose.cpp.o -c /home/m.tarenskeen/rpmbuild/SOURCES/canorus-0.7svn.R1093/src/core/transpose.cpp
/usr/bin/cmake -E cmake_progress_report /home/m.tarenskeen/rpmbuild/SOURCES/canorus-0.7svn.R1093/CMakeFiles 
[ 16%] Building CXX object src/CMakeFiles/_CanorusPython.dir/core/settings.cpp.o
cd /home/m.tarenskeen/rpmbuild/SOURCES/canorus-0.7svn.R1093/src &amp;&amp; /usr/lib/ccache/c++   -D_CanorusPython_EXPORTS -D__LINUX_ALSASEQ__ -DDEFAULT_DATA_DIR=\&quot;/usr/local/share/canorus\&quot; -DCANORUS_VERSION=\&quot;0.7svn.R1093\&quot; -DUSE_SWIG -DUSE_PYTHON -DQT_DLL -DQT_SVG_LIB -DQT_HELP_LIB -DQT_WEBKIT_LIB -DQT_GUI_LIB -DQT_XML_LIB -DQT_CORE_LIB -O0 -g -fPIC -I/home/m.tarenskeen/rpmbuild/SOURCES/canorus-0.7svn.R1093/src -I/home/m.tarenskeen/rpmbuild/SOURCES/canorus-0.7svn.R1093/src/zlib -I/usr/include/QtSvg -I/usr/include/QtHelp -I/usr/include/QtWebKit -I/usr/include/QtGui -I/usr/include/QtXml -I/usr/include/QtCore -I/usr/include/python2.5   -g -DSWIGCPP -o CMakeFiles/_CanorusPython.dir/core/settings.cpp.o -c /home/m.tarenskeen/rpmbuild/SOURCES/canorus-0.7svn.R1093/src/core/settings.cpp
/usr/bin/cmake -E cmake_progress_report /home/m.tarenskeen/rpmbuild/SOURCES/canorus-0.7svn.R1093/CMakeFiles 13
[ 17%] Building CXX object src/CMakeFiles/_CanorusPython.dir/core/file.cpp.o
cd /home/m.tarenskeen/rpmbuild/SOURCES/canorus-0.7svn.R1093/src &amp;&amp; /usr/lib/ccache/c++   -D_CanorusPython_EXPORTS -D__LINUX_ALSASEQ__ -DDEFAULT_DATA_DIR=\&quot;/usr/local/share/canorus\&quot; -DCANORUS_VERSION=\&quot;0.7svn.R1093\&quot; -DUSE_SWIG -DUSE_PYTHON -DQT_DLL -DQT_SVG_LIB -DQT_HELP_LIB -DQT_WEBKIT_LIB -DQT_GUI_LIB -DQT_XML_LIB -DQT_CORE_LIB -O0 -g -fPIC -I/home/m.tarenskeen/rpmbuild/SOURCES/canorus-0.7svn.R1093/src -I/home/m.tarenskeen/rpmbuild/SOURCES/canorus-0.7svn.R1093/src/zlib -I/usr/include/QtSvg -I/usr/include/QtHelp -I/usr/include/QtWebKit -I/usr/include/QtGui -I/usr/include/QtXml -I/usr/include/QtCore -I/usr/include/python2.5   -g -DSWIGCPP -o CMakeFiles/_CanorusPython.dir/core/file.cpp.o -c /home/m.tarenskeen/rpmbuild/SOURCES/canorus-0.7svn.R1093/src/core/file.cpp
/usr/bin/cmake -E cmake_progress_report /home/m.tarenskeen/rpmbuild/SOURCES/canorus-0.7svn.R1093/CMakeFiles 
[ 17%] Building CXX object src/CMakeFiles/_CanorusPython.dir/core/tar.cpp.o
cd /home/m.tarenskeen/rpmbuild/SOURCES/canorus-0.7svn.R1093/src &amp;&amp; /usr/lib/ccache/c++   -D_CanorusPython_EXPORTS -D__LINUX_ALSASEQ__ -DDEFAULT_DATA_DIR=\&quot;/usr/local/share/canorus\&quot; -DCANORUS_VERSION=\&quot;0.7svn.R1093\&quot; -DUSE_SWIG -DUSE_PYTHON -DQT_DLL -DQT_SVG_LIB -DQT_HELP_LIB -DQT_WEBKIT_LIB -DQT_GUI_LIB -DQT_XML_LIB -DQT_CORE_LIB -O0 -g -fPIC -I/home/m.tarenskeen/rpmbuild/SOURCES/canorus-0.7svn.R1093/src -I/home/m.tarenskeen/rpmbuild/SOURCES/canorus-0.7svn.R1093/src/zlib -I/usr/include/QtSvg -I/usr/include/QtHelp -I/usr/include/QtWebKit -I/usr/include/QtGui -I/usr/include/QtXml -I/usr/include/QtCore -I/usr/include/python2.5   -g -DSWIGCPP -o CMakeFiles/_CanorusPython.dir/core/tar.cpp.o -c /home/m.tarenskeen/rpmbuild/SOURCES/canorus-0.7svn.R1093/src/core/tar.cpp
/usr/bin/cmake -E cmake_progress_report /home/m.tarenskeen/rpmbuild/SOURCES/canorus-0.7svn.R1093/CMakeFiles 
[ 17%] Building CXX object src/CMakeFiles/_CanorusPython.dir/core/archive.cpp.o
cd /home/m.tarenskeen/rpmbuild/SOURCES/canorus-0.7svn.R1093/src &amp;&amp; /usr/lib/ccache/c++   -D_CanorusPython_EXPORTS -D__LINUX_ALSASEQ__ -DDEFAULT_DATA_DIR=\&quot;/usr/local/share/canorus\&quot; -DCANORUS_VERSION=\&quot;0.7svn.R1093\&quot; -DUSE_SWIG -DUSE_PYTHON -DQT_DLL -DQT_SVG_LIB -DQT_HELP_LIB -DQT_WEBKIT_LIB -DQT_GUI_LIB -DQT_XML_LIB -DQT_CORE_LIB -O0 -g -fPIC -I/home/m.tarenskeen/rpmbuild/SOURCES/canorus-0.7svn.R1093/src -I/home/m.tarenskeen/rpmbuild/SOURCES/canorus-0.7svn.R1093/src/zlib -I/usr/include/QtSvg -I/usr/include/QtHelp -I/usr/include/QtWebKit -I/usr/include/QtGui -I/usr/include/QtXml -I/usr/include/QtCore -I/usr/include/python2.5   -g -DSWIGCPP -o CMakeFiles/_CanorusPython.dir/core/archive.cpp.o -c /home/m.tarenskeen/rpmbuild/SOURCES/canorus-0.7svn.R1093/src/core/archive.cpp
/usr/bin/cmake -E cmake_progress_report /home/m.tarenskeen/rpmbuild/SOURCES/canorus-0.7svn.R1093/CMakeFiles 14
[ 18%] Building CXX object src/CMakeFiles/_CanorusPython.dir/core/midirecorder.cpp.o
cd /home/m.tarenskeen/rpmbuild/SOURCES/canorus-0.7svn.R1093/src &amp;&amp; /usr/lib/ccache/c++   -D_CanorusPython_EXPORTS -D__LINUX_ALSASEQ__ -DDEFAULT_DATA_DIR=\&quot;/usr/local/share/canorus\&quot; -DCANORUS_VERSION=\&quot;0.7svn.R1093\&quot; -DUSE_SWIG -DUSE_PYTHON -DQT_DLL -DQT_SVG_LIB -DQT_HELP_LIB -DQT_WEBKIT_LIB -DQT_GUI_LIB -DQT_XML_LIB -DQT_CORE_LIB -O0 -g -fPIC -I/home/m.tarenskeen/rpmbuild/SOURCES/canorus-0.7svn.R1093/src -I/home/m.tarenskeen/rpmbuild/SOURCES/canorus-0.7svn.R1093/src/zlib -I/usr/include/QtSvg -I/usr/include/QtHelp -I/usr/include/QtWebKit -I/usr/include/QtGui -I/usr/include/QtXml -I/usr/include/QtCore -I/usr/include/python2.5   -g -DSWIGCPP -o CMakeFiles/_CanorusPython.dir/core/midirecorder.cpp.o -c /home/m.tarenskeen/rpmbuild/SOURCES/canorus-0.7svn.R1093/src/core/midirecorder.cpp
/home/m.tarenskeen/rpmbuild/SOURCES/canorus-0.7svn.R1093/src/core/midirecorder.cpp: In member function 'void CAMidiRecorder::startRecording(int)':
/home/m.tarenskeen/rpmbuild/SOURCES/canorus-0.7svn.R1093/src/core/midirecorder.cpp:46: error: cannot allocate an object of abstract type 'CAMidiExport'
/home/m.tarenskeen/rpmbuild/SOURCES/canorus-0.7svn.R1093/src/export/midiexport.h:32: note:   because the following virtual functions are pure within 'CAMidiExport':
/home/m.tarenskeen/rpmbuild/SOURCES/canorus-0.7svn.R1093/src/interface/mididevice.h:79: note: 	virtual void CAMidiDevice::send(QVector&lt;unsigned char&gt;, int)
/home/m.tarenskeen/rpmbuild/SOURCES/canorus-0.7svn.R1093/src/core/midirecorder.cpp: In member function 'void CAMidiRecorder::onMidiInEvent(QVector&lt;unsigned char&gt;)':
/home/m.tarenskeen/rpmbuild/SOURCES/canorus-0.7svn.R1093/src/core/midirecorder.cpp:78: error: no matching function for call to 'CAMidiExport::send(QVector&lt;unsigned char&gt;&amp;, unsigned int)'
/home/m.tarenskeen/rpmbuild/SOURCES/canorus-0.7svn.R1093/src/export/midiexport.h:48: note: candidates are: void CAMidiExport::send(QVector&lt;unsigned char&gt;, int, int)
make[2]: *** [src/CMakeFiles/_CanorusPython.dir/core/midirecorder.cpp.o] Error 1
make[2]: Leaving directory `/home/m.tarenskeen/rpmbuild/SOURCES/canorus-0.7svn.R1093'
make[1]: *** [src/CMakeFiles/_CanorusPython.dir/all] Error 2
make[1]: Leaving directory `/home/m.tarenskeen/rpmbuild/SOURCES/canorus-0.7svn.R1093'
make: *** [all] Error 2
</PRE>

<!--endarticle-->
    <HR>
    <P><UL>
        <!--threads-->
	<LI>Previous message: <A HREF="000254.html">[Canorus-user] canorus build problem
</A></li>
	<LI>Next message: <A HREF="000258.html">[Canorus-user] canorus build problem
</A></li>
         <LI> <B>Messages sorted by:</B> 
              <a href="date.html#256">[ date ]</a>
              <a href="thread.html#256">[ thread ]</a>
              <a href="subject.html#256">[ subject ]</a>
              <a href="author.html#256">[ author ]</a>
         </LI>
       </UL>

<hr>
<a href="https://lists.berlios.de/mailman/listinfo/canorus-user">More information about the Canorus-user
mailing list</a><br>
</body></html>
