<!DOCTYPE HTML PUBLIC "-//W3C//DTD HTML 4.01 Transitional//EN">
<HTML>
 <HEAD>
   <TITLE> [Canorus-user] canorus build problem
   </TITLE>
   <LINK REL="Index" HREF="http://lists.berlios.de/pipermail/canorus-user/2009-June/index.html" >
   <LINK REL="made" HREF="mailto:canorus-user%40lists.berlios.de?Subject=Re%3A%20%5BCanorus-user%5D%20canorus%20build%20problem&In-Reply-To=%3C4A2429A1.5010408%40gmail.com%3E">
   <META NAME="robots" CONTENT="index,nofollow">
   <style type="text/css">
       pre {
           white-space: pre-wrap;       /* css-2.1, curent FF, Opera, Safari */
           }
   </style>
   <META http-equiv="Content-Type" content="text/html; charset=us-ascii">
   <LINK REL="Previous"  HREF="000250.html">
   <LINK REL="Next"  HREF="000253.html">
 </HEAD>
 <BODY BGCOLOR="#ffffff">
   <H1>[Canorus-user] canorus build problem</H1>
    <B>Matev&#382; Jekovec</B> 
    <A HREF="mailto:canorus-user%40lists.berlios.de?Subject=Re%3A%20%5BCanorus-user%5D%20canorus%20build%20problem&In-Reply-To=%3C4A2429A1.5010408%40gmail.com%3E"
       TITLE="[Canorus-user] canorus build problem">matevz.jekovec at gmail.com
       </A><BR>
    <I>Mon Jun  1 21:18:57 CEST 2009</I>
    <P><UL>
        <LI>Previous message: <A HREF="000250.html">[Canorus-user] canorus build problem
</A></li>
        <LI>Next message: <A HREF="000253.html">[Canorus-user] canorus build problem
</A></li>
         <LI> <B>Messages sorted by:</B> 
              <a href="date.html#251">[ date ]</a>
              <a href="thread.html#251">[ thread ]</a>
              <a href="subject.html#251">[ subject ]</a>
              <a href="author.html#251">[ author ]</a>
         </LI>
       </UL>
    <HR>  
<!--beginarticle-->
<PRE>Hi Martin.

What version of CMake do you have? Do you have qt4-dev tools installed 
(uic and moc)? Looks like somehow ui_settingsdialog.h doesn't get 
generated. CMake should do this by calling &quot;uic settingsdialog.ui &gt; 
ui_settingsdialog.h&quot;.


Regards.
-Matev&#382;

Martin Tarenskeen pravi:
&gt;<i> I'm trying to compile canorus-0.7svn.R1091. But it looks like I'm 
</I>&gt;<i> missing something. I get stuck with:
</I>&gt;<i>
</I>&gt;<i> [ 18%] Building CXX object src/CMakeFiles/_CanorusPython.dir/core/muselementfactory.cpp.o
</I>&gt;<i> In file included from /home/m.tarenskeen/rpmbuild/BUILD/canorus-0.7svn.R1091/src/canorus.h:12,
</I>&gt;<i>                  from /home/m.tarenskeen/rpmbuild/BUILD/canorus-0.7svn.R1091/src/core/muselementfactory.cpp:21:
</I>&gt;<i> /home/m.tarenskeen/rpmbuild/BUILD/canorus-0.7svn.R1091/src/ui/settingsdialog.h:15:31: error: ui_settingsdialog.h: No such file or directory
</I>&gt;<i> In file included from /home/m.tarenskeen/rpmbuild/BUILD/canorus-0.7svn.R1091/src/canorus.h:13,
</I>&gt;<i>                  from /home/m.tarenskeen/rpmbuild/BUILD/canorus-0.7svn.R1091/src/core/muselementfactory.cpp:21:
</I>&gt;<i> /home/m.tarenskeen/rpmbuild/BUILD/canorus-0.7svn.R1091/src/ui/mainwin.h:17:24: error: ui_mainwin.h: No such file or directory
</I>&gt;<i> In file included from /home/m.tarenskeen/rpmbuild/BUILD/canorus-0.7svn.R1091/src/score/barline.h:12,
</I>&gt;<i>                  from /home/m.tarenskeen/rpmbuild/BUILD/canorus-0.7svn.R1091/src/core/muselementfactory.h:12,
</I>&gt;<i>                  from /home/m.tarenskeen/rpmbuild/BUILD/canorus-0.7svn.R1091/src/core/muselementfactory.cpp:10:
</I>&gt;<i> /home/m.tarenskeen/rpmbuild/BUILD/canorus-0.7svn.R1091/src/score/muselement.h: In member function 'CAContext* CAMusElement::setContext(CAContext*)':
</I>&gt;<i> /home/m.tarenskeen/rpmbuild/BUILD/canorus-0.7svn.R1091/src/score/muselement.h:47: warning: no return statement in function returning non-void
</I>&gt;<i> In file included from /home/m.tarenskeen/rpmbuild/BUILD/canorus-0.7svn.R1091/src/score/note.h:12,
</I>&gt;<i>                  from /home/m.tarenskeen/rpmbuild/BUILD/canorus-0.7svn.R1091/src/score/voice.h:14,
</I>&gt;<i>                  from /home/m.tarenskeen/rpmbuild/BUILD/canorus-0.7svn.R1091/src/core/muselementfactory.h:19,
</I>&gt;<i>                  from /home/m.tarenskeen/rpmbuild/BUILD/canorus-0.7svn.R1091/src/core/muselementfactory.cpp:10:
</I>&gt;<i> /home/m.tarenskeen/rpmbuild/BUILD/canorus-0.7svn.R1091/src/score/playable.h: In member function 'virtual CAPlayable* CAPlayable::clone(CAContext*)':
</I>&gt;<i> /home/m.tarenskeen/rpmbuild/BUILD/canorus-0.7svn.R1091/src/score/playable.h:25: warning: no return statement in function returning non-void
</I>&gt;<i> In file included from /home/m.tarenskeen/rpmbuild/BUILD/canorus-0.7svn.R1091/src/core/muselementfactory.h:25,
</I>&gt;<i>                  from /home/m.tarenskeen/rpmbuild/BUILD/canorus-0.7svn.R1091/src/core/muselementfactory.cpp:10:
</I>&gt;<i> /home/m.tarenskeen/rpmbuild/BUILD/canorus-0.7svn.R1091/src/score/mark.h: In member function 'virtual CAMark* CAMark::clone(CAContext*)':
</I>&gt;<i> /home/m.tarenskeen/rpmbuild/BUILD/canorus-0.7svn.R1091/src/score/mark.h:38: warning: no return statement in function returning non-void
</I>&gt;<i> In file included from /home/m.tarenskeen/rpmbuild/BUILD/canorus-0.7svn.R1091/src/core/muselementfactory.h:26,
</I>&gt;<i>                  from /home/m.tarenskeen/rpmbuild/BUILD/canorus-0.7svn.R1091/src/core/muselementfactory.cpp:10:
</I>&gt;<i> /home/m.tarenskeen/rpmbuild/BUILD/canorus-0.7svn.R1091/src/score/articulation.h: In member function 'void* CAArticulation::setAssociatedNote(CANote*)':
</I>&gt;<i> /home/m.tarenskeen/rpmbuild/BUILD/canorus-0.7svn.R1091/src/score/articulation.h:53: warning: no return statement in function returning non-void
</I>&gt;<i> In file included from /home/m.tarenskeen/rpmbuild/BUILD/canorus-0.7svn.R1091/src/canorus.h:12,
</I>&gt;<i>                  from /home/m.tarenskeen/rpmbuild/BUILD/canorus-0.7svn.R1091/src/core/muselementfactory.cpp:21:
</I>&gt;<i> /home/m.tarenskeen/rpmbuild/BUILD/canorus-0.7svn.R1091/src/ui/settingsdialog.h: At global scope:
</I>&gt;<i> /home/m.tarenskeen/rpmbuild/BUILD/canorus-0.7svn.R1091/src/ui/settingsdialog.h:20: error: 'Ui' has not been declared
</I>&gt;<i> /home/m.tarenskeen/rpmbuild/BUILD/canorus-0.7svn.R1091/src/ui/settingsdialog.h:20: error: expected `{' before 'uiSettingsDialog'
</I>&gt;<i> /home/m.tarenskeen/rpmbuild/BUILD/canorus-0.7svn.R1091/src/ui/settingsdialog.h:20: error: function definition does not declare parameters
</I>&gt;<i> In file included from /home/m.tarenskeen/rpmbuild/BUILD/canorus-0.7svn.R1091/src/ui/mainwin.h:27,
</I>&gt;<i>                  from /home/m.tarenskeen/rpmbuild/BUILD/canorus-0.7svn.R1091/src/canorus.h:13,
</I>&gt;<i>                  from /home/m.tarenskeen/rpmbuild/BUILD/canorus-0.7svn.R1091/src/core/muselementfactory.cpp:21:
</I>&gt;<i> /home/m.tarenskeen/rpmbuild/BUILD/canorus-0.7svn.R1091/src/interface/pyconsoleinterface.h: In member function 'char* CAPyConsoleInterface::bufferedInput(char*)':
</I>&gt;<i> /home/m.tarenskeen/rpmbuild/BUILD/canorus-0.7svn.R1091/src/interface/pyconsoleinterface.h:24: warning: no return statement in function returning non-void
</I>&gt;<i> In file included from /home/m.tarenskeen/rpmbuild/BUILD/canorus-0.7svn.R1091/src/canorus.h:13,
</I>&gt;<i>                  from /home/m.tarenskeen/rpmbuild/BUILD/canorus-0.7svn.R1091/src/core/muselementfactory.cpp:21:
</I>&gt;<i> /home/m.tarenskeen/rpmbuild/BUILD/canorus-0.7svn.R1091/src/ui/mainwin.h: At global scope:
</I>&gt;<i> /home/m.tarenskeen/rpmbuild/BUILD/canorus-0.7svn.R1091/src/ui/mainwin.h:61: error: expected class-name before ',' token
</I>&gt;<i> /home/m.tarenskeen/rpmbuild/BUILD/canorus-0.7svn.R1091/src/ui/mainwin.h:61: error: 'Ui' has not been declared
</I>&gt;<i> /home/m.tarenskeen/rpmbuild/BUILD/canorus-0.7svn.R1091/src/ui/mainwin.h:61: error: expected `{' before 'uiMainWindow'
</I>&gt;<i> /home/m.tarenskeen/rpmbuild/BUILD/canorus-0.7svn.R1091/src/ui/mainwin.h:61: error: function definition does not declare parameters
</I>&gt;<i> In file included from /home/m.tarenskeen/rpmbuild/BUILD/canorus-0.7svn.R1091/src/core/muselementfactory.cpp:21:
</I>&gt;<i> /home/m.tarenskeen/rpmbuild/BUILD/canorus-0.7svn.R1091/src/canorus.h:30: error: 'CASettingsPage' in class 'CASettingsDialog' does not name a type
</I>&gt;<i> /home/m.tarenskeen/rpmbuild/BUILD/canorus-0.7svn.R1091/src/canorus.h: In static member function 'static void CACanorus::removeView(CAView*)':
</I>&gt;<i> /home/m.tarenskeen/rpmbuild/BUILD/canorus-0.7svn.R1091/src/canorus.h:52: error: invalid use of incomplete type 'class CAMainWin'
</I>&gt;<i> /home/m.tarenskeen/rpmbuild/BUILD/canorus-0.7svn.R1091/src/control/mainwinprogressctl.h:13: error: forward declaration of 'class CAMainWin'
</I>&gt;<i> /home/m.tarenskeen/rpmbuild/BUILD/canorus-0.7svn.R1091/src/canorus.h: In static member function 'static void CACanorus::restartTimeEditedTimes(CADocument*)':
</I>&gt;<i> /home/m.tarenskeen/rpmbuild/BUILD/canorus-0.7svn.R1091/src/canorus.h:53: error: invalid use of incomplete type 'class CAMainWin'
</I>&gt;<i> /home/m.tarenskeen/rpmbuild/BUILD/canorus-0.7svn.R1091/src/control/mainwinprogressctl.h:13: error: forward declaration of 'class CAMainWin'
</I>&gt;<i> /home/m.tarenskeen/rpmbuild/BUILD/canorus-0.7svn.R1091/src/canorus.h:53: error: invalid use of incomplete type 'class CAMainWin'
</I>&gt;<i> /home/m.tarenskeen/rpmbuild/BUILD/canorus-0.7svn.R1091/src/control/mainwinprogressctl.h:13: error: forward declaration of 'class CAMainWin'
</I>&gt;<i> /home/m.tarenskeen/rpmbuild/BUILD/canorus-0.7svn.R1091/src/core/muselementfactory.cpp: In member function 'bool CAMusElementFactory::configureMark(CAMusElement*)':
</I>&gt;<i> /home/m.tarenskeen/rpmbuild/BUILD/canorus-0.7svn.R1091/src/core/muselementfactory.cpp:321: warning: enumeration value 'Undefined' not handled in switch
</I>&gt;<i> make[2]: *** [src/CMakeFiles/_CanorusPython.dir/core/muselementfactory.cpp.o] Error 1
</I>&gt;<i> make[1]: *** [src/CMakeFiles/_CanorusPython.dir/all] Error 2
</I>&gt;<i> make: *** [all] Error 2
</I>&gt;<i> fout: Bad exit status from /var/tmp/rpm-tmp.bYuW9e (%build)
</I>&gt;<i>
</I>&gt;<i>
</I>&gt;<i> RPM build errors:
</I>&gt;<i>     Bad exit status from /var/tmp/rpm-tmp.bYuW9e (%build)
</I>&gt;<i>
</I>&gt;<i>
</I>&gt;<i>   
</I>

</PRE>

<!--endarticle-->
    <HR>
    <P><UL>
        <!--threads-->
	<LI>Previous message: <A HREF="000250.html">[Canorus-user] canorus build problem
</A></li>
	<LI>Next message: <A HREF="000253.html">[Canorus-user] canorus build problem
</A></li>
         <LI> <B>Messages sorted by:</B> 
              <a href="date.html#251">[ date ]</a>
              <a href="thread.html#251">[ thread ]</a>
              <a href="subject.html#251">[ subject ]</a>
              <a href="author.html#251">[ author ]</a>
         </LI>
       </UL>

<hr>
<a href="https://lists.berlios.de/mailman/listinfo/canorus-user">More information about the Canorus-user
mailing list</a><br>
</body></html>
